[16:38:00] [main/INFO]: Loading Minecraft 1.20.1 with Fabric Loader 0.17.2
[16:38:01] [ForkJoinPool-1-worker-1/WARN]: The mod "tcdcommons" contains invalid entries in its mod json:
- Unsupported root entry "" at line 27 column 4
- Unsupported root entry "" at line 27 column 198
- Unsupported root entry "" at line 29 column 4
- Unsupported root entry "" at line 29 column 24
[16:38:01] [ForkJoinPool-1-worker-1/WARN]: The mod "betterstats" contains invalid entries in its mod json:
- Unsupported root entry "" at line 26 column 4
- Unsupported root entry "" at line 26 column 92
- Unsupported root entry "" at line 28 column 4
- Unsupported root entry "" at line 28 column 24
[16:38:01] [ForkJoinPool-1-worker-4/WARN]: Mod mr_dungeons_andtaverns uses the version 3.0.3.f which isn't compatible with Loader's extended semantic version format (Could not parse version number component 'f'!), SemVer is recommended for reliably evaluating dependencies and prioritizing newer version
[16:38:01] [main/INFO]: Loading 186 mods:
	- accessories 1.0.0-beta.47+1.20.1
	   |-- io_wispforest_endec 0.1.8
	   |-- io_wispforest_endec_gson 0.1.5
	   \-- io_wispforest_endec_netty 0.1.4
	- architectury 9.2.14
	- bclib 3.0.14
	   \-- wunderlib 1.1.5
	- betterdeserttemples 1.20-Fabric-3.0.3
	   \-- org_reflections_reflections 0.10.2
	- betterendisland 1.20-Fabric-2.0.6
	- betterfortresses 1.20-Fabric-2.0.6
	- betteroceanmonuments 1.20-Fabric-3.0.4
	- betterstats 3.12.6+fabric-1.20.1
	- bettervillage 3.3.0
	- bigendcitiesmod 1.20.1-1.0.4
	- bodiesbodies 1.0.1
	- cardinal-components 5.2.3
	   |-- cardinal-components-base 5.2.3
	   |-- cardinal-components-block 5.2.3
	   |-- cardinal-components-chunk 5.2.3
	   |-- cardinal-components-entity 5.2.3
	   |-- cardinal-components-item 5.2.3
	   |-- cardinal-components-level 5.2.3
	   |-- cardinal-components-scoreboard 5.2.3
	   \-- cardinal-components-world 5.2.3
	- cavedust 3.0.0
	   \-- kirin 1.15.6+1.20.1
	- cloth-config 11.1.136
	   \-- cloth-basic-math 0.6.1
	- collective 7.84
	- creeperoverhaul 3.0.2
	- crops_love_rain 1.4.0
	   \-- cactusconfig 2.1.1+knot+1.20.1
	        |-- fabric-rendering-v1 3.0.6+b3afc78b77
	        \-- spruceui 5.0.0+1.20
	- ctov 3.4.14
	- customizableelytra 2.1.2+1.20
	- deeperdarker 1.3.3
	   \-- customportalapi 0.0.1-beta64-1.20
	- easyshulkerboxes 8.0.2
	   \-- puzzlesapi 8.1.6
	        \-- puzzlesaccessapi 8.0.9
	- ecologics 2.2.2
	- endermanoverhaul 1.0.4
	- endrem 5.2.4
	- fabric-api 0.92.6+1.20.1
	   |-- fabric-api-base 0.4.32+1802ada577
	   |-- fabric-api-lookup-api-v1 1.6.37+1802ada577
	   |-- fabric-biome-api-v1 13.0.14+1802ada577
	   |-- fabric-block-api-v1 1.0.12+1802ada577
	   |-- fabric-block-view-api-v2 1.0.3+924f046a77
	   |-- fabric-blockrenderlayer-v1 1.1.42+1802ada577
	   |-- fabric-client-tags-api-v1 1.1.3+1802ada577
	   |-- fabric-command-api-v1 1.2.35+f71b366f77
	   |-- fabric-command-api-v2 2.2.14+1802ada577
	   |-- fabric-commands-v0 0.2.52+df3654b377
	   |-- fabric-containers-v0 0.1.67+df3654b377
	   |-- fabric-content-registries-v0 4.0.13+1802ada577
	   |-- fabric-convention-tags-v1 1.5.6+1802ada577
	   |-- fabric-crash-report-info-v1 0.2.20+1802ada577
	   |-- fabric-data-attachment-api-v1 1.0.2+de0fd6d177
	   |-- fabric-data-generation-api-v1 12.3.7+1802ada577
	   |-- fabric-dimensions-v1 2.1.55+1802ada577
	   |-- fabric-entity-events-v1 1.6.1+1c78457f77
	   |-- fabric-events-interaction-v0 0.6.5+13a40c6677
	   |-- fabric-events-lifecycle-v0 0.2.64+df3654b377
	   |-- fabric-game-rule-api-v1 1.0.41+1802ada577
	   |-- fabric-item-api-v1 2.1.29+1802ada577
	   |-- fabric-item-group-api-v1 4.0.14+1802ada577
	   |-- fabric-key-binding-api-v1 1.0.38+1802ada577
	   |-- fabric-keybindings-v0 0.2.36+df3654b377
	   |-- fabric-lifecycle-events-v1 2.2.23+1802ada577
	   |-- fabric-loot-api-v2 1.2.3+1802ada577
	   |-- fabric-loot-tables-v1 1.1.47+9e7660c677
	   |-- fabric-message-api-v1 5.1.10+1802ada577
	   |-- fabric-mining-level-api-v1 2.1.52+1802ada577
	   |-- fabric-model-loading-api-v1 1.0.4+1802ada577
	   |-- fabric-models-v0 0.4.3+9386d8a777
	   |-- fabric-networking-api-v1 1.3.14+a158aa0477
	   |-- fabric-networking-v0 0.3.54+df3654b377
	   |-- fabric-object-builder-api-v1 11.1.5+e35120df77
	   |-- fabric-particles-v1 1.1.3+1802ada577
	   |-- fabric-recipe-api-v1 1.0.24+1802ada577
	   |-- fabric-registry-sync-v0 2.3.6+1802ada577
	   |-- fabric-renderer-api-v1 3.2.2+1802ada577
	   |-- fabric-renderer-indigo 1.5.3+85287f9f77
	   |-- fabric-renderer-registries-v1 3.2.47+df3654b377
	   |-- fabric-rendering-data-attachment-v1 0.3.39+92a0d36777
	   |-- fabric-rendering-fluids-v1 3.0.29+1802ada577
	   |-- fabric-rendering-v0 1.1.50+df3654b377
	   |-- fabric-rendering-v1 3.0.9+1802ada577
	   |-- fabric-resource-conditions-api-v1 2.3.9+1802ada577
	   |-- fabric-resource-loader-v0 0.11.12+fb82e9d777
	   |-- fabric-screen-api-v1 2.0.9+1802ada577
	   |-- fabric-screen-handler-api-v1 1.3.33+1802ada577
	   |-- fabric-sound-api-v1 1.0.14+1802ada577
	   |-- fabric-transfer-api-v1 3.3.6+8dd72ea377
	   \-- fabric-transitive-access-wideners-v1 4.3.2+1802ada577
	- fabric-language-kotlin 1.13.0+kotlin.2.1.0
	   |-- org_jetbrains_kotlin_kotlin-reflect 2.1.0
	   |-- org_jetbrains_kotlin_kotlin-stdlib 2.1.0
	   |-- org_jetbrains_kotlin_kotlin-stdlib-jdk7 2.1.0
	   |-- org_jetbrains_kotlin_kotlin-stdlib-jdk8 2.1.0
	   |-- org_jetbrains_kotlinx_atomicfu-jvm 0.26.1
	   |-- org_jetbrains_kotlinx_kotlinx-coroutines-core-jvm 1.9.0
	   |-- org_jetbrains_kotlinx_kotlinx-coroutines-jdk8 1.9.0
	   |-- org_jetbrains_kotlinx_kotlinx-datetime-jvm 0.6.1
	   |-- org_jetbrains_kotlinx_kotlinx-io-bytestring-jvm 0.6.0
	   |-- org_jetbrains_kotlinx_kotlinx-io-core-jvm 0.6.0
	   |-- org_jetbrains_kotlinx_kotlinx-serialization-cbor-jvm 1.7.3
	   |-- org_jetbrains_kotlinx_kotlinx-serialization-core-jvm 1.7.3
	   \-- org_jetbrains_kotlinx_kotlinx-serialization-json-jvm 1.7.3
	- fabricloader 0.17.2
	   \-- mixinextras 0.5.0
	- ferritecore 6.0.1
	- forgeconfigapiport 8.0.2
	- formations 1.0.3
	- formationsnether 1.0.5
	- formationsoverworld 1.0.4
	- friendsandfoes 3.0.9
	   \-- reach-entity-attributes 2.4.0
	- fzzy_config 0.7.2+1.20.1
	   |-- blue_endless_jankson 1.2.3
	   |-- fabric-permissions-api-v0 0.3.1
	   \-- net_peanuuutz_tomlkt_tomlkt-jvm 0.3.7
	- geckolib 4.8.2
	   \-- com_eliotlash_mclib_mclib 20
	- glowing-torchflower 1.1.0
	- grindenchantments 3.1.4+1.20.1
	   \-- codec-config-api 3.0.1+1.20.1
	- hopobettermineshaft 1.2.2
	- hopobetterruinedportal 1.3.7
	- hopobetterunderwaterruins 1.1.5
	- horsebuff 2.1.2
	   \-- fabric-screen-api-v1 2.0.6+b3afc78b27
	- iceberg 1.1.25
	- immersivelanterns 1.0.4
	- incendium 5.3.5
	- jamlib 0.6.1+1.20.x
	- java 21
	- ksyxis 1.3.4
	- lazydfu 0.1.3
	- libraryferret 4.0.0
	- lithium 0.11.2
	- lithostitched 1.4.7
	- mediumcore 1.0.0
	- mes 1.4.6-1.20-fabric
	- minecraft 1.20.1
	- mns 1.0.1-1.20-fabric
	- modernfix 5.19.4+mc1.20.1
	- moremobvariants 1.3.1
	- mr_dungeons_andtaverns 3.0.3.f
	- mr_dungeons_andtavernsstrongholdrework 1
	- mr_edf_remastered 4.3
	- mr_mastercutter 1.1
	- mr_true_ending 1-v1.1.0c
	- netherexp 2.1.3
	- nullscape 1.2.7
	- owo 0.11.2+1.20
	- paraglider 20.1.3
	- platform 1.2.10.1
	- puzzleslib 8.1.24
	- resourcefulconfig 2.1.3
	- resourcefullib 2.1.29
	   |-- com_teamresourceful_bytecodecs 1.0.2
	   \-- com_teamresourceful_yabn 1.0.3
	- rightclickharvest 3.2.3+1.19.x-1.20.1-fabric
	- roughlyenoughitems 12.1.785
	   \-- error_notifier 1.0.9
	- simplemod 1.20.1
	- starlight 1.1.2+fabric.dbc156f
	- sushi_bar 0.2.2+1.20
	   \-- com_moulberry_mixinconstraints 1.0.1
	- tcdcommons 3.12.3+fabric-1.20.1
	- terrablender 3.0.1.10
	   |-- com_electronwill_night-config_core 3.6.7
	   \-- com_electronwill_night-config_toml 3.6.7
	- terralith 2.5.4
	- threadtweak 1.20.2-0.1.1
	- toggleableitemframes 5.1.0-1.20.1
	- travelersbackpack 9.1.36
	   \-- reach-entity-attributes 2.4.0
	- trinkets 3.7.2
	- txnilib 1.0.24
	- u_desert 1.6.0
	- unwrecked_ships_plus 2.0.5
	- vanillabackport 1.1.4.3
	- visibletraders 0.0.4
	- vmp 0.2.0+beta.7.102
	- wabi_sabi_structures 2.0.0-1.20
	- yet_another_config_lib_v3 3.6.6+1.20.1-fabric
	   |-- com_twelvemonkeys_common_common-image 3.12.0
	   |-- com_twelvemonkeys_common_common-io 3.12.0
	   |-- com_twelvemonkeys_common_common-lang 3.12.0
	   |-- com_twelvemonkeys_imageio_imageio-core 3.12.0
	   |-- com_twelvemonkeys_imageio_imageio-metadata 3.12.0
	   |-- com_twelvemonkeys_imageio_imageio-webp 3.12.0
	   |-- org_quiltmc_parsers_gson 0.2.1
	   \-- org_quiltmc_parsers_json 0.2.1
	- yungsapi 1.20-Fabric-4.0.6
	   \-- org_javassist_javassist 3.29.2-GA
	- yungscavebiomes 1.20.1-Fabric-2.0.5
	- yungsextras 1.20-Fabric-4.0.3
[16:38:01] [main/INFO]: SpongePowered MIXIN Subsystem Version=0.8.7 Source=file:/workspaces/rpg1/servidor_minecraft/libraries/net/fabricmc/sponge-mixin/0.16.3+mixin.0.8.7/sponge-mixin-0.16.3+mixin.0.8.7.jar Service=Knot/Fabric Env=SERVER
[16:38:01] [main/INFO]: Compatibility level set to JAVA_17
[16:38:01] [main/INFO]: Compatibility level set to JAVA_21
[16:38:01] [main/WARN]: Reference map '[common]ctov-common-refmap.json' for ctov-common.mixins.json could not be read. If this is a development environment you can ignore this message
[16:38:01] [main/WARN]: Reference map 'formationsnether.mixins.refmap.json' for formationsnether.mixins.json could not be read. If this is a development environment you can ignore this message
[16:38:01] [main/WARN]: Reference map 'formationsoverworld.mixins.refmap.json' for formationsoverworld.mixins.json could not be read. If this is a development environment you can ignore this message
[16:38:02] [main/INFO]: Loaded configuration file for Lithium: 115 options available, 2 override(s) found
[16:38:02] [main/INFO]: Loaded configuration file for ModernFix 5.19.4+mc1.20.1: 61 options available, 1 override(s) found
[16:38:02] [main/WARN]: Option 'mixin.perf.thread_priorities' overriden (by mods [threadtweak]) to 'false'
[16:38:02] [main/INFO]: Applying Nashorn fix
[16:38:02] [main/INFO]: Successfully started async appender with [ServerGuiConsole, SysOut, File]
[16:38:02] [main/WARN]: Reference map 'yungsextras.refmap.json' for yungsextras.mixins.json could not be read. If this is a development environment you can ignore this message
[16:38:02] [main/WARN]: Reference map 'yungsextras.refmap.json' for yungsextras_fabric.mixins.json could not be read. If this is a development environment you can ignore this message
[16:38:02] [main/WARN]: Error loading class: net/minecraft/class_761 (java.lang.ClassNotFoundException: net/minecraft/class_761)
[16:38:02] [main/WARN]: @Mixin target net.minecraft.class_761 was not found accessories-common.mixins.json:LevelRendererAccessor from mod accessories
[16:38:02] [main/WARN]: Error loading class: net/minecraft/class_638$class_5271 (java.lang.ClassNotFoundException: net/minecraft/class_638$class_5271)
[16:38:02] [main/WARN]: @Mixin target net.minecraft.class_638$class_5271 was not found cavedust.mixins.json:ClientWorldAccessor from mod cavedust
[16:38:02] [main/WARN]: Error loading class: net/minecraft/class_340 (java.lang.ClassNotFoundException: net/minecraft/class_340)
[16:38:02] [main/WARN]: @Mixin target net.minecraft.class_340 was not found cavedust.mixins.json:MixinDebugScreenOverlay from mod cavedust
[16:38:02] [main/WARN]: Force-disabling mixin 'alloc.blockstate.StateMixin' as rule 'mixin.alloc.blockstate' (added by mods [ferritecore]) disables it and children
[16:38:02] [main/WARN]: Force-disabling mixin 'world.player_chunk_tick.ThreadedAnvilChunkStorageMixin' as rule 'mixin.world.player_chunk_tick' (added by mods [vmp]) disables it and children
[16:38:02] [main/WARN]: Error loading class: fr/catcore/server/translations/api/resource/language/SystemDelegatedLanguage (java.lang.ClassNotFoundException: fr/catcore/server/translations/api/resource/language/SystemDelegatedLanguage)
[16:38:03] [main/WARN]: Error loading class: com/ishland/c2me/notickvd/common/NoTickChunkSendingInterceptor (java.lang.ClassNotFoundException: com/ishland/c2me/notickvd/common/NoTickChunkSendingInterceptor)
[16:38:03] [main/INFO]: Initializing MixinExtras via com.llamalad7.mixinextras.service.MixinExtrasServiceImpl(version=0.5.0).
[16:38:03] [main/INFO]: ThreadTweak config initialized
[16:38:05] [main/WARN]: @ModifyVariable(@At("INVOKE")) Shift.BY=2 on accessories-fabric.mixins.json:LivingEntityMixin from mod accessories::localvar$zza000$accessories$adjustLooting exceeds the maximum allowed value: 0. Increase the value of maxShiftBy to suppress this warning.
[16:38:06] [main/INFO]: Injecting BlockStateBase cache population hook into getNeighborPathNodeType from me.jellysquid.mods.lithium.mixin.ai.pathing.AbstractBlockStateMixin
[16:38:06] [main/INFO]: Injecting BlockStateBase cache population hook into getPathNodeType from me.jellysquid.mods.lithium.mixin.ai.pathing.AbstractBlockStateMixin
[16:38:06] [main/INFO]: Injecting BlockStateBase cache population hook into getOpacityIfCached from ca.spottedleaf.starlight.mixin.common.blockstate.BlockStateBaseMixin
[16:38:06] [main/INFO]: Injecting BlockStateBase cache population hook into isConditionallyFullOpaque from ca.spottedleaf.starlight.mixin.common.blockstate.BlockStateBaseMixin
[16:38:06] [main/INFO]: Injecting BlockStateBase cache population hook into getAllFlags from me.jellysquid.mods.lithium.mixin.util.block_tracking.AbstractBlockStateMixin
[16:38:08] [main/WARN]: @Inject(@At("INVOKE")) Shift.BY=2 on accessories-common.mixins.json:NbtCompoundMixin from mod accessories::handler$zzl000$accessories$adjustCheckForListVariants exceeds the maximum allowed value: 0. Increase the value of maxShiftBy to suppress this warning.
[16:38:09] [main/WARN]: Method overwrite conflict for method_21740 in modernfix-common.mixins.json:perf.remove_biome_temperature_cache.BiomeMixin from mod modernfix, previously written by me.jellysquid.mods.lithium.mixin.world.temperature_cache.BiomeMixin. Skipping method.
[16:38:09] [main/INFO]: Vanilla bootstrap took 5354 milliseconds
[16:38:09] [main/ERROR]: Entity vanillabackport:creaking has no attributes
[16:38:09] [main/ERROR]: Entity vanillabackport:happy_ghast has no attributes
[16:38:09] [main/INFO]: Registering Listeners!
[16:38:09] [main/INFO]: [bclib] Added Config bclib.generator to auto sync (file hash)
[16:38:09] [main/INFO]: [bclib] Added Config bclib.main to auto sync (content diff)
[16:38:09] [main/INFO]: [bclib] Added Config bclib.biomes to auto sync (file hash)
[16:38:10] [main/INFO]: Reflections took 78 ms to scan 1 urls, producing 1 keys and 2 values
[16:38:10] [main/INFO]: Reflections took 4 ms to scan 1 urls, producing 1 keys and 2 values
[16:38:10] [main/INFO]: Reflections took 2 ms to scan 1 urls, producing 1 keys and 2 values
[16:38:10] [main/INFO]: Reflections took 1 ms to scan 1 urls, producing 1 keys and 2 values
[16:38:10] [main/INFO]: Reflections took 1 ms to scan 1 urls, producing 1 keys and 1 values
[16:38:10] [main/INFO]: Reflections took 2 ms to scan 1 urls, producing 1 keys and 1 values
[16:38:10] [main/INFO]: Reflections took 1 ms to scan 1 urls, producing 1 keys and 1 values
[16:38:10] [main/INFO]: Reflections took 2 ms to scan 1 urls, producing 1 keys and 1 values
[16:38:10] [main/INFO]: [STDOUT]: All 6 have been set properly
[16:38:10] [main/INFO]: Cactus Config is being initialized.
[16:38:10] [main/INFO]: Loading Collective version 7.84.
[16:38:10] [main/INFO]: general
[16:38:10] [main/INFO]: individual
[16:38:10] [main/INFO]: Bypassed Mojang DFU
[16:38:10] [main/INFO]: Instantiating Mojang DFU
[16:38:11] [main/ERROR]: No data fixer registered for crystallized_amber
[16:38:11] [main/ERROR]: No data fixer registered for sculk_jaw
[16:38:11] [main/INFO]: Constructing common components for easyshulkerboxes:main
[16:38:12] [main/INFO]: Horse Buff Initialized
[16:38:12] [main/INFO]: [jamlib] Mod initialized!
[16:38:12] [main/INFO]: Ksyxis: Booting... (platform: Fabric/KFabric, manual: false)
[16:38:12] [main/INFO]: Ksyxis: Ready. As always, this mod will speed up your world loading and might or might not break it. (mixinVersion: 0.8.7, time: 0 ms)
[16:38:12] [main/INFO]: Initialize mod Library Ferret
[16:38:12] [main/INFO]: Initialized mod Library Ferret
[16:38:12] [main/INFO]: Created game rule mediumcoreMode
[16:38:12] [main/INFO]: Giving mobs a fresh coat of paint...
[16:38:12] [main/INFO]: fuck i need to update tags again
[16:38:12] [main/INFO]: Constructing common components for puzzlesapi:iteminteractions
[16:38:12] [main/INFO]: Constructing common components for puzzlesapi:slotcycling
[16:38:12] [main/INFO]: Constructing common components for puzzlesapi:limitlesscontainers
[16:38:12] [main/INFO]: Constructing common components for puzzlesapi:statues
[16:38:12] [main/INFO]: Constructing common components for puzzleslib:main
[16:38:12] [main/INFO]: [rightclickharvest] Initializing VersionUtils
[16:38:12] [main/INFO]: [rightclickharvest] VersionUtils initialized successfully
[16:38:12] [main/INFO]: [jamlib] Registered config for rightclickharvest
[16:38:12] [main/INFO]: [rightclickharvest] Mod initialized!
[16:38:12] [main/INFO]: Registering C2S receiver with id roughlyenoughitems:request_tags_c2s
[16:38:12] [main/INFO]: [REI] Registered plugin provider DefaultPlugin [roughlyenoughitems] for REIPlugin
[16:38:12] [main/INFO]: [REI] Registered plugin provider DefaultRuntimePlugin [roughlyenoughitems] for REIPlugin
[16:38:12] [main/INFO]: [REI] Registered plugin provider DefaultPlugin [roughlyenoughitems] for REIServerPlugin
[16:38:12] [main/INFO]: [REI] Registered plugin provider DefaultRuntimePlugin [roughlyenoughitems] for REIServerPlugin
[16:38:12] [main/INFO]: [REI] Registered plugin provider FabricFluidAPISupportPlugin for REIServerPlugin
[16:38:12] [main/INFO]: [REI] Registered plugin provider FabricFluidAPISupportPlugin for REIPlugin
[16:38:12] [main/INFO]: Registering C2S receiver with id roughlyenoughitems:delete_item
[16:38:12] [main/INFO]: Registering C2S receiver with id roughlyenoughitems:create_item
[16:38:12] [main/INFO]: Registering C2S receiver with id roughlyenoughitems:create_item_grab
[16:38:12] [main/INFO]: Registering C2S receiver with id roughlyenoughitems:create_item_hotbar
[16:38:12] [main/INFO]: Registering C2S receiver with id roughlyenoughitems:move_items
[16:38:12] [main/INFO]: Registering C2S receiver with id roughlyenoughitems:move_items_new
[16:38:12] [main/INFO]: Hello Fabric world!
[16:38:12] [main/INFO]: Sushi of the day: Michigan roll
[16:38:12] [main/INFO]: Registered region minecraft:overworld to index 0 for type OVERWORLD
[16:38:12] [main/INFO]: Registered region minecraft:nether to index 0 for type NETHER
[16:38:12] [main/INFO]: Registered region vanillabackport:overworld to index 1 for type OVERWORLD
[16:38:12] [main/INFO]: Registered region yungscavebiomes:overworld to index 2 for type OVERWORLD
[16:38:13] [main/INFO]: Registered the FluidEffect with Unique ID of minecraft:water for Water (Fluid Amount Required: 81000) with the ID 0
[16:38:13] [main/INFO]: Registered the FluidEffect with Unique ID of minecraft:lava for Lava (Fluid Amount Required: 81000) with the ID 1
[16:38:13] [main/INFO]: Registered the FluidEffect with Unique ID of travelersbackpack:potion for block.travelersbackpack.potion_still (Fluid Amount Required: 27000) with the ID 2
[16:38:13] [main/INFO]: Registered the FluidEffect with Unique ID of minecraft:milk for Air (Fluid Amount Required: 81000) with the ID 3
[16:38:13] [main/INFO]: [STDOUT]: TxniLib onInitialize!
[16:38:13] [main/INFO]: Wabi-Sabi Structures initialized
[16:38:13] [main/INFO]: Reflections took 6 ms to scan 1 urls, producing 1 keys and 4 values
[16:38:13] [main/INFO]: Reflections took 4 ms to scan 1 urls, producing 1 keys and 4 values
[16:38:13] [main/INFO]: Reflections took 45 ms to scan 1 urls, producing 5 keys and 65 values
[16:38:13] [main/INFO]: Reflections took 23 ms to scan 1 urls, producing 5 keys and 65 values
[16:38:13] [main/INFO]: Reflections took 2 ms to scan 1 urls, producing 1 keys and 2 values
[16:38:13] [main/INFO]: Reflections took 1 ms to scan 1 urls, producing 1 keys and 2 values
[16:38:13] [main/INFO]: Initializing 'Better Statistics Screen' as 'BetterStatsServer'.
[16:38:13] [main/INFO]: Initializing 'TCD Commons API' 3.12.3+fabric-1.20.1 as 'TCDCommonsServer'.
[16:38:13] [main/INFO]: Environment: authHost='https://authserver.mojang.com', accountsHost='https://api.mojang.com', sessionHost='https://sessionserver.mojang.com', servicesHost='https://api.minecraftservices.com', name='PROD'
[16:38:13] [main/INFO]: [DataFixerAPI] Applying Patch{bclib:3.0.11:12582923}
[16:38:13] [main/INFO]: [bclib] Running Pre Patchers on ./world/.
[16:38:13] [main/WARN]: [bclib] Applying Fixes on Level
[16:38:13] [main/INFO]: [bclib] Patcher Stage... Reading Data%
[16:38:13] [main/INFO]: [bclib] Patcher Stage... Fixing Players%
[16:38:13] [ForkJoinPool.commonPool-worker-1/INFO]: [DataFixerAPI] Inspecting ./world/./playerdata/afc4c9dd-8d66-358b-8b8b-98baedbba298.dat
[16:38:13] [main/INFO]: [DataFixerAPI] Inspecting ./world/./playerdata/f0c00d82-0d58-3b89-af0b-9c6838e550a1.dat
[16:38:13] [main/INFO]: [bclib] Patcher Stage... Applying Patches to level.dat%
[16:38:13] [main/INFO]: [DataFixerAPI] Inspecting level.dat in ./world/.
[16:38:13] [main/INFO]: [bclib] Patcher Stage... Patching Custom World-Data%
[16:38:13] [main/INFO]: [bclib] Patcher Stage... Repairing all Regions%
[16:38:13] [main/INFO]: [DataFixerAPI] Inspecting ./world/./region/r.3.-9.mca
[16:38:13] [ForkJoinPool.commonPool-worker-1/INFO]: [DataFixerAPI] Inspecting ./world/./region/r.3.0.mca
[16:38:13] [ForkJoinPool.commonPool-worker-3/INFO]: [DataFixerAPI] Inspecting ./world/./entities/r.0.-2.mca
[16:38:13] [ForkJoinPool.commonPool-worker-2/INFO]: [DataFixerAPI] Inspecting ./world/./region/r.8.-1.mca
[16:38:13] [ForkJoinPool.commonPool-worker-2/INFO]: [DataFixerAPI] Inspecting ./world/./region/r.-7.-10.mca
[16:38:13] [main/INFO]: [DataFixerAPI] Inspecting ./world/./region/r.1.-4.mca
[16:38:13] [ForkJoinPool.commonPool-worker-1/INFO]: [DataFixerAPI] Inspecting ./world/./region/r.-5.4.mca
[16:38:13] [ForkJoinPool.commonPool-worker-1/INFO]: [DataFixerAPI] Inspecting ./world/./region/r.4.-6.mca
[16:38:13] [ForkJoinPool.commonPool-worker-1/INFO]: [DataFixerAPI] Inspecting ./world/./region/r.2.-1.mca
[16:38:13] [ForkJoinPool.commonPool-worker-2/INFO]: [DataFixerAPI] Inspecting ./world/./region/r.10.1.mca
[16:38:13] [main/INFO]: [DataFixerAPI] Inspecting ./world/./region/r.0.-1.mca
[16:38:13] [ForkJoinPool.commonPool-worker-1/INFO]: [DataFixerAPI] Inspecting ./world/./region/r.6.-3.mca
[16:38:13] [ForkJoinPool.commonPool-worker-1/INFO]: [DataFixerAPI] Inspecting ./world/./region/r.-10.5.mca
[16:38:13] [ForkJoinPool.commonPool-worker-1/INFO]: [DataFixerAPI] Inspecting ./world/./region/r.-4.0.mca
[16:38:14] [ForkJoinPool.commonPool-worker-1/INFO]: [DataFixerAPI] Inspecting ./world/./region/r.-7.-7.mca
[16:38:14] [ForkJoinPool.commonPool-worker-1/INFO]: [DataFixerAPI] Inspecting ./world/./region/r.-5.5.mca
[16:38:14] [ForkJoinPool.commonPool-worker-1/INFO]: [DataFixerAPI] Inspecting ./world/./region/r.-7.-5.mca
[16:38:14] [ForkJoinPool.commonPool-worker-1/INFO]: [DataFixerAPI] Inspecting ./world/./region/r.-8.0.mca
[16:38:14] [ForkJoinPool.commonPool-worker-1/INFO]: [DataFixerAPI] Inspecting ./world/./region/r.6.0.mca
[16:38:14] [ForkJoinPool.commonPool-worker-1/INFO]: [DataFixerAPI] Inspecting ./world/./region/r.-2.1.mca
[16:38:14] [ForkJoinPool.commonPool-worker-1/INFO]: [DataFixerAPI] Inspecting ./world/./region/r.5.8.mca
[16:38:14] [ForkJoinPool.commonPool-worker-1/INFO]: [DataFixerAPI] Inspecting ./world/./region/r.-4.8.mca
[16:38:14] [ForkJoinPool.commonPool-worker-1/INFO]: [DataFixerAPI] Inspecting ./world/./region/r.-2.-10.mca
[16:38:14] [ForkJoinPool.commonPool-worker-1/INFO]: [DataFixerAPI] Inspecting ./world/./region/r.3.6.mca
[16:38:14] [ForkJoinPool.commonPool-worker-1/INFO]: [DataFixerAPI] Inspecting ./world/./region/r.-2.0.mca
[16:38:14] [ForkJoinPool.commonPool-worker-2/INFO]: [DataFixerAPI] Inspecting ./world/./region/r.-7.-12.mca
[16:38:14] [ForkJoinPool.commonPool-worker-2/INFO]: [DataFixerAPI] Inspecting ./world/./region/r.-7.8.mca
[16:38:14] [ForkJoinPool.commonPool-worker-2/INFO]: [DataFixerAPI] Inspecting ./world/./region/r.1.-1.mca
[16:38:14] [ForkJoinPool.commonPool-worker-3/INFO]: [DataFixerAPI] Inspecting ./world/./entities/r.0.0.mca
[16:38:14] [ForkJoinPool.commonPool-worker-3/INFO]: [DataFixerAPI] Inspecting ./world/./entities/r.0.-1.mca
[16:38:14] [ForkJoinPool.commonPool-worker-1/INFO]: [DataFixerAPI] Inspecting ./world/./region/r.-2.-1.mca
[16:38:14] [ForkJoinPool.commonPool-worker-3/INFO]: [DataFixerAPI] Inspecting ./world/./entities/r.-1.-2.mca
[16:38:14] [ForkJoinPool.commonPool-worker-3/INFO]: [DataFixerAPI] Inspecting ./world/./entities/r.-1.0.mca
[16:38:14] [ForkJoinPool.commonPool-worker-3/INFO]: [DataFixerAPI] Inspecting ./world/./DIM1/entities/r.0.0.mca
[16:38:14] [ForkJoinPool.commonPool-worker-3/INFO]: [DataFixerAPI] Inspecting ./world/./DIM-1/poi/r.0.0.mca
[16:38:14] [ForkJoinPool.commonPool-worker-3/INFO]: [DataFixerAPI] Inspecting ./world/./DIM-1/poi/r.0.-1.mca
[16:38:14] [ForkJoinPool.commonPool-worker-3/INFO]: [DataFixerAPI] Inspecting ./world/./DIM-1/poi/r.-1.0.mca
[16:38:14] [ForkJoinPool.commonPool-worker-3/INFO]: [DataFixerAPI] Inspecting ./world/./DIM-1/region/r.1.-2.mca
[16:38:14] [ForkJoinPool.commonPool-worker-3/INFO]: [DataFixerAPI] Inspecting ./world/./DIM-1/region/r.1.-1.mca
[16:38:14] [ForkJoinPool.commonPool-worker-1/INFO]: [DataFixerAPI] Inspecting ./world/./region/r.-10.-12.mca
[16:38:14] [ForkJoinPool.commonPool-worker-1/INFO]: [DataFixerAPI] Inspecting ./world/./region/r.0.1.mca
[16:38:14] [ForkJoinPool.commonPool-worker-1/INFO]: [DataFixerAPI] Inspecting ./world/./region/r.0.6.mca
[16:38:14] [ForkJoinPool.commonPool-worker-1/INFO]: [DataFixerAPI] Inspecting ./world/./region/r.-4.-4.mca
[16:38:14] [ForkJoinPool.commonPool-worker-1/INFO]: [DataFixerAPI] Inspecting ./world/./region/r.1.8.mca
[16:38:14] [ForkJoinPool.commonPool-worker-1/INFO]: [DataFixerAPI] Inspecting ./world/./region/r.3.-2.mca
[16:38:14] [ForkJoinPool.commonPool-worker-1/INFO]: [DataFixerAPI] Inspecting ./world/./region/r.0.-2.mca
[16:38:14] [ForkJoinPool.commonPool-worker-3/INFO]: [DataFixerAPI] Inspecting ./world/./DIM-1/region/r.-1.-1.mca
[16:38:14] [ForkJoinPool.commonPool-worker-3/INFO]: [DataFixerAPI] Inspecting ./world/./DIM-1/region/r.0.-2.mca
[16:38:14] [ForkJoinPool.commonPool-worker-3/INFO]: [DataFixerAPI] Inspecting ./world/./DIM-1/region/r.0.0.mca
[16:38:14] [ForkJoinPool.commonPool-worker-3/INFO]: [DataFixerAPI] Inspecting ./world/./DIM-1/region/r.0.-1.mca
[16:38:14] [ForkJoinPool.commonPool-worker-3/INFO]: [DataFixerAPI] Inspecting ./world/./DIM-1/region/r.-1.0.mca
[16:38:14] [ForkJoinPool.commonPool-worker-3/INFO]: [DataFixerAPI] Inspecting ./world/./DIM-1/entities/r.0.-1.mca
[16:38:14] [ForkJoinPool.commonPool-worker-3/INFO]: [DataFixerAPI] Inspecting ./world/./region/r.9.-12.mca
[16:38:14] [ForkJoinPool.commonPool-worker-3/INFO]: [DataFixerAPI] Inspecting ./world/./region/r.3.8.mca
[16:38:14] [ForkJoinPool.commonPool-worker-3/INFO]: [DataFixerAPI] Inspecting ./world/./region/r.2.-2.mca
[16:38:14] [ForkJoinPool.commonPool-worker-3/INFO]: [DataFixerAPI] Inspecting ./world/./region/r.1.0.mca
[16:38:14] [ForkJoinPool.commonPool-worker-2/INFO]: [DataFixerAPI] Inspecting ./world/./region/r.3.-4.mca
[16:38:14] [ForkJoinPool.commonPool-worker-2/INFO]: [DataFixerAPI] Inspecting ./world/./region/r.-8.3.mca
[16:38:14] [ForkJoinPool.commonPool-worker-2/INFO]: [DataFixerAPI] Inspecting ./world/./region/r.8.5.mca
[16:38:14] [ForkJoinPool.commonPool-worker-2/INFO]: [DataFixerAPI] Inspecting ./world/./region/r.-2.5.mca
[16:38:14] [ForkJoinPool.commonPool-worker-2/INFO]: [DataFixerAPI] Inspecting ./world/./region/r.-2.-5.mca
[16:38:14] [ForkJoinPool.commonPool-worker-2/INFO]: [DataFixerAPI] Inspecting ./world/./region/r.-9.-1.mca
[16:38:14] [ForkJoinPool.commonPool-worker-2/INFO]: [DataFixerAPI] Inspecting ./world/./region/r.1.-7.mca
[16:38:14] [ForkJoinPool.commonPool-worker-2/INFO]: [DataFixerAPI] Inspecting ./world/./region/r.-1.-1.mca
[16:38:14] [ForkJoinPool.commonPool-worker-3/INFO]: [DataFixerAPI] Inspecting ./world/./region/r.8.3.mca
[16:38:14] [ForkJoinPool.commonPool-worker-3/INFO]: [DataFixerAPI] Inspecting ./world/./entities/r.1.-2.mca
[16:38:14] [ForkJoinPool.commonPool-worker-3/INFO]: [DataFixerAPI] Inspecting ./world/./entities/r.1.-1.mca
[16:38:14] [ForkJoinPool.commonPool-worker-3/INFO]: [DataFixerAPI] Inspecting ./world/./entities/r.-1.-1.mca
[16:38:14] [ForkJoinPool.commonPool-worker-3/INFO]: [DataFixerAPI] Inspecting ./world/./region/r.-10.3.mca
[16:38:14] [ForkJoinPool.commonPool-worker-3/INFO]: [DataFixerAPI] Inspecting ./world/./region/r.-1.-3.mca
[16:38:14] [ForkJoinPool.commonPool-worker-3/INFO]: [DataFixerAPI] Inspecting ./world/./region/r.3.2.mca
[16:38:14] [ForkJoinPool.commonPool-worker-3/INFO]: [DataFixerAPI] Inspecting ./world/./region/r.-10.-5.mca
[16:38:14] [ForkJoinPool.commonPool-worker-3/INFO]: [DataFixerAPI] Inspecting ./world/./region/r.-2.-12.mca
[16:38:14] [ForkJoinPool.commonPool-worker-3/INFO]: [DataFixerAPI] Inspecting ./world/./region/r.10.-2.mca
[16:38:14] [ForkJoinPool.commonPool-worker-3/INFO]: [DataFixerAPI] Inspecting ./world/./region/r.-4.-12.mca
[16:38:14] [ForkJoinPool.commonPool-worker-3/INFO]: [DataFixerAPI] Inspecting ./world/./region/r.-2.-7.mca
[16:38:14] [ForkJoinPool.commonPool-worker-3/INFO]: [DataFixerAPI] Inspecting ./world/./region/r.-9.-10.mca
[16:38:14] [ForkJoinPool.commonPool-worker-3/INFO]: [DataFixerAPI] Inspecting ./world/./region/r.6.-12.mca
[16:38:14] [ForkJoinPool.commonPool-worker-3/INFO]: [DataFixerAPI] Inspecting ./world/./region/r.-9.-7.mca
[16:38:14] [ForkJoinPool.commonPool-worker-3/INFO]: [DataFixerAPI] Inspecting ./world/./region/r.8.1.mca
[16:38:14] [ForkJoinPool.commonPool-worker-3/INFO]: [DataFixerAPI] Inspecting ./world/./region/r.0.0.mca
[16:38:14] [main/INFO]: [DataFixerAPI] Inspecting ./world/./region/r.10.-10.mca
[16:38:14] [main/INFO]: [DataFixerAPI] Inspecting ./world/./region/r.-7.6.mca
[16:38:14] [main/INFO]: [DataFixerAPI] Inspecting ./world/./region/r.5.5.mca
[16:38:14] [main/INFO]: [DataFixerAPI] Inspecting ./world/./region/r.-9.8.mca
[16:38:14] [main/INFO]: [DataFixerAPI] Inspecting ./world/./region/r.-1.-2.mca
[16:38:14] [ForkJoinPool.commonPool-worker-1/INFO]: [DataFixerAPI] Inspecting ./world/./region/r.-10.1.mca
[16:38:14] [ForkJoinPool.commonPool-worker-1/INFO]: [DataFixerAPI] Inspecting ./world/./region/r.-7.-2.mca
[16:38:14] [ForkJoinPool.commonPool-worker-1/INFO]: [DataFixerAPI] Inspecting ./world/./region/r.-4.-2.mca
[16:38:14] [ForkJoinPool.commonPool-worker-1/INFO]: [DataFixerAPI] Inspecting ./world/./region/r.3.-12.mca
[16:38:14] [ForkJoinPool.commonPool-worker-1/INFO]: [DataFixerAPI] Inspecting ./world/./region/r.-2.8.mca
[16:38:14] [ForkJoinPool.commonPool-worker-1/INFO]: [DataFixerAPI] Inspecting ./world/./region/r.11.-8.mca
[16:38:14] [ForkJoinPool.commonPool-worker-1/INFO]: [DataFixerAPI] Inspecting ./world/./region/r.-5.-8.mca
[16:38:14] [ForkJoinPool.commonPool-worker-1/INFO]: [DataFixerAPI] Inspecting ./world/./region/r.0.-3.mca
[16:38:14] [ForkJoinPool.commonPool-worker-1/INFO]: [DataFixerAPI] Inspecting ./world/./region/r.7.8.mca
[16:38:14] [ForkJoinPool.commonPool-worker-1/INFO]: [DataFixerAPI] Inspecting ./world/./region/r.0.-10.mca
[16:38:14] [ForkJoinPool.commonPool-worker-1/INFO]: [DataFixerAPI] Inspecting ./world/./region/r.-1.0.mca
[16:38:14] [ForkJoinPool.commonPool-worker-3/INFO]: [bclib] Patching... 73%
[16:38:14] [ForkJoinPool.commonPool-worker-3/INFO]: [DataFixerAPI] Inspecting ./world/./region/r.-2.-2.mca
[16:38:15] [ForkJoinPool.commonPool-worker-3/INFO]: [DataFixerAPI] Inspecting ./world/./region/r.5.-8.mca
[16:38:15] [ForkJoinPool.commonPool-worker-3/INFO]: [DataFixerAPI] Inspecting ./world/./region/r.8.-4.mca
[16:38:15] [ForkJoinPool.commonPool-worker-3/INFO]: [DataFixerAPI] Inspecting ./world/./region/r.-2.3.mca
[16:38:15] [ForkJoinPool.commonPool-worker-3/INFO]: [DataFixerAPI] Inspecting ./world/./region/r.1.3.mca
[16:38:15] [ForkJoinPool.commonPool-worker-3/INFO]: [DataFixerAPI] Inspecting ./world/./region/r.-5.-10.mca
[16:38:15] [ForkJoinPool.commonPool-worker-3/INFO]: [DataFixerAPI] Inspecting ./world/./region/r.11.-5.mca
[16:38:15] [ForkJoinPool.commonPool-worker-3/INFO]: [DataFixerAPI] Inspecting ./world/./region/r.6.-10.mca
[16:38:15] [ForkJoinPool.commonPool-worker-3/INFO]: [DataFixerAPI] Inspecting ./world/./region/r.8.-7.mca
[16:38:15] [ForkJoinPool.commonPool-worker-3/INFO]: [DataFixerAPI] Inspecting ./world/./region/r.5.-4.mca
[16:38:15] [ForkJoinPool.commonPool-worker-3/INFO]: [DataFixerAPI] Inspecting ./world/./region/r.5.3.mca
[16:38:15] [ForkJoinPool.commonPool-worker-3/INFO]: [DataFixerAPI] Inspecting ./world/./poi/r.0.-1.mca
[16:38:15] [ForkJoinPool.commonPool-worker-3/INFO]: [DataFixerAPI] Inspecting ./world/./poi/r.-1.-2.mca
[16:38:15] [ForkJoinPool.commonPool-worker-3/INFO]: [DataFixerAPI] Inspecting ./world/./poi/r.-1.0.mca
[16:38:15] [ForkJoinPool.commonPool-worker-3/INFO]: [DataFixerAPI] Inspecting ./world/./poi/r.1.-3.mca
[16:38:15] [ForkJoinPool.commonPool-worker-3/INFO]: [DataFixerAPI] Inspecting ./world/./poi/r.-1.1.mca
[16:38:15] [ForkJoinPool.commonPool-worker-3/INFO]: [DataFixerAPI] Inspecting ./world/./poi/r.1.0.mca
[16:38:15] [ForkJoinPool.commonPool-worker-3/INFO]: [DataFixerAPI] Inspecting ./world/./region/r.11.-12.mca
[16:38:15] [ForkJoinPool.commonPool-worker-3/INFO]: [DataFixerAPI] Inspecting ./world/./region/r.1.-2.mca
[16:38:15] [main/INFO]: [DataFixerAPI] Inspecting ./world/./poi/r.1.-2.mca
[16:38:15] [main/INFO]: [DataFixerAPI] Inspecting ./world/./poi/r.1.-1.mca
[16:38:15] [main/INFO]: [DataFixerAPI] Inspecting ./world/./poi/r.-1.-1.mca
[16:38:15] [main/INFO]: [DataFixerAPI] Inspecting ./world/./poi/r.0.-2.mca
[16:38:15] [main/INFO]: [DataFixerAPI] Inspecting ./world/./poi/r.-2.0.mca
[16:38:15] [main/INFO]: [DataFixerAPI] Inspecting ./world/./poi/r.-2.-1.mca
[16:38:15] [main/INFO]: [DataFixerAPI] Inspecting ./world/./poi/r.0.1.mca
[16:38:15] [main/INFO]: [DataFixerAPI] Inspecting ./world/./poi/r.0.0.mca
[16:38:15] [ForkJoinPool.commonPool-worker-2/INFO]: [DataFixerAPI] Inspecting ./world/./region/r.1.1.mca
[16:38:15] [ForkJoinPool.commonPool-worker-2/INFO]: [DataFixerAPI] Inspecting ./world/./region/r.7.-10.mca
[16:38:15] [ForkJoinPool.commonPool-worker-1/INFO]: [DataFixerAPI] Inspecting ./world/./region/r.0.-12.mca
[16:38:15] [ForkJoinPool.commonPool-worker-1/INFO]: [DataFixerAPI] Inspecting ./world/./region/r.1.-3.mca
[16:38:15] [ForkJoinPool.commonPool-worker-1/INFO]: [DataFixerAPI] Inspecting ./world/./region/r.-1.1.mca
[16:38:15] [main/INFO]: [bclib] Patcher Stage... Saving Patch State%
[16:38:15] [main/INFO]: [DataFixerAPI] Updating Patch-Level for 'bclib' from 0.0.0 to 3.0.11
[16:38:16] [main/INFO]: StructureSet modified for minecraft:village : Now using custom village configuration (can be disabled in the better villages config: boolean.villages.enabled_custom_config).
[16:38:16] [main/INFO]: [bclib] Updating Pickers for BCLib - The End  BiomeSource (73596e4c)
[16:38:16] [main/INFO]: [bclib] Unable to build Biome List yet
[16:38:16] [main/INFO]: [bclib] No Void Biomes found. Disabling by using barrens
[16:38:16] [main/INFO]: [bclib] No Barrens Biomes found. Disabling by using land Biomes
[16:38:16] [main/WARN]: [bclib] No Center Island Biomes found. Forcing use of vanilla center.
[16:38:16] [main/INFO]: [bclib] Make sure features are loaded from terrablender:org.betterx.bclib.api.v2.generator.BCLibEndBiomeSource
[16:38:16] [main/INFO]: [bclib] Updating Pickers for BCLib - Nether BiomeSource (2aa0c35c)
[16:38:16] [main/INFO]: [bclib] Unable to build Biome List yet
[16:38:16] [main/INFO]: [bclib] Make sure features are loaded from terrablender:org.betterx.bclib.api.v2.generator.BCLibNetherBiomeSource
[16:38:16] [main/INFO]: [bclib] Updating Pickers for BCLib - The End  BiomeSource (5a711b99)
[16:38:16] [main/INFO]: [bclib] Unable to build Biome List yet
[16:38:16] [main/INFO]: [bclib] No Void Biomes found. Disabling by using barrens
[16:38:16] [main/INFO]: [bclib] No Barrens Biomes found. Disabling by using land Biomes
[16:38:16] [main/WARN]: [bclib] No Center Island Biomes found. Forcing use of vanilla center.
[16:38:16] [main/INFO]: [bclib] Make sure features are loaded from terrablender:org.betterx.bclib.api.v2.generator.BCLibEndBiomeSource
[16:38:16] [main/INFO]: [bclib] Updating Pickers for BCLib - Nether BiomeSource (6e4b9659)
[16:38:16] [main/INFO]: [bclib] Unable to build Biome List yet
[16:38:16] [main/INFO]: [bclib] Make sure features are loaded from terrablender:org.betterx.bclib.api.v2.generator.BCLibNetherBiomeSource
[16:38:16] [main/INFO]: [bclib] Updating Pickers for BCLib - The End  BiomeSource (25a257e2)
[16:38:16] [main/INFO]: [bclib] Unable to build Biome List yet
[16:38:16] [main/INFO]: [bclib] No Void Biomes found. Disabling by using barrens
[16:38:16] [main/INFO]: [bclib] No Barrens Biomes found. Disabling by using land Biomes
[16:38:16] [main/WARN]: [bclib] No Center Island Biomes found. Forcing use of vanilla center.
[16:38:16] [main/INFO]: [bclib] Make sure features are loaded from terrablender:org.betterx.bclib.api.v2.generator.BCLibEndBiomeSource
[16:38:16] [main/INFO]: [bclib] Updating Pickers for BCLib - Nether BiomeSource (370db68d)
[16:38:16] [main/INFO]: [bclib] Unable to build Biome List yet
[16:38:16] [main/INFO]: [bclib] Make sure features are loaded from terrablender:org.betterx.bclib.api.v2.generator.BCLibNetherBiomeSource
[16:38:16] [main/INFO]: [bclib] Updating Pickers for BCLib - The End  BiomeSource (5aba547f)
[16:38:16] [main/INFO]: [bclib] Unable to build Biome List yet
[16:38:16] [main/INFO]: [bclib] No Void Biomes found. Disabling by using barrens
[16:38:16] [main/INFO]: [bclib] No Barrens Biomes found. Disabling by using land Biomes
[16:38:16] [main/WARN]: [bclib] No Center Island Biomes found. Forcing use of vanilla center.
[16:38:16] [main/INFO]: [bclib] Make sure features are loaded from terrablender:org.betterx.bclib.api.v2.generator.BCLibEndBiomeSource
[16:38:16] [main/INFO]: [bclib] Updating Pickers for BCLib - Nether BiomeSource (30aefa50)
[16:38:16] [main/INFO]: [bclib] Unable to build Biome List yet
[16:38:16] [main/INFO]: [bclib] Make sure features are loaded from terrablender:org.betterx.bclib.api.v2.generator.BCLibNetherBiomeSource
[16:38:17] [main/WARN]: [bclib] No valid BCLBiome Registry available!
[16:38:17] [main/WARN]: [bclib] No valid Biome Registry available!
[16:38:17] [main/INFO]: [fabric-registry-sync] Loaded registry data [file 1/4]
[16:38:17] [main/INFO]: [bclib] Updating Pickers for BCLib - Nether BiomeSource (50c1d152)
[16:38:17] [main/INFO]: [bclib] Unable to build Biome List yet
[16:38:17] [main/INFO]: [bclib] Make sure features are loaded from terrablender:org.betterx.bclib.api.v2.generator.BCLibNetherBiomeSource
[16:38:17] [main/INFO]: [bclib] Updating Pickers for BCLib - The End  BiomeSource (60fae691)
[16:38:17] [main/INFO]: [bclib] Unable to build Biome List yet
[16:38:17] [main/INFO]: [bclib] No Void Biomes found. Disabling by using barrens
[16:38:17] [main/INFO]: [bclib] No Barrens Biomes found. Disabling by using land Biomes
[16:38:17] [main/WARN]: [bclib] No Center Island Biomes found. Forcing use of vanilla center.
[16:38:17] [main/INFO]: [bclib] Make sure features are loaded from terrablender:org.betterx.bclib.api.v2.generator.BCLibEndBiomeSource
[16:38:18] [Worker-Main-2/ERROR]: Couldn't load tag create:pressurized_air_sources as it is missing following references: deeperdarker:warden_backtank (from fabric)
[16:38:18] [Worker-Main-1/ERROR]: Couldn't load tag c:mycelium as it is missing following references: #c:nether_mycelium (from fabric)
[16:38:18] [Worker-Main-1/ERROR]: Couldn't load tag c:nether_terrain as it is missing following references: #c:nether_mycelium (from fabric)
[16:38:18] [Worker-Main-1/ERROR]: Couldn't load tag c:terrain as it is missing following references: #c:mycelium (from fabric), #c:nether_terrain (from fabric)
[16:38:18] [Worker-Main-1/ERROR]: Couldn't load tag c:grass_soil as it is missing following references: #c:terrain (from fabric)
[16:38:18] [Worker-Main-1/ERROR]: Couldn't load tag c:workstation/fisherman as it is missing following references: #c:barrel (from fabric)
[16:38:18] [Worker-Main-1/ERROR]: Couldn't load tag minecraft:mineable/axe as it is missing following references: #c:wooden_chests (from fabric), #c:wooden_composter (from fabric), #c:workbench (from fabric)
[16:38:18] [Worker-Main-1/ERROR]: Couldn't parse element loot_tables:deeperdarker:blocks/warden_backtank
com.google.gson.JsonSyntaxException: Expected name to be an item, was unknown string 'deeperdarker:warden_backtank'
	at net.minecraft.class_3518.method_17995(class_3518.java:145) ~[server-intermediary.jar:?]
	at java.util.Optional.orElseThrow(Optional.java:403) ~[?:?]
	at net.minecraft.class_3518.method_15256(class_3518.java:145) ~[server-intermediary.jar:?]
	at net.minecraft.class_3518.method_15288(class_3518.java:153) ~[server-intermediary.jar:?]
	at net.minecraft.class_77$class_78.method_413(class_77.java:55) ~[server-intermediary.jar:?]
	at net.minecraft.class_77$class_78.method_443(class_77.java:40) ~[server-intermediary.jar:?]
	at net.minecraft.class_85$class_90.method_441(class_85.java:151) ~[server-intermediary.jar:?]
	at net.minecraft.class_85$class_90.method_424(class_85.java:129) ~[server-intermediary.jar:?]
	at net.minecraft.class_79$class_5337.method_29319(class_79.java:86) ~[server-intermediary.jar:?]
	at net.minecraft.class_79$class_5337.method_517(class_79.java:74) ~[server-intermediary.jar:?]
	at net.minecraft.class_5330$class_5333.deserialize(class_5330.java:102) ~[server-intermediary.jar:?]
	at com.google.gson.internal.bind.TreeTypeAdapter.read(TreeTypeAdapter.java:76) ~[gson-2.10.jar:?]
	at com.google.gson.internal.bind.TypeAdapterRuntimeTypeWrapper.read(TypeAdapterRuntimeTypeWrapper.java:40) ~[gson-2.10.jar:?]
	at com.google.gson.internal.bind.ArrayTypeAdapter.read(ArrayTypeAdapter.java:72) ~[gson-2.10.jar:?]
	at com.google.gson.Gson.fromJson(Gson.java:1214) ~[gson-2.10.jar:?]
	at com.google.gson.Gson.fromJson(Gson.java:1319) ~[gson-2.10.jar:?]
	at com.google.gson.Gson.fromJson(Gson.java:1290) ~[gson-2.10.jar:?]
	at com.google.gson.internal.bind.TreeTypeAdapter$GsonContextImpl.deserialize(TreeTypeAdapter.java:179) ~[gson-2.10.jar:?]
	at net.minecraft.class_3518.method_15291(class_3518.java:463) ~[server-intermediary.jar:?]
	at net.minecraft.class_3518.method_15272(class_3518.java:471) ~[server-intermediary.jar:?]
	at net.minecraft.class_55$class_57.method_358(class_55.java:173) ~[server-intermediary.jar:?]
	at net.minecraft.class_55$class_57.deserialize(class_55.java:169) ~[server-intermediary.jar:?]
	at com.google.gson.internal.bind.TreeTypeAdapter.read(TreeTypeAdapter.java:76) ~[gson-2.10.jar:?]
	at com.google.gson.internal.bind.TypeAdapterRuntimeTypeWrapper.read(TypeAdapterRuntimeTypeWrapper.java:40) ~[gson-2.10.jar:?]
	at com.google.gson.internal.bind.ArrayTypeAdapter.read(ArrayTypeAdapter.java:72) ~[gson-2.10.jar:?]
	at com.google.gson.Gson.fromJson(Gson.java:1214) ~[gson-2.10.jar:?]
	at com.google.gson.Gson.fromJson(Gson.java:1319) ~[gson-2.10.jar:?]
	at com.google.gson.Gson.fromJson(Gson.java:1290) ~[gson-2.10.jar:?]
	at com.google.gson.internal.bind.TreeTypeAdapter$GsonContextImpl.deserialize(TreeTypeAdapter.java:179) ~[gson-2.10.jar:?]
	at net.minecraft.class_3518.method_15291(class_3518.java:463) ~[server-intermediary.jar:?]
	at net.minecraft.class_3518.method_15283(class_3518.java:481) ~[server-intermediary.jar:?]
	at net.minecraft.class_52$class_54.method_340(class_52.java:250) ~[server-intermediary.jar:?]
	at net.minecraft.class_52$class_54.deserialize(class_52.java:246) ~[server-intermediary.jar:?]
	at com.google.gson.internal.bind.TreeTypeAdapter.read(TreeTypeAdapter.java:76) ~[gson-2.10.jar:?]
	at com.google.gson.Gson.fromJson(Gson.java:1214) ~[gson-2.10.jar:?]
	at com.google.gson.Gson.fromJson(Gson.java:1319) ~[gson-2.10.jar:?]
	at com.google.gson.Gson.fromJson(Gson.java:1261) ~[gson-2.10.jar:?]
	at net.minecraft.class_8490.method_51205(class_8490.java:64) ~[server-intermediary.jar:?]
	at net.minecraft.class_8490.method_51204(class_8490.java:48) ~[server-intermediary.jar:?]
	at net.minecraft.class_60.method_51195(class_60.java:55) ~[server-intermediary.jar:?]
	at java.util.HashMap.forEach(HashMap.java:1429) ~[?:?]
	at net.minecraft.class_60.method_51189(class_60.java:55) ~[server-intermediary.jar:?]
	at java.util.concurrent.CompletableFuture$AsyncRun.run(CompletableFuture.java:1804) ~[?:?]
	at java.util.concurrent.CompletableFuture$AsyncRun.exec(CompletableFuture.java:1796) ~[?:?]
	at java.util.concurrent.ForkJoinTask.doExec(ForkJoinTask.java:387) ~[?:?]
	at java.util.concurrent.ForkJoinPool$WorkQueue.topLevelExec(ForkJoinPool.java:1312) ~[?:?]
	at java.util.concurrent.ForkJoinPool.scan(ForkJoinPool.java:1843) ~[?:?]
	at java.util.concurrent.ForkJoinPool.runWorker(ForkJoinPool.java:1808) ~[?:?]
	at java.util.concurrent.ForkJoinWorkerThread.run(ForkJoinWorkerThread.java:188) ~[?:?]
[16:38:19] [main/INFO]: [bclib] Disabling Recipe: bclib:test_star
[16:38:19] [main/ERROR]: Parsing error loading recipe deeperdarker:warden_diving_boots_smithing
com.google.gson.JsonSyntaxException: Unknown item 'create:netherite_diving_boots'
	at net.minecraft.class_1869.method_17878(class_1869.java:272) ~[server-intermediary.jar:?]
	at java.util.Optional.orElseThrow(Optional.java:403) ~[?:?]
	at net.minecraft.class_1869.method_8155(class_1869.java:272) ~[server-intermediary.jar:?]
	at net.minecraft.class_1856.method_8107(class_1856.java:160) ~[server-intermediary.jar:?]
	at net.minecraft.class_1856.method_8102(class_1856.java:143) ~[server-intermediary.jar:?]
	at net.minecraft.class_1856.method_52177(class_1856.java:135) ~[server-intermediary.jar:?]
	at net.minecraft.class_8060$class_8061.method_48455(class_8060.java:88) ~[server-intermediary.jar:?]
	at net.minecraft.class_8060$class_8061.method_8121(class_8060.java:84) ~[server-intermediary.jar:?]
	at net.minecraft.class_1863.method_17720(class_1863.java:135) ~[server-intermediary.jar:?]
	at net.minecraft.class_1863.method_20705(class_1863.java:56) ~[server-intermediary.jar:?]
	at net.minecraft.class_1863.method_18788(class_1863.java:35) ~[server-intermediary.jar:?]
	at net.minecraft.class_4080.method_18790(class_4080.java:13) ~[server-intermediary.jar:?]
	at java.util.concurrent.CompletableFuture$UniAccept.tryFire(CompletableFuture.java:718) ~[?:?]
	at java.util.concurrent.CompletableFuture$Completion.run(CompletableFuture.java:482) ~[?:?]
	at net.minecraft.class_4014.method_18365(class_4014.java:69) ~[server-intermediary.jar:?]
	at net.minecraft.class_156.method_43498(class_156.java:950) ~[server-intermediary.jar:?]
	at net.minecraft.class_156.method_43499(class_156.java:938) ~[server-intermediary.jar:?]
	at net.minecraft.server.Main.main(Main.java:160) ~[server-intermediary.jar:?]
	at net.fabricmc.loader.impl.game.minecraft.MinecraftGameProvider.launch(MinecraftGameProvider.java:506) ~[fabric-loader-0.17.2.jar:?]
	at net.fabricmc.loader.impl.launch.knot.Knot.launch(Knot.java:72) ~[fabric-loader-0.17.2.jar:?]
	at net.fabricmc.loader.impl.launch.knot.KnotServer.main(KnotServer.java:23) ~[fabric-loader-0.17.2.jar:?]
	at net.fabricmc.loader.impl.launch.server.FabricServerLauncher.main(FabricServerLauncher.java:69) ~[fabric-loader-0.17.2.jar:?]
	at net.fabricmc.installer.ServerLauncher.main(ServerLauncher.java:69) ~[fabric-server-launch.jar:1.0.1]
[16:38:19] [main/ERROR]: Parsing error loading recipe deeperdarker:warden_diving_helmet_smithing
com.google.gson.JsonSyntaxException: Unknown item 'create:netherite_diving_helmet'
	at net.minecraft.class_1869.method_17878(class_1869.java:272) ~[server-intermediary.jar:?]
	at java.util.Optional.orElseThrow(Optional.java:403) ~[?:?]
	at net.minecraft.class_1869.method_8155(class_1869.java:272) ~[server-intermediary.jar:?]
	at net.minecraft.class_1856.method_8107(class_1856.java:160) ~[server-intermediary.jar:?]
	at net.minecraft.class_1856.method_8102(class_1856.java:143) ~[server-intermediary.jar:?]
	at net.minecraft.class_1856.method_52177(class_1856.java:135) ~[server-intermediary.jar:?]
	at net.minecraft.class_8060$class_8061.method_48455(class_8060.java:88) ~[server-intermediary.jar:?]
	at net.minecraft.class_8060$class_8061.method_8121(class_8060.java:84) ~[server-intermediary.jar:?]
	at net.minecraft.class_1863.method_17720(class_1863.java:135) ~[server-intermediary.jar:?]
	at net.minecraft.class_1863.method_20705(class_1863.java:56) ~[server-intermediary.jar:?]
	at net.minecraft.class_1863.method_18788(class_1863.java:35) ~[server-intermediary.jar:?]
	at net.minecraft.class_4080.method_18790(class_4080.java:13) ~[server-intermediary.jar:?]
	at java.util.concurrent.CompletableFuture$UniAccept.tryFire(CompletableFuture.java:718) ~[?:?]
	at java.util.concurrent.CompletableFuture$Completion.run(CompletableFuture.java:482) ~[?:?]
	at net.minecraft.class_4014.method_18365(class_4014.java:69) ~[server-intermediary.jar:?]
	at net.minecraft.class_156.method_43498(class_156.java:950) ~[server-intermediary.jar:?]
	at net.minecraft.class_156.method_43499(class_156.java:938) ~[server-intermediary.jar:?]
	at net.minecraft.server.Main.main(Main.java:160) ~[server-intermediary.jar:?]
	at net.fabricmc.loader.impl.game.minecraft.MinecraftGameProvider.launch(MinecraftGameProvider.java:506) ~[fabric-loader-0.17.2.jar:?]
	at net.fabricmc.loader.impl.launch.knot.Knot.launch(Knot.java:72) ~[fabric-loader-0.17.2.jar:?]
	at net.fabricmc.loader.impl.launch.knot.KnotServer.main(KnotServer.java:23) ~[fabric-loader-0.17.2.jar:?]
	at net.fabricmc.loader.impl.launch.server.FabricServerLauncher.main(FabricServerLauncher.java:69) ~[fabric-loader-0.17.2.jar:?]
	at net.fabricmc.installer.ServerLauncher.main(ServerLauncher.java:69) ~[fabric-server-launch.jar:1.0.1]
[16:38:19] [main/ERROR]: Parsing error loading recipe deeperdarker:warden_backtank_smithing
com.google.gson.JsonSyntaxException: Unknown item 'create:netherite_backtank'
	at net.minecraft.class_1869.method_17878(class_1869.java:272) ~[server-intermediary.jar:?]
	at java.util.Optional.orElseThrow(Optional.java:403) ~[?:?]
	at net.minecraft.class_1869.method_8155(class_1869.java:272) ~[server-intermediary.jar:?]
	at net.minecraft.class_1856.method_8107(class_1856.java:160) ~[server-intermediary.jar:?]
	at net.minecraft.class_1856.method_8102(class_1856.java:143) ~[server-intermediary.jar:?]
	at net.minecraft.class_1856.method_52177(class_1856.java:135) ~[server-intermediary.jar:?]
	at net.minecraft.class_8060$class_8061.method_48455(class_8060.java:88) ~[server-intermediary.jar:?]
	at net.minecraft.class_8060$class_8061.method_8121(class_8060.java:84) ~[server-intermediary.jar:?]
	at net.minecraft.class_1863.method_17720(class_1863.java:135) ~[server-intermediary.jar:?]
	at net.minecraft.class_1863.method_20705(class_1863.java:56) ~[server-intermediary.jar:?]
	at net.minecraft.class_1863.method_18788(class_1863.java:35) ~[server-intermediary.jar:?]
	at net.minecraft.class_4080.method_18790(class_4080.java:13) ~[server-intermediary.jar:?]
	at java.util.concurrent.CompletableFuture$UniAccept.tryFire(CompletableFuture.java:718) ~[?:?]
	at java.util.concurrent.CompletableFuture$Completion.run(CompletableFuture.java:482) ~[?:?]
	at net.minecraft.class_4014.method_18365(class_4014.java:69) ~[server-intermediary.jar:?]
	at net.minecraft.class_156.method_43498(class_156.java:950) ~[server-intermediary.jar:?]
	at net.minecraft.class_156.method_43499(class_156.java:938) ~[server-intermediary.jar:?]
	at net.minecraft.server.Main.main(Main.java:160) ~[server-intermediary.jar:?]
	at net.fabricmc.loader.impl.game.minecraft.MinecraftGameProvider.launch(MinecraftGameProvider.java:506) ~[fabric-loader-0.17.2.jar:?]
	at net.fabricmc.loader.impl.launch.knot.Knot.launch(Knot.java:72) ~[fabric-loader-0.17.2.jar:?]
	at net.fabricmc.loader.impl.launch.knot.KnotServer.main(KnotServer.java:23) ~[fabric-loader-0.17.2.jar:?]
	at net.fabricmc.loader.impl.launch.server.FabricServerLauncher.main(FabricServerLauncher.java:69) ~[fabric-loader-0.17.2.jar:?]
	at net.fabricmc.installer.ServerLauncher.main(ServerLauncher.java:69) ~[fabric-server-launch.jar:1.0.1]
[16:38:19] [main/INFO]: Loaded 8 recipes
[16:38:19] [main/INFO]: Loaded 2206 advancements
[16:38:19] [main/INFO]: Reloading config...
[16:38:19] [main/INFO]: [REI] ########################################
[16:38:19] [main/INFO]: [REI] REIPlugin starting main-reload for START.
[16:38:19] [main/INFO]: [REI] Plugins (3):
[16:38:19] [main/INFO]: [REI]  - (-100.00) DefaultPlugin of DefaultPlugin [roughlyenoughitems]
[16:38:19] [main/INFO]: [REI]  - (0.00) FabricFluidAPISupportPlugin
[16:38:19] [main/INFO]: [REI]  - (0.00) DefaultRuntimePlugin of DefaultRuntimePlugin [roughlyenoughitems]
[16:38:19] [main/INFO]: [REI] ########################################
[16:38:19] [main/INFO]: [REI] ########################################
[16:38:19] [main/INFO]: [REI] REIServerPlugin starting main-reload for START.
[16:38:19] [main/INFO]: [REI] Plugins (3):
[16:38:19] [main/INFO]: [REI]  - (-100.00) DefaultPlugin of DefaultPlugin [roughlyenoughitems]
[16:38:19] [main/INFO]: [REI]  - (0.00) FabricFluidAPISupportPlugin
[16:38:19] [main/INFO]: [REI]  - (0.00) DefaultRuntimePlugin of DefaultRuntimePlugin [roughlyenoughitems]
[16:38:19] [main/INFO]: [REI] ########################################
[16:38:19] [main/INFO]: [REI] REIPlugin finished post-reload for START in 3.824 ms, totaling 36.44 ms.
[16:38:19] [main/INFO]: [REI] REIServerPlugin finished post-reload for START in 3.745 ms, totaling 7.440 ms.
[16:38:19] [main/INFO]: [REI] ########################################
[16:38:19] [main/INFO]: [REI] REIPlugin starting main-reload for END.
[16:38:19] [main/INFO]: [REI] Plugins (3):
[16:38:19] [main/INFO]: [REI]  - (-100.00) DefaultPlugin of DefaultPlugin [roughlyenoughitems]
[16:38:19] [main/INFO]: [REI]  - (0.00) FabricFluidAPISupportPlugin
[16:38:19] [main/INFO]: [REI]  - (0.00) DefaultRuntimePlugin of DefaultRuntimePlugin [roughlyenoughitems]
[16:38:19] [main/INFO]: [REI] ########################################
[16:38:19] [main/INFO]: [REI] ~~~~~~~~~~~~~~~~~~~~~~~~~~~~~~~~~~~~~~~~
[16:38:19] [main/INFO]: [REI] REIServerPlugin starting main-reload for END.
[16:38:19] [main/INFO]: [REI] Plugins (3):
[16:38:19] [main/INFO]: [REI]  - (-100.00) DefaultPlugin of DefaultPlugin [roughlyenoughitems]
[16:38:19] [main/INFO]: [REI]  - (0.00) FabricFluidAPISupportPlugin
[16:38:19] [main/INFO]: [REI]  - (0.00) DefaultRuntimePlugin of DefaultRuntimePlugin [roughlyenoughitems]
[16:38:19] [main/INFO]: [REI] ~~~~~~~~~~~~~~~~~~~~~~~~~~~~~~~~~~~~~~~~
[16:38:19] [main/INFO]: [REI] REIPlugin finished post-reload for END in 1.239 ms, totaling 29.81 ms.
[16:38:19] [main/INFO]: [REI] REIServerPlugin finished post-reload for END in 699.9 s, totaling 5.857 ms.
[16:38:19] [main/ERROR]: [worlds_together] Unable to parse Version in jar:file:///workspaces/rpg1/servidor_minecraft/mods/dungeons-and-taverns-3.0.3.f.jar
[16:38:19] [main/INFO]: [bclib] Enforcing Correct Generator for minecraft:the_nether.
[16:38:19] [main/INFO]: [bclib] Updating Pickers for BCLib - Nether BiomeSource (30aefa50)
[16:38:19] [main/INFO]: [bclib] Make sure features are loaded from terrablender:org.betterx.bclib.api.v2.generator.BCLibNetherBiomeSource
[16:38:19] [main/INFO]: [bclib] Enforcing Correct Generator for minecraft:the_end.
[16:38:19] [main/INFO]: [bclib] Updating Pickers for BCLib - The End  BiomeSource (5aba547f)
[16:38:19] [main/INFO]: [bclib] Make sure features are loaded from terrablender:org.betterx.bclib.api.v2.generator.BCLibEndBiomeSource
[16:38:19] [main/INFO]: [worlds_together] Loading originally configured Dimensions in World.
[16:38:20] [main/INFO]: Initialized TerraBlender biomes for level stem minecraft:overworld
[16:38:20] [main/INFO]: Applied 1227 biome modifications to 185 of 185 new biomes in 85.02 ms
[16:38:20] [Server thread/INFO]: Loading server config for puzzlesapi
[16:38:20] [Thread-5/INFO]: Reloading server config for puzzlesapi
[16:38:20] [Thread-5/INFO]: Reloading server config for puzzlesapi
[16:38:20] [Server thread/INFO]: Reading config.
[16:38:20] [Server thread/INFO]: Starting minecraft server version 1.20.1
[16:38:20] [Server thread/INFO]: Loading properties
[16:38:20] [Server thread/INFO]: Default game type: SURVIVAL
[16:38:20] [Server thread/INFO]: Generating keypair
[16:38:20] [Server thread/INFO]: Starting Minecraft server on *:25565
[16:38:20] [Server thread/INFO]: Using epoll channel type
[16:38:20] [Server thread/WARN]: **** SERVER IS RUNNING IN OFFLINE/INSECURE MODE!
[16:38:20] [Server thread/WARN]: The server will make no attempt to authenticate usernames. Beware.
[16:38:20] [Server thread/WARN]: While this makes the game possible to play without internet access, it also opens up the ability for hackers to connect with any username they choose.
[16:38:20] [Server thread/WARN]: To change this, set "online-mode" to "true" in the server.properties file.
[16:38:20] [Server thread/INFO]: Preparing level "world"
[16:38:20] [Server thread/INFO]: [bclib] 
Apply Modifications for minecraft:overworld
    class_4766 (7bd08a1c)
        biomes     = 151
        namespaces = minecraft(53), terralith(94), vanillabackport(1), terrablender(1), yungscavebiomes(2)
[16:38:20] [Server thread/INFO]: [bclib] 
Apply Modifications for minecraft:the_nether
    BCLib - Nether BiomeSource (30aefa50)
        biomes     = 13
        namespaces = minecraft(5), incendium(8)
        seed       = 0
        height     = 192
        config     = BCLibNetherBiomeSourceConfig{mapVersion=hex, useVerticalBiomes=true, amplified=false, biomeSize=256, biomeSizeVertical=86}
[16:38:20] [Server thread/INFO]: [bclib] 
Apply Modifications for deeperdarker:otherside
    class_4766 (638b706)
        biomes     = 4
        namespaces = deeperdarker(4)
[16:38:20] [Server thread/INFO]: [bclib] 
Apply Modifications for minecraft:the_end
    BCLib - The End  BiomeSource (5aba547f)
        biomes     = 8
        namespaces = minecraft(5), nullscape(3)
        seed       = 0
        height     = 288
        deciders   = 0
        config     = BCLEndBiomeSourceConfig{mapVersion=hex, generatorVersion=vanilla, withVoidBiomes=true, innerVoidRadiusSquared=1048576, voidBiomesSize=256, centerBiomesSize=256, landBiomesSize=256, barrensBiomesSize=256}
[16:38:20] [Server thread/INFO]: [bclib] World Dimensions: 
 - minecraft:overworld: 
     net.minecraft.class_3754@66c4a031 
     class_4766 (7bd08a1c)
         biomes     = 151
         namespaces = minecraft(53), terralith(94), vanillabackport(1), terrablender(1), yungscavebiomes(2)
 - minecraft:the_nether: 
     BCLib - Chunk Generator (1fab7786) 
     BCLib - Nether BiomeSource (30aefa50)
         biomes     = 13
         namespaces = minecraft(5), incendium(8)
         seed       = 0
         height     = 192
         config     = BCLibNetherBiomeSourceConfig{mapVersion=hex, useVerticalBiomes=true, amplified=false, biomeSize=256, biomeSizeVertical=86}
 - deeperdarker:otherside: 
     net.minecraft.class_3754@ee4ace9 
     class_4766 (638b706)
         biomes     = 4
         namespaces = deeperdarker(4)
 - minecraft:the_end: 
     BCLib - Chunk Generator (4de2402c) 
     BCLib - The End  BiomeSource (5aba547f)
         biomes     = 8
         namespaces = minecraft(5), nullscape(3)
         seed       = 0
         height     = 288
         deciders   = 0
         config     = BCLEndBiomeSourceConfig{mapVersion=hex, generatorVersion=vanilla, withVoidBiomes=true, innerVoidRadiusSquared=1048576, voidBiomesSize=256, centerBiomesSize=256, landBiomesSize=256, barrensBiomesSize=256}
[16:38:21] [Server thread/INFO]: Changing watch distance to 10
[16:38:21] [Server thread/INFO]: Changing watch distance to 10
[16:38:21] [Server thread/INFO]: Changing watch distance to 10
[16:38:21] [Server thread/INFO]: Changing watch distance to 10
[16:38:21] [Server thread/INFO]: Ksyxis: Hey. This is Ksyxis. We will now load the world and will try to do it quickly. If the game is not responding after this, it's probably us to blame or delete for good. This message appears always, even if the mod works flawlessly. (injector: modern, ci: CallbackInfo[TYPE=CallbackInfo,NAME=method_3774,CANCELLABLE=false], server: net.minecraft.class_3176@46556146)
[16:38:21] [Server thread/INFO]: Preparing start region for dimension minecraft:overworld
[16:38:21] [Server thread/WARN]: Method overwrite conflict for removeIf in modernfix-common.mixins.json:bugfix.paper_chunk_patches.SortedArraySetMixin from mod modernfix, previously written by me.jellysquid.mods.lithium.mixin.world.chunk_tickets.SortedArraySetMixin. Skipping method.
[16:38:21] [Server thread/INFO]: Time elapsed: 77 ms
[16:38:21] [Server thread/INFO]: Done (0.975s)! For help, type "help"
[16:38:21] [Server thread/WARN]: Dedicated server took 21.609 seconds to load
[16:38:21] [Server thread/INFO]: [STDOUT]: PREPARING FOR RELOAD
[16:38:21] [Server thread/INFO]: set server game rule for mediumcore because it is set to true in server.properties
[16:39:02] [Server thread/INFO]: Pikel_03[/127.219.55.4:60381] logged in with entity id 10 at (52.34694129919814, 34.0, -48.5)
[16:39:02] [Server thread/INFO]: Loading config from file...
[16:39:02] [Server thread/INFO]: Pikel_03 joined the game
[16:39:03] [Server thread/INFO]: Async chunk loading for player Pikel_03 completed
[16:39:03] [Server thread/INFO]: [bclib] Received Hello from Client. (server=3.0.14, client=3.0.14)
[16:39:03] [Server thread/INFO]: [bclib] Sending Hello to Client. (server=3.0.14)
[16:39:03] [Server thread/INFO]: [bclib] 	- Listing Mod bclib v3.0.14 (size: 2.2 MiB, download=true)
[16:39:03] [Server thread/INFO]: [bclib] 	- Offering Config bclib.CONFIG_bclib.generator
[16:39:03] [Server thread/INFO]: [bclib] 	- Offering Config bclib.CONFIG_bclib.main
[16:39:03] [Server thread/INFO]: [bclib] 	- Offering Config bclib.CONFIG_bclib.biomes
[16:39:03] [Server thread/INFO]: [bclib] 	- Offering Folder /workspaces/rpg1/servidor_minecraft/bclib-sync (allowDelete=true)
[16:39:10] [Worker-Main-1/WARN]: Ignoring unknown attribute 'forge:entity_gravity'
[16:39:10] [Worker-Main-1/WARN]: Ignoring unknown attribute 'forge:entity_gravity'
[16:39:10] [Worker-Main-1/WARN]: Ignoring unknown attribute 'forge:entity_gravity'
[16:39:11] [Server thread/INFO]: Pikel_03 has made the advancement [Strange Biomes]
[16:39:14] [Worker-Main-1/WARN]: Ignoring unknown attribute 'forge:entity_gravity'
[16:39:14] [Worker-Main-1/WARN]: Ignoring unknown attribute 'forge:entity_gravity'
[16:39:14] [Worker-Main-1/WARN]: Ignoring unknown attribute 'forge:entity_gravity'
[16:39:19] [Worker-Main-2/WARN]: Ignoring unknown attribute 'forge:entity_gravity'
[16:39:33] [Server thread/INFO]: Named entity class_1634['Restless Spirit'/239, l='ServerLevel[world]', x=76.33, y=32.78, z=-76.33] died: Restless Spirit starved to death
[16:39:34] [Worker-Main-2/WARN]: Ignoring unknown attribute 'forge:entity_gravity'
[16:39:34] [Worker-Main-1/WARN]: Ignoring unknown attribute 'forge:entity_gravity'
[16:39:34] [Worker-Main-1/WARN]: Ignoring unknown attribute 'forge:entity_gravity'
[16:39:37] [Server thread/INFO]: Named entity class_1634['Restless Spirit'/241, l='ServerLevel[world]', x=79.57, y=39.18, z=-89.32] died: Restless Spirit starved to death
[16:39:38] [Server thread/INFO]: [Pikel_03: Set own game mode to Creative Mode]
[16:39:39] [Worker-Main-3/WARN]: Ignoring unknown attribute 'forge:entity_gravity'
[16:39:39] [Worker-Main-3/WARN]: Ignoring unknown attribute 'forge:entity_gravity'
[16:39:39] [Worker-Main-3/WARN]: Ignoring unknown attribute 'forge:entity_gravity'
[16:39:45] [Server thread/INFO]: Named entity class_1634['Restless Spirit'/353, l='ServerLevel[world]', x=74.78, y=43.62, z=-79.20] died: Restless Spirit starved to death
[16:39:45] [Server thread/INFO]: Named entity class_1634['Restless Spirit'/356, l='ServerLevel[world]', x=81.05, y=43.73, z=-71.32] died: Restless Spirit starved to death
[16:39:45] [Server thread/INFO]: [Pikel_03: Set own game mode to Survival Mode]
[16:39:48] [Worker-Main-3/WARN]: Ignoring unknown attribute 'forge:entity_gravity'
[16:39:48] [Worker-Main-3/WARN]: Ignoring unknown attribute 'forge:entity_gravity'
[16:41:47] [Server thread/INFO]: [Pikel_03: Set own game mode to Creative Mode]
[16:41:49] [Server thread/INFO]: [Pikel_03: Set own game mode to Survival Mode]
[16:42:20] [Server thread/INFO]: Named entity class_1634['Restless Spirit'/1385, l='ServerLevel[world]', x=69.56, y=38.30, z=-86.55] died: Restless Spirit starved to death
[16:42:20] [Server thread/INFO]: Named entity class_1634['Restless Spirit'/1387, l='ServerLevel[world]', x=86.04, y=39.51, z=-66.24] died: Restless Spirit starved to death
[16:42:37] [Server thread/INFO]: Portal located for entity class_3222['Pikel_03'/10, l='ServerLevel[world]', x=53.06, y=34.00, z=-48.50] at TeleportTarget{pitch=21.22494, position=(442.6063131505918, -4.0, -386.5), velocity=(0.0, -0.0784000015258789, 0.0), yaw=51.615356}
[16:43:09] [Server thread/INFO]: [Pikel_03: Set own game mode to Spectator Mode]
[16:43:37] [Server thread/INFO]: [Pikel_03: Set own game mode to Creative Mode]
[16:46:55] [Server thread/INFO]: [Pikel_03: Set own game mode to Survival Mode]
[17:01:16] [Server thread/INFO]: [Pikel_03: Set own game mode to Spectator Mode]
[17:01:32] [Server thread/INFO]: [Pikel_03: Set own game mode to Survival Mode]
[17:06:12] [Server thread/INFO]: [Pikel_03: Set own game mode to Spectator Mode]
[17:06:27] [Server thread/INFO]: [Pikel_03: Set own game mode to Survival Mode]
[17:07:40] [Server thread/INFO]: Pikel_03 has made the advancement [Hide and Seek]
[17:08:31] [Server thread/INFO]: [Pikel_03: Set own game mode to Creative Mode]
[17:08:36] [Server thread/INFO]: Pikel_03 has made the advancement [Sandblasted Corridors]
[17:08:41] [Server thread/INFO]: [Pikel_03: Set own game mode to Survival Mode]
[17:11:32] [Server thread/WARN]: Tried to over-fill a container
[17:14:14] [Server thread/INFO]: [Pikel_03: Set own game mode to Spectator Mode]
[17:14:45] [Server thread/INFO]: [Pikel_03: Set own game mode to Survival Mode]
[17:17:51] [Server thread/INFO]: Pikel_03 lost connection: Disconnected
[17:17:51] [Server thread/INFO]: Pikel_03 left the game
