[04:54:24] [main/INFO] ========================================
[04:54:24] [main/INFO] Minecraft: 1.20.1
[04:54:24] [main/INFO] Side: server
[04:54:24] [main/INFO] Development: false
[04:54:24] [main/INFO] Version: 12.1.785
[04:54:24] [main/INFO] Loader:
[04:54:24] [main/INFO] - Fabric: 0.17.2
[04:54:24] [main/INFO] - Fabric API: 0.92.6+1.20.1
[04:54:24] [main/INFO] Dependencies:
[04:54:24] [main/INFO] - Cloth Config: 11.1.136
[04:54:24] [main/INFO] - Architectury: 9.2.14
[04:54:24] [main/INFO] Mixin: 0.8.7
[04:54:24] [main/INFO] OS: Linux 6.8.0-1030-azure (amd64)
[04:54:24] [main/INFO] Java: 21.0.8 (Ubuntu)
[04:54:24] [main/INFO] ========================================
[04:54:24] [main/INFO] Mods:
[04:54:24] [main/INFO] - accessories: 1.0.0-beta.47+1.20.1
[04:54:24] [main/INFO] - adventurez: 1.4.20
[04:54:24] [main/INFO] - aether: 1.5.2-beta.6
[04:54:24] [main/INFO] - aquamirae: 6
[04:54:24] [main/INFO] - architectury: 9.2.14
[04:54:24] [main/INFO] - attributefix: 21.0.4
[04:54:24] [main/INFO] - azurelib: 3.0.17
[04:54:24] [main/INFO] - azurelibarmor: 2.0.14
[04:54:24] [main/INFO] - balm: 7.3.35
[04:54:24] [main/INFO] - bclib: 3.0.14
[04:54:24] [main/INFO] - bettercombat: 1.8.6+1.20.1
[04:54:24] [main/INFO] - betterdeserttemples: 1.20-Fabric-3.0.3
[04:54:24] [main/INFO] - betterendisland: 1.20-Fabric-2.0.6
[04:54:24] [main/INFO] - betterfortresses: 1.20-Fabric-2.0.6
[04:54:24] [main/INFO] - betteroceanmonuments: 1.20-Fabric-3.0.4
[04:54:24] [main/INFO] - betterstats: 3.12.6+fabric-1.20.1
[04:54:24] [main/INFO] - bettervillage: 3.3.0
[04:54:24] [main/INFO] - bigendcitiesmod: 1.20.1-1.0.4
[04:54:24] [main/INFO] - biomemakeover: 1.20.1-1.11.4
[04:54:24] [main/INFO] - blue_endless_jankson: 1.2.3
[04:54:24] [main/INFO] - bosses_of_mass_destruction: 1.7.5-1.20.1
[04:54:24] [main/INFO] - cardinal-components: 5.2.3
[04:54:24] [main/INFO] - cardinal-components-base: 5.2.3
[04:54:24] [main/INFO] - cardinal-components-block: 5.2.3
[04:54:24] [main/INFO] - cardinal-components-chunk: 5.2.3
[04:54:24] [main/INFO] - cardinal-components-entity: 5.2.3
[04:54:24] [main/INFO] - cardinal-components-item: 5.2.3
[04:54:24] [main/INFO] - cardinal-components-level: 5.2.3
[04:54:24] [main/INFO] - cardinal-components-scoreboard: 5.2.3
[04:54:24] [main/INFO] - cardinal-components-world: 5.2.3
[04:54:24] [main/INFO] - cherry_samurai_temple: 1.0.2
[04:54:24] [main/INFO] - cloth-basic-math: 0.6.1
[04:54:24] [main/INFO] - cloth-config: 11.1.136
[04:54:24] [main/INFO] - cloth-config: 11.1.136
[04:54:24] [main/INFO] - codec-config-api: 3.0.1+1.20.1
[04:54:24] [main/INFO] - collective: 7.84
[04:54:24] [main/INFO] - com_electronwill_night-config_core: 3.8.2
[04:54:24] [main/INFO] - com_electronwill_night-config_toml: 3.8.2
[04:54:24] [main/INFO] - com_eliotlash_mclib_mclib: 20
[04:54:24] [main/INFO] - com_github_zsoltmolnarrr_tinyconfig: 2.3.2
[04:54:24] [main/INFO] - com_teamresourceful_bytecodecs: 1.0.2
[04:54:24] [main/INFO] - com_teamresourceful_yabn: 1.0.3
[04:54:24] [main/INFO] - com_twelvemonkeys_common_common-image: 3.12.0
[04:54:24] [main/INFO] - com_twelvemonkeys_common_common-io: 3.12.0
[04:54:24] [main/INFO] - com_twelvemonkeys_common_common-lang: 3.12.0
[04:54:24] [main/INFO] - com_twelvemonkeys_imageio_imageio-core: 3.12.0
[04:54:24] [main/INFO] - com_twelvemonkeys_imageio_imageio-metadata: 3.12.0
[04:54:24] [main/INFO] - com_twelvemonkeys_imageio_imageio-webp: 3.12.0
[04:54:24] [main/INFO] - companions: 1.1.1
[04:54:24] [main/INFO] - conditional-mixin: 0.6.3
[04:54:24] [main/INFO] - corgilib: 4.0.3.4
[04:54:24] [main/INFO] - coroutil: 1.20.1-1.3.7
[04:54:24] [main/INFO] - cristellib: 1.1.5
[04:54:24] [main/INFO] - ctov: 3.4.14
[04:54:24] [main/INFO] - dungeons_arise: 2.1.58
[04:54:24] [main/INFO] - dungeons_arise_seven_seas: 1.0.2
[04:54:24] [main/INFO] - e4mc_minecraft: 5.3.1
[04:54:24] [main/INFO] - easyshulkerboxes: 8.0.2
[04:54:24] [main/INFO] - elytratrims: 3.5.6
[04:54:24] [main/INFO] - endermanoverhaul: 1.0.4
[04:54:24] [main/INFO] - endrem: 5.2.4
[04:54:24] [main/INFO] - entityculling: 1.7.0
[04:54:24] [main/INFO] - error_notifier: 1.0.9
[04:54:24] [main/INFO] - explorify: 1.6.2
[04:54:24] [main/INFO] - extensibleenums: 7.0.1
[04:54:24] [main/INFO] - extraspellattributes: 1.3.2
[04:54:24] [main/INFO] - fabric-api: 0.92.6+1.20.1
[04:54:24] [main/INFO] - fabric-api: 0.92.6+1.20.1
[04:54:24] [main/INFO] - fabric-api-base: 0.4.32+1802ada577
[04:54:24] [main/INFO] - fabric-api-lookup-api-v1: 1.6.37+1802ada577
[04:54:24] [main/INFO] - fabric-biome-api-v1: 13.0.14+1802ada577
[04:54:24] [main/INFO] - fabric-block-api-v1: 1.0.12+1802ada577
[04:54:24] [main/INFO] - fabric-block-view-api-v2: 1.0.3+924f046a77
[04:54:24] [main/INFO] - fabric-command-api-v1: 1.2.35+f71b366f77
[04:54:24] [main/INFO] - fabric-command-api-v2: 2.2.14+1802ada577
[04:54:24] [main/INFO] - fabric-commands-v0: 0.2.52+df3654b377
[04:54:24] [main/INFO] - fabric-containers-v0: 0.1.67+df3654b377
[04:54:24] [main/INFO] - fabric-content-registries-v0: 4.0.13+1802ada577
[04:54:24] [main/INFO] - fabric-convention-tags-v1: 1.5.6+1802ada577
[04:54:24] [main/INFO] - fabric-crash-report-info-v1: 0.2.20+1802ada577
[04:54:24] [main/INFO] - fabric-data-attachment-api-v1: 1.0.2+de0fd6d177
[04:54:24] [main/INFO] - fabric-data-generation-api-v1: 12.3.7+1802ada577
[04:54:24] [main/INFO] - fabric-dimensions-v1: 2.1.55+1802ada577
[04:54:24] [main/INFO] - fabric-entity-events-v1: 1.6.1+1c78457f77
[04:54:24] [main/INFO] - fabric-events-interaction-v0: 0.6.5+13a40c6677
[04:54:24] [main/INFO] - fabric-events-lifecycle-v0: 0.2.64+df3654b377
[04:54:24] [main/INFO] - fabric-game-rule-api-v1: 1.0.41+1802ada577
[04:54:24] [main/INFO] - fabric-item-api-v1: 2.1.29+1802ada577
[04:54:24] [main/INFO] - fabric-item-group-api-v1: 4.0.14+1802ada577
[04:54:24] [main/INFO] - fabric-language-kotlin: 1.13.4+kotlin.2.2.0
[04:54:24] [main/INFO] - fabric-lifecycle-events-v1: 2.2.23+1802ada577
[04:54:24] [main/INFO] - fabric-loot-api-v2: 1.2.3+1802ada577
[04:54:24] [main/INFO] - fabric-loot-tables-v1: 1.1.47+9e7660c677
[04:54:24] [main/INFO] - fabric-message-api-v1: 5.1.10+1802ada577
[04:54:24] [main/INFO] - fabric-mining-level-api-v1: 2.1.52+1802ada577
[04:54:24] [main/INFO] - fabric-networking-api-v1: 1.3.14+a158aa0477
[04:54:24] [main/INFO] - fabric-networking-v0: 0.3.54+df3654b377
[04:54:24] [main/INFO] - fabric-object-builder-api-v1: 11.1.5+e35120df77
[04:54:24] [main/INFO] - fabric-particles-v1: 1.1.3+1802ada577
[04:54:24] [main/INFO] - fabric-permissions-api-v0: 0.3.1
[04:54:24] [main/INFO] - fabric-recipe-api-v1: 1.0.24+1802ada577
[04:54:24] [main/INFO] - fabric-registry-sync-v0: 2.3.6+1802ada577
[04:54:24] [main/INFO] - fabric-rendering-data-attachment-v1: 0.3.39+92a0d36777
[04:54:24] [main/INFO] - fabric-rendering-fluids-v1: 3.0.29+1802ada577
[04:54:24] [main/INFO] - fabric-resource-conditions-api-v1: 2.3.9+1802ada577
[04:54:24] [main/INFO] - fabric-resource-loader-v0: 0.11.12+fb82e9d777
[04:54:24] [main/INFO] - fabric-screen-handler-api-v1: 1.3.33+1802ada577
[04:54:24] [main/INFO] - fabric-transfer-api-v1: 3.3.6+8dd72ea377
[04:54:24] [main/INFO] - fabric-transitive-access-wideners-v1: 4.3.2+1802ada577
[04:54:24] [main/INFO] - fabricloader: 0.17.2
[04:54:24] [main/INFO] - fantasy_armor: 1.0-1.20.1
[04:54:24] [main/INFO] - ferritecore: 6.0.1
[04:54:24] [main/INFO] - fiber: 0.23.0-2
[04:54:24] [main/INFO] - folk_sisby_kaleido-config: 0.3.1+1.3.1
[04:54:24] [main/INFO] - forgeconfigapiport: 8.0.2
[04:54:24] [main/INFO] - formations: 1.0.4
[04:54:24] [main/INFO] - formationsnether: 1.0.5
[04:54:24] [main/INFO] - formationsoverworld: 1.0.5
[04:54:24] [main/INFO] - friendsandfoes: 3.0.9
[04:54:24] [main/INFO] - fzzy_config: 0.5.4+1.20.1
[04:54:24] [main/INFO] - geckolib: 4.8.2
[04:54:24] [main/INFO] - graveyard: 3.0
[04:54:24] [main/INFO] - grindenchantments: 3.1.4+1.20.1
[04:54:24] [main/INFO] - hopobettermineshaft: 1.2.2
[04:54:24] [main/INFO] - hopobetterruinedportal: 1.3.7
[04:54:24] [main/INFO] - hopobetterunderwaterruins: 1.1.5
[04:54:24] [main/INFO] - horsebuff: 2.1.2
[04:54:24] [main/INFO] - iceberg: 1.1.25
[04:54:24] [main/INFO] - immersivelanterns: 1.0.4
[04:54:24] [main/INFO] - incendium: 5.3.5
[04:54:24] [main/INFO] - io_wispforest_endec: 0.1.8
[04:54:24] [main/INFO] - io_wispforest_endec_gson: 0.1.5
[04:54:24] [main/INFO] - io_wispforest_endec_netty: 0.1.4
[04:54:24] [main/INFO] - jade: 11.13.1+fabric
[04:54:24] [main/INFO] - jamlib: 0.6.1+1.20.x
[04:54:24] [main/INFO] - java: 21
[04:54:24] [main/INFO] - knightlib: 1.3.1
[04:54:24] [main/INFO] - kuma_api: 20.1.11
[04:54:24] [main/INFO] - libraryferret: 4.0.0
[04:54:24] [main/INFO] - lithium: 0.11.2
[04:54:24] [main/INFO] - lithostitched: 1.4.7
[04:54:24] [main/INFO] - maelstrom_library: 1.6.1-1.20
[04:54:24] [main/INFO] - mes: 1.3.4-1.20-fabric
[04:54:24] [main/INFO] - minecraft: 1.20.1
[04:54:24] [main/INFO] - mixinextras: 0.5.0
[04:54:24] [main/INFO] - mixinsquared: 0.1.2-beta.4
[04:54:24] [main/INFO] - mm_shedaniel: 2.4.1
[04:54:24] [main/INFO] - mns: 1.0.3-1.20-fabric
[04:54:24] [main/INFO] - modernfix: 5.19.4+mc1.20.1
[04:54:24] [main/INFO] - moremobvariants: 1.3.1
[04:54:24] [main/INFO] - mr_dungeons_andtaverns: 3.0.3.f
[04:54:24] [main/INFO] - mr_dungeons_andtavernsstrongholdrework: 1
[04:54:24] [main/INFO] - mr_mastercutter: 1.1
[04:54:24] [main/INFO] - mr_qraftys_endvillages: 1
[04:54:24] [main/INFO] - mr_serversleep: 1-datapack
[04:54:24] [main/INFO] - mr_stellarity: 2.0e
[04:54:24] [main/INFO] - mr_true_ending: 1-v1.1.0c
[04:54:24] [main/INFO] - mss: 1.2.7-1.20-fabric
[04:54:24] [main/INFO] - multipart_entities: 1.5-1.20
[04:54:24] [main/INFO] - mutantmonsters: 8.0.7
[04:54:24] [main/INFO] - mvs: 4.1.5-1.20-fabric
[04:54:24] [main/INFO] - mythicmounts: 1.20.1-7.2
[04:54:24] [main/INFO] - net_peanuuutz_tomlkt_tomlkt-jvm: 0.3.7
[04:54:24] [main/INFO] - nitrogen_internals: 1.20.1-1.0.15-fabric
[04:54:24] [main/INFO] - no-resource-pack-warnings: 1.3.0
[04:54:24] [main/INFO] - noisium: 2.3.0+mc1.20-1.20.1
[04:54:24] [main/INFO] - notenoughanimations: 1.7.6
[04:54:24] [main/INFO] - nullscape: 1.2.7
[04:54:24] [main/INFO] - obscure_api: 16
[04:54:24] [main/INFO] - ohthetreesyoullgrow: 1.3.13
[04:54:24] [main/INFO] - org_javassist_javassist: 3.29.2-GA
[04:54:24] [main/INFO] - org_jetbrains_kotlin_kotlin-reflect: 2.2.0
[04:54:24] [main/INFO] - org_jetbrains_kotlin_kotlin-stdlib: 2.2.0
[04:54:24] [main/INFO] - org_jetbrains_kotlin_kotlin-stdlib-jdk7: 2.2.0
[04:54:24] [main/INFO] - org_jetbrains_kotlin_kotlin-stdlib-jdk8: 2.2.0
[04:54:24] [main/INFO] - org_jetbrains_kotlinx_atomicfu-jvm: 0.28.0
[04:54:24] [main/INFO] - org_jetbrains_kotlinx_kotlinx-coroutines-core-jvm: 1.10.2
[04:54:24] [main/INFO] - org_jetbrains_kotlinx_kotlinx-coroutines-jdk8: 1.10.2
[04:54:24] [main/INFO] - org_jetbrains_kotlinx_kotlinx-datetime-jvm: 0.6.2
[04:54:24] [main/INFO] - org_jetbrains_kotlinx_kotlinx-io-bytestring-jvm: 0.7.0
[04:54:24] [main/INFO] - org_jetbrains_kotlinx_kotlinx-io-core-jvm: 0.7.0
[04:54:24] [main/INFO] - org_jetbrains_kotlinx_kotlinx-serialization-cbor-jvm: 1.8.1
[04:54:24] [main/INFO] - org_jetbrains_kotlinx_kotlinx-serialization-core-jvm: 1.8.1
[04:54:24] [main/INFO] - org_jetbrains_kotlinx_kotlinx-serialization-json-jvm: 1.8.1
[04:54:24] [main/INFO] - org_quiltmc_parsers_gson: 0.2.1
[04:54:24] [main/INFO] - org_quiltmc_parsers_json: 0.2.1
[04:54:24] [main/INFO] - org_reflections_reflections: 0.10.2
[04:54:24] [main/INFO] - owo: 0.11.2+1.20
[04:54:24] [main/INFO] - paladins: 1.2.0+1.20.1
[04:54:24] [main/INFO] - paraglider: 20.1.3
[04:54:24] [main/INFO] - patchouli: 1.20.1-81-FABRIC
[04:54:24] [main/INFO] - pickupnotifier: 8.0.0
[04:54:24] [main/INFO] - platform: 1.2.10.1
[04:54:24] [main/INFO] - player-animator: 1.0.2-rc1+1.20
[04:54:24] [main/INFO] - porting_lib_accessors: 2.3.9-beta.52+1.20.1
[04:54:24] [main/INFO] - porting_lib_asm: 2.3.9-beta.51+1.20.1
[04:54:24] [main/INFO] - porting_lib_attributes: 2.3.9-beta.52+1.20.1
[04:54:24] [main/INFO] - porting_lib_base: 2.3.9-beta.52+1.20.1
[04:54:24] [main/INFO] - porting_lib_blocks: 2.3.9-beta.51+1.20.1
[04:54:24] [main/INFO] - porting_lib_brewing: 2.3.9-beta.51+1.20.1
[04:54:24] [main/INFO] - porting_lib_client_events: 2.3.9-beta.51+1.20.1
[04:54:24] [main/INFO] - porting_lib_common: 2.3.9-beta.52+1.20.1
[04:54:24] [main/INFO] - porting_lib_config: 2.3.9-beta.52+1.20.1
[04:54:24] [main/INFO] - porting_lib_core: 2.3.9-beta.52+1.20.1
[04:54:24] [main/INFO] - porting_lib_data: 2.3.9-beta.51+1.20.1
[04:54:24] [main/INFO] - porting_lib_entity: 2.3.9-beta.52+1.20.1
[04:54:24] [main/INFO] - porting_lib_extensions: 2.3.9-beta.52+1.20.1
[04:54:24] [main/INFO] - porting_lib_fluids: 2.3.9-beta.52+1.20.1
[04:54:24] [main/INFO] - porting_lib_gui_utils: 2.3.9-beta.52+1.20.1
[04:54:24] [main/INFO] - porting_lib_items: 2.3.9-beta.51+1.20.1
[04:54:24] [main/INFO] - porting_lib_lazy_registration: 2.3.9-beta.52+1.20.1
[04:54:24] [main/INFO] - porting_lib_level_events: 2.3.9-beta.51+1.20.1
[04:54:24] [main/INFO] - porting_lib_loot: 2.3.9-beta.51+1.20.1
[04:54:24] [main/INFO] - porting_lib_mixin_extensions: 2.3.9-beta.52+1.20.1
[04:54:24] [main/INFO] - porting_lib_model_generators: 2.3.9-beta.51+1.20.1
[04:54:24] [main/INFO] - porting_lib_model_loader: 2.3.9-beta.51+1.20.1
[04:54:24] [main/INFO] - porting_lib_model_materials: 2.3.9-beta.51+1.20.1
[04:54:24] [main/INFO] - porting_lib_models: 2.3.9-beta.51+1.20.1
[04:54:24] [main/INFO] - porting_lib_networking: 2.3.9-beta.51+1.20.1
[04:54:24] [main/INFO] - porting_lib_recipe_book_categories: 2.3.9-beta.51+1.20.1
[04:54:24] [main/INFO] - porting_lib_tags: 3.0
[04:54:24] [main/INFO] - porting_lib_tool_actions: 2.3.9-beta.52+1.20.1
[04:54:24] [main/INFO] - porting_lib_transfer: 2.3.9-beta.52+1.20.1
[04:54:24] [main/INFO] - porting_lib_utility: 2.3.9-beta.52+1.20.1
[04:54:24] [main/INFO] - puzzlesaccessapi: 20.1.1
[04:54:24] [main/INFO] - puzzlesapi: 8.1.6
[04:54:24] [main/INFO] - puzzleslib: 8.1.33
[04:54:24] [main/INFO] - ranged_weapon_api: 1.1.4+1.20.1
[04:54:24] [main/INFO] - reach-entity-attributes: 2.4.0
[04:54:24] [main/INFO] - resourcefulconfig: 2.1.3
[04:54:24] [main/INFO] - resourcefullib: 2.1.29
[04:54:24] [main/INFO] - rightclickharvest: 3.2.3+1.19.x-1.20.1-fabric
[04:54:24] [main/INFO] - rottencreatures: 1.1.0
[04:54:24] [main/INFO] - roughlyenoughitems: 12.1.785
[04:54:24] [main/INFO] - runes: 0.9.13+1.20.1
[04:54:24] [main/INFO] - simplemod: 1.20.1
[04:54:24] [main/INFO] - simplyswords: 1.56.0-1.20.1
[04:54:24] [main/INFO] - skin_changer: 0.6.6
[04:54:24] [main/INFO] - skinlayers3d: 1.6.7
[04:54:24] [main/INFO] - smartbrainlib: 1.15
[04:54:24] [main/INFO] - soulsweapons: 1.3.1-1.20.1-fabric
[04:54:24] [main/INFO] - spell_engine: 0.15.12+1.20.1
[04:54:24] [main/INFO] - spell_power: 0.12.0+1.20.1
[04:54:24] [main/INFO] - spellbladenext: 2.3.0+1.20.1
[04:54:24] [main/INFO] - structory: 1.3.5
[04:54:24] [main/INFO] - structure_pool_api: 1.0+1.20.1
[04:54:24] [main/INFO] - t_and_t: 1.12
[04:54:24] [main/INFO] - taniwha: 1.20.0-5.4.4
[04:54:24] [main/INFO] - tcdcommons: 3.12.3+fabric-1.20.1
[04:54:24] [main/INFO] - terrablender: 3.0.1.10
[04:54:24] [main/INFO] - terralith: 2.5.4
[04:54:24] [main/INFO] - threadtweak: 1.20.2-0.1.1
[04:54:24] [main/INFO] - tlc: 1.2.0
[04:54:24] [main/INFO] - toggleableitemframes: 5.1.0-1.20.1
[04:54:24] [main/INFO] - travelersbackpack: 9.1.39
[04:54:24] [main/INFO] - trinkets: 3.7.2
[04:54:24] [main/INFO] - txnilib: 1.0.24
[04:54:24] [main/INFO] - u_desert: 1.6.0
[04:54:24] [main/INFO] - underground_bunkers: 1.0.3
[04:54:24] [main/INFO] - unwrecked_ships_plus: 2.0.5
[04:54:24] [main/INFO] - visibletraders: 0.0.4
[04:54:24] [main/INFO] - visualworkbench: 8.0.1
[04:54:24] [main/INFO] - vmp: 0.2.0+beta.7.102
[04:54:24] [main/INFO] - wabi_sabi_structures: 2.0.0-1.20
[04:54:24] [main/INFO] - watut: 1.20.1-1.2.3
[04:54:24] [main/INFO] - waystones: 14.1.13
[04:54:24] [main/INFO] - weaponmaster_ydm: 4.2.3
[04:54:24] [main/INFO] - whisperwoods: 1.20.1-2.1.2
[04:54:24] [main/INFO] - wizards: 1.4.1+1.20.1
[04:54:24] [main/INFO] - wunderlib: 1.1.5
[04:54:24] [main/INFO] - xaerominimap: 25.2.6
[04:54:24] [main/INFO] - xaeroworldmap: 1.39.9
[04:54:24] [main/INFO] - yet_another_config_lib_v3: 3.6.6+1.20.1-fabric
[04:54:24] [main/INFO] - yungsapi: 1.20-Fabric-4.0.6
[04:54:24] [main/INFO] - yungscavebiomes: 1.20.1-Fabric-2.0.5
[04:54:24] [main/INFO] ========================================
[04:54:24] [main/INFO] [REI] Registered plugin provider AetherREIServerPlugin [aether] for REIPlugin
[04:54:24] [main/INFO] [REI] Registered plugin provider DefaultPlugin [roughlyenoughitems] for REIPlugin
[04:54:24] [main/INFO] [REI] Registered plugin provider DefaultRuntimePlugin [roughlyenoughitems] for REIPlugin
[04:54:24] [main/INFO] [REI] Registered plugin provider AetherREIServerPlugin [aether] for REIServerPlugin
[04:54:24] [main/INFO] [REI] Registered plugin provider DefaultPlugin [roughlyenoughitems] for REIServerPlugin
[04:54:24] [main/INFO] [REI] Registered plugin provider DefaultRuntimePlugin [roughlyenoughitems] for REIServerPlugin
[04:54:24] [main/INFO] [REI] Registered plugin provider FabricFluidAPISupportPlugin for REIServerPlugin
[04:54:24] [main/INFO] [REI] Registered plugin provider FabricFluidAPISupportPlugin for REIPlugin
[04:54:31] [Worker-Main-4/DEBUG] [REI] Processed 0 tags in 25.33 μs for minecraft:worldgen/processor_list
[04:54:31] [Worker-Main-2/DEBUG] [REI] Processed 1 tags in 585.7 μs for minecraft:painting_variant
[04:54:31] [Worker-Main-2/DEBUG] [REI] Processed 5 tags in 79.98 μs for minecraft:game_event
[04:54:31] [Worker-Main-2/DEBUG] [REI] Processed 3 tags in 24.07 μs for minecraft:instrument
[04:54:31] [Worker-Main-2/DEBUG] [REI] Processed 2 tags in 18.98 μs for minecraft:cat_variant
[04:54:31] [Worker-Main-2/DEBUG] [REI] Processed 5 tags in 32.81 μs for minecraft:sound_event
[04:54:31] [Worker-Main-3/DEBUG] [REI] Processed 0 tags in 36.93 μs for minecraft:worldgen/structure
[04:54:31] [Worker-Main-3/DEBUG] [REI] Processed 5 tags in 32.90 μs for minecraft:fluid
[04:54:31] [Worker-Main-3/DEBUG] [REI] Processed 0 tags in 13.07 μs for minecraft:damage_type
[04:54:32] [Worker-Main-3/DEBUG] [REI] Processed 0 tags in 5.761 μs for minecraft:worldgen/structure_set
[04:54:32] [Worker-Main-3/DEBUG] [REI] Processed 0 tags in 3.236 μs for minecraft:worldgen/flat_level_generator_preset
[04:54:32] [Worker-Main-3/DEBUG] [REI] Processed 1 tags in 632.5 μs for minecraft:mob_effect
[04:54:32] [Worker-Main-3/DEBUG] [REI] Processed 92 tags in 1.597 ms for minecraft:entity_type
[04:54:32] [Worker-Main-4/DEBUG] [REI] Processed 0 tags in 317.0 μs for minecraft:worldgen/biome
[04:54:32] [Worker-Main-4/DEBUG] [REI] Processed 0 tags in 7.134 μs for minecraft:worldgen/world_preset
[04:54:32] [Worker-Main-4/DEBUG] [REI] Processed 5 tags in 42.39 μs for minecraft:point_of_interest_type
[04:54:32] [Worker-Main-4/DEBUG] [REI] Processed 0 tags in 5.390 μs for minecraft:dimension_type
[04:54:32] [Worker-Main-4/DEBUG] [REI] Processed 7 tags in 36.89 μs for minecraft:banner_pattern
[04:54:32] [Worker-Main-2/DEBUG] [REI] Processed 567 tags in 11.96 ms for minecraft:block
[04:54:32] [Worker-Main-4/DEBUG] [REI] Processed 7 tags in 22.52 μs for minecraft:enchantment
[04:54:32] [Worker-Main-3/DEBUG] [REI] Processed 600 tags in 5.785 ms for minecraft:item
[04:54:36] [main/DEBUG] [REI] Starting Reload Plugins of stage null
java.lang.Throwable
	at knot//me.shedaniel.rei.impl.common.plugins.ReloadManagerImpl.reloadPlugins(ReloadManagerImpl.java:110)
	at knot//me.shedaniel.rei.RoughlyEnoughItemsCore.lambda$onInitialize$5(RoughlyEnoughItemsCore.java:163)
	at java.base/java.util.concurrent.CompletableFuture$UniRun.tryFire(CompletableFuture.java:787)
	at java.base/java.util.concurrent.CompletableFuture$Completion.run(CompletableFuture.java:482)
	at knot//net.minecraft.class_4014.method_18365(class_4014.java:69)
	at knot//net.minecraft.class_156.method_43498(class_156.java:950)
	at knot//net.minecraft.class_156.method_43499(class_156.java:938)
	at knot//net.minecraft.server.Main.main(Main.java:160)
	at net.fabricmc.loader.impl.game.minecraft.MinecraftGameProvider.launch(MinecraftGameProvider.java:506)
	at net.fabricmc.loader.impl.launch.knot.Knot.launch(Knot.java:72)
	at net.fabricmc.loader.impl.launch.knot.KnotServer.main(KnotServer.java:23)
	at net.fabricmc.loader.impl.launch.server.FabricServerLauncher.main(FabricServerLauncher.java:69)
	at net.fabricmc.installer.ServerLauncher.main(ServerLauncher.java:69)
[04:54:36] [main/DEBUG] [REI] ========================================
[04:54:36] [main/DEBUG] [REI] REIPlugin starting pre-reload for START.
[04:54:36] [main/DEBUG] [REI] Reloadables (7):
[04:54:36] [main/DEBUG] [REI]  - EntryTypeRegistryImpl
[04:54:36] [main/DEBUG] [REI]  - EntrySettingsAdapterRegistryImpl
[04:54:36] [main/DEBUG] [REI]  - RecipeManagerContextImpl
[04:54:36] [main/DEBUG] [REI]  - ItemComparatorRegistryImpl
[04:54:36] [main/DEBUG] [REI]  - FluidComparatorRegistryImpl
[04:54:36] [main/DEBUG] [REI]  - DisplaySerializerRegistryImpl
[04:54:36] [main/DEBUG] [REI]  - FluidSupportProviderImpl
[04:54:36] [main/DEBUG] [REI] Plugins (4):
[04:54:36] [main/DEBUG] [REI]  - (-100.00) DefaultPlugin of DefaultPlugin [roughlyenoughitems]
[04:54:36] [main/DEBUG] [REI]  - (0.00) FabricFluidAPISupportPlugin
[04:54:36] [main/DEBUG] [REI]  - (0.00) DefaultRuntimePlugin of DefaultRuntimePlugin [roughlyenoughitems]
[04:54:36] [main/DEBUG] [REI]  - (0.00) AetherREIServerPlugin of AetherREIServerPlugin [aether]
[04:54:36] [main/DEBUG] [REI] ========================================
[04:54:36] [main/TRACE] [REI] [REIPlugin START] Reloading Section: "pre-register/"
[04:54:36] [main/TRACE] [REI] [REIPlugin START] Reloading Section: "pre-register/DefaultPlugin of DefaultPlugin [roughlyenoughitems]/"
[04:54:36] [main/TRACE] [REI] [REIPlugin START] Reloading Section: "pre-register/DefaultPlugin of DefaultPlugin [roughlyenoughitems]/" done in 1.034 ms
[04:54:36] [main/TRACE] [REI] [REIPlugin START] Reloading Section: "pre-register/FabricFluidAPISupportPlugin/"
[04:54:36] [main/TRACE] [REI] [REIPlugin START] Reloading Section: "pre-register/FabricFluidAPISupportPlugin/" done in 215.7 μs
[04:54:36] [main/TRACE] [REI] [REIPlugin START] Reloading Section: "pre-register/DefaultRuntimePlugin of DefaultRuntimePlugin [roughlyenoughitems]/"
[04:54:36] [main/TRACE] [REI] [REIPlugin START] Reloading Section: "pre-register/DefaultRuntimePlugin of DefaultRuntimePlugin [roughlyenoughitems]/" done in 199.5 μs
[04:54:36] [main/TRACE] [REI] [REIPlugin START] Reloading Section: "pre-register/AetherREIServerPlugin of AetherREIServerPlugin [aether]/"
[04:54:36] [main/TRACE] [REI] [REIPlugin START] Reloading Section: "pre-register/AetherREIServerPlugin of AetherREIServerPlugin [aether]/" done in 303.1 μs
[04:54:36] [main/TRACE] [REI] [REIPlugin START] Reloading Section: "pre-register/" done in 12.75 ms
[04:54:36] [main/TRACE] [REI] [REIPlugin START] Reloading Section: "pre-stage/"
[04:54:36] [main/TRACE] [REI] [REIPlugin START] Reloading Section: "pre-stage/EntryTypeRegistryImpl/"
[04:54:36] [main/TRACE] [REI] [REIPlugin START] Reloading Section: "pre-stage/EntryTypeRegistryImpl/" done in 494.5 μs
[04:54:36] [main/TRACE] [REI] [REIPlugin START] Reloading Section: "pre-stage/EntrySettingsAdapterRegistryImpl/"
[04:54:36] [main/TRACE] [REI] [REIPlugin START] Reloading Section: "pre-stage/EntrySettingsAdapterRegistryImpl/" done in 195.8 μs
[04:54:36] [main/TRACE] [REI] [REIPlugin START] Reloading Section: "pre-stage/RecipeManagerContextImpl/"
[04:54:36] [main/TRACE] [REI] [REIPlugin START] Reloading Section: "pre-stage/RecipeManagerContextImpl/" done in 184.7 μs
[04:54:36] [main/TRACE] [REI] [REIPlugin START] Reloading Section: "pre-stage/ItemComparatorRegistryImpl/"
[04:54:36] [main/TRACE] [REI] [REIPlugin START] Reloading Section: "pre-stage/ItemComparatorRegistryImpl/" done in 194.7 μs
[04:54:36] [main/TRACE] [REI] [REIPlugin START] Reloading Section: "pre-stage/FluidComparatorRegistryImpl/"
[04:54:36] [main/TRACE] [REI] [REIPlugin START] Reloading Section: "pre-stage/FluidComparatorRegistryImpl/" done in 223.3 μs
[04:54:36] [main/TRACE] [REI] [REIPlugin START] Reloading Section: "pre-stage/DisplaySerializerRegistryImpl/"
[04:54:36] [main/TRACE] [REI] [REIPlugin START] Reloading Section: "pre-stage/DisplaySerializerRegistryImpl/" done in 176.8 μs
[04:54:36] [main/TRACE] [REI] [REIPlugin START] Reloading Section: "pre-stage/FluidSupportProviderImpl/"
[04:54:36] [main/TRACE] [REI] [REIPlugin START] Reloading Section: "pre-stage/FluidSupportProviderImpl/" done in 32.14 μs
[04:54:36] [main/TRACE] [REI] [REIPlugin START] Reloading Section: "pre-stage/" done in 3.272 ms
[04:54:36] [main/DEBUG] [REI] ========================================
[04:54:36] [main/DEBUG] [REI] REIPlugin finished pre-reload for START in 17.52 ms.
[04:54:36] [main/DEBUG] [REI] ========================================
[04:54:36] [main/DEBUG] [REI] ========================================
[04:54:36] [main/DEBUG] [REI] REIServerPlugin starting pre-reload for START.
[04:54:36] [main/DEBUG] [REI] Reloadables (2):
[04:54:36] [main/DEBUG] [REI]  - MenuInfoRegistryImpl
[04:54:36] [main/DEBUG] [REI]  - SlotAccessorRegistryImpl
[04:54:36] [main/DEBUG] [REI] Plugins (4):
[04:54:36] [main/DEBUG] [REI]  - (-100.00) DefaultPlugin of DefaultPlugin [roughlyenoughitems]
[04:54:36] [main/DEBUG] [REI]  - (0.00) FabricFluidAPISupportPlugin
[04:54:36] [main/DEBUG] [REI]  - (0.00) DefaultRuntimePlugin of DefaultRuntimePlugin [roughlyenoughitems]
[04:54:36] [main/DEBUG] [REI]  - (0.00) AetherREIServerPlugin of AetherREIServerPlugin [aether]
[04:54:36] [main/DEBUG] [REI] ========================================
[04:54:36] [main/TRACE] [REI] [REIServerPlugin START] Reloading Section: "pre-register/"
[04:54:36] [main/TRACE] [REI] [REIServerPlugin START] Reloading Section: "pre-register/DefaultPlugin of DefaultPlugin [roughlyenoughitems]/"
[04:54:36] [main/TRACE] [REI] [REIServerPlugin START] Reloading Section: "pre-register/DefaultPlugin of DefaultPlugin [roughlyenoughitems]/" done in 31.72 μs
[04:54:36] [main/TRACE] [REI] [REIServerPlugin START] Reloading Section: "pre-register/FabricFluidAPISupportPlugin/"
[04:54:36] [main/TRACE] [REI] [REIServerPlugin START] Reloading Section: "pre-register/FabricFluidAPISupportPlugin/" done in 36.72 μs
[04:54:36] [main/TRACE] [REI] [REIServerPlugin START] Reloading Section: "pre-register/DefaultRuntimePlugin of DefaultRuntimePlugin [roughlyenoughitems]/"
[04:54:36] [main/TRACE] [REI] [REIServerPlugin START] Reloading Section: "pre-register/DefaultRuntimePlugin of DefaultRuntimePlugin [roughlyenoughitems]/" done in 484.0 μs
[04:54:36] [main/TRACE] [REI] [REIServerPlugin START] Reloading Section: "pre-register/AetherREIServerPlugin of AetherREIServerPlugin [aether]/"
[04:54:36] [main/TRACE] [REI] [REIServerPlugin START] Reloading Section: "pre-register/AetherREIServerPlugin of AetherREIServerPlugin [aether]/" done in 288.5 μs
[04:54:36] [main/TRACE] [REI] [REIServerPlugin START] Reloading Section: "pre-register/" done in 1.656 ms
[04:54:36] [main/TRACE] [REI] [REIServerPlugin START] Reloading Section: "pre-stage/"
[04:54:36] [main/TRACE] [REI] [REIServerPlugin START] Reloading Section: "pre-stage/MenuInfoRegistryImpl/"
[04:54:36] [main/TRACE] [REI] [REIServerPlugin START] Reloading Section: "pre-stage/MenuInfoRegistryImpl/" done in 249.4 μs
[04:54:36] [main/TRACE] [REI] [REIServerPlugin START] Reloading Section: "pre-stage/SlotAccessorRegistryImpl/"
[04:54:36] [main/TRACE] [REI] [REIServerPlugin START] Reloading Section: "pre-stage/SlotAccessorRegistryImpl/" done in 198.5 μs
[04:54:36] [main/TRACE] [REI] [REIServerPlugin START] Reloading Section: "pre-stage/" done in 1.446 ms
[04:54:36] [main/DEBUG] [REI] ========================================
[04:54:36] [main/DEBUG] [REI] REIServerPlugin finished pre-reload for START in 3.536 ms.
[04:54:36] [main/DEBUG] [REI] ========================================
[04:54:36] [main/INFO] [REI] ~~~~~~~~~~~~~~~~~~~~~~~~~~~~~~~~~~~~~~~~
[04:54:36] [main/INFO] [REI] REIPlugin starting main-reload for START.
[04:54:36] [main/DEBUG] [REI] Reloadables (7):
[04:54:36] [main/DEBUG] [REI]  - EntryTypeRegistryImpl
[04:54:36] [main/DEBUG] [REI]  - EntrySettingsAdapterRegistryImpl
[04:54:36] [main/DEBUG] [REI]  - RecipeManagerContextImpl
[04:54:36] [main/DEBUG] [REI]  - ItemComparatorRegistryImpl
[04:54:36] [main/DEBUG] [REI]  - FluidComparatorRegistryImpl
[04:54:36] [main/DEBUG] [REI]  - DisplaySerializerRegistryImpl
[04:54:36] [main/DEBUG] [REI]  - FluidSupportProviderImpl
[04:54:36] [main/INFO] [REI] Plugins (4):
[04:54:36] [main/INFO] [REI]  - (-100.00) DefaultPlugin of DefaultPlugin [roughlyenoughitems]
[04:54:36] [main/INFO] [REI]  - (0.00) FabricFluidAPISupportPlugin
[04:54:36] [main/INFO] [REI]  - (0.00) DefaultRuntimePlugin of DefaultRuntimePlugin [roughlyenoughitems]
[04:54:36] [main/INFO] [REI]  - (0.00) AetherREIServerPlugin of AetherREIServerPlugin [aether]
[04:54:36] [main/INFO] [REI] ~~~~~~~~~~~~~~~~~~~~~~~~~~~~~~~~~~~~~~~~
[04:54:36] [main/TRACE] [REI] [REIPlugin START] Reloading Section: "start-reload/"
[04:54:36] [main/TRACE] [REI] [REIPlugin START] Reloading Section: "start-reload/EntryTypeRegistryImpl/"
[04:54:36] [main/TRACE] [REI] [REIPlugin START] Reloading Section: "start-reload/EntryTypeRegistryImpl/" done in 73.88 μs
[04:54:36] [main/TRACE] [REI] [REIPlugin START] Reloading Section: "start-reload/EntrySettingsAdapterRegistryImpl/"
[04:54:36] [main/TRACE] [REI] [REIPlugin START] Reloading Section: "start-reload/EntrySettingsAdapterRegistryImpl/" done in 45.11 μs
[04:54:36] [main/TRACE] [REI] [REIPlugin START] Reloading Section: "start-reload/RecipeManagerContextImpl/"
[04:54:36] [main/TRACE] [REI] [REIPlugin START] Reloading Section: "start-reload/RecipeManagerContextImpl/" done in 37.27 μs
[04:54:36] [main/TRACE] [REI] [REIPlugin START] Reloading Section: "start-reload/ItemComparatorRegistryImpl/"
[04:54:36] [main/TRACE] [REI] [REIPlugin START] Reloading Section: "start-reload/ItemComparatorRegistryImpl/" done in 56.73 μs
[04:54:36] [main/TRACE] [REI] [REIPlugin START] Reloading Section: "start-reload/FluidComparatorRegistryImpl/"
[04:54:36] [main/TRACE] [REI] [REIPlugin START] Reloading Section: "start-reload/FluidComparatorRegistryImpl/" done in 39.01 μs
[04:54:36] [main/TRACE] [REI] [REIPlugin START] Reloading Section: "start-reload/DisplaySerializerRegistryImpl/"
[04:54:36] [main/TRACE] [REI] [REIPlugin START] Reloading Section: "start-reload/DisplaySerializerRegistryImpl/" done in 35.76 μs
[04:54:36] [main/TRACE] [REI] [REIPlugin START] Reloading Section: "start-reload/FluidSupportProviderImpl/"
[04:54:36] [main/TRACE] [REI] [REIPlugin START] Reloading Section: "start-reload/FluidSupportProviderImpl/" done in 74.45 μs
[04:54:36] [main/TRACE] [REI] [REIPlugin START] Reloading Section: "start-reload/" done in 882.6 μs
[04:54:36] [main/DEBUG] [REI] ========================================
[04:54:36] [main/DEBUG] [REI] REIPlugin started main-reload for START.
[04:54:36] [main/DEBUG] [REI] ========================================
[04:54:36] [main/TRACE] [REI] [REIPlugin START] Reloading Section: "reloadable-plugin/EntryTypeRegistryImpl/"
[04:54:36] [main/TRACE] [REI] [REIPlugin START] Reloading Section: "reloadable-plugin/EntryTypeRegistryImpl/DefaultPlugin of DefaultPlugin [roughlyenoughitems]/"
[04:54:36] [main/TRACE] [REI] [REIPlugin START] Reloading Section: "reloadable-plugin/EntryTypeRegistryImpl/DefaultPlugin of DefaultPlugin [roughlyenoughitems]/" done in 1.054 ms
[04:54:36] [main/TRACE] [REI] [REIPlugin START] Reloading Section: "reloadable-plugin/EntryTypeRegistryImpl/FabricFluidAPISupportPlugin/"
[04:54:36] [main/TRACE] [REI] [REIPlugin START] Reloading Section: "reloadable-plugin/EntryTypeRegistryImpl/FabricFluidAPISupportPlugin/" done in 66.69 μs
[04:54:36] [main/TRACE] [REI] [REIPlugin START] Reloading Section: "reloadable-plugin/EntryTypeRegistryImpl/DefaultRuntimePlugin of DefaultRuntimePlugin [roughlyenoughitems]/"
[04:54:36] [main/TRACE] [REI] [REIPlugin START] Reloading Section: "reloadable-plugin/EntryTypeRegistryImpl/DefaultRuntimePlugin of DefaultRuntimePlugin [roughlyenoughitems]/" done in 10.02 ms
[04:54:36] [main/TRACE] [REI] [REIPlugin START] Reloading Section: "reloadable-plugin/EntryTypeRegistryImpl/AetherREIServerPlugin of AetherREIServerPlugin [aether]/"
[04:54:36] [main/TRACE] [REI] [REIPlugin START] Reloading Section: "reloadable-plugin/EntryTypeRegistryImpl/AetherREIServerPlugin of AetherREIServerPlugin [aether]/" done in 317.4 μs
[04:54:36] [main/TRACE] [REI] [REIPlugin START] Reloading Section: "reloadable-plugin/EntryTypeRegistryImpl/" done in 13.06 ms
[04:54:36] [main/TRACE] [REI] [REIPlugin START] Reloading Section: "reloadable-plugin/EntrySettingsAdapterRegistryImpl/"
[04:54:36] [main/TRACE] [REI] [REIPlugin START] Reloading Section: "reloadable-plugin/EntrySettingsAdapterRegistryImpl/DefaultPlugin of DefaultPlugin [roughlyenoughitems]/"
[04:54:36] [main/TRACE] [REI] [REIPlugin START] Reloading Section: "reloadable-plugin/EntrySettingsAdapterRegistryImpl/DefaultPlugin of DefaultPlugin [roughlyenoughitems]/" done in 269.4 μs
[04:54:36] [main/TRACE] [REI] [REIPlugin START] Reloading Section: "reloadable-plugin/EntrySettingsAdapterRegistryImpl/FabricFluidAPISupportPlugin/"
[04:54:36] [main/TRACE] [REI] [REIPlugin START] Reloading Section: "reloadable-plugin/EntrySettingsAdapterRegistryImpl/FabricFluidAPISupportPlugin/" done in 182.1 μs
[04:54:36] [main/TRACE] [REI] [REIPlugin START] Reloading Section: "reloadable-plugin/EntrySettingsAdapterRegistryImpl/DefaultRuntimePlugin of DefaultRuntimePlugin [roughlyenoughitems]/"
[04:54:36] [main/TRACE] [REI] [REIPlugin START] Reloading Section: "reloadable-plugin/EntrySettingsAdapterRegistryImpl/DefaultRuntimePlugin of DefaultRuntimePlugin [roughlyenoughitems]/" done in 243.9 μs
[04:54:36] [main/TRACE] [REI] [REIPlugin START] Reloading Section: "reloadable-plugin/EntrySettingsAdapterRegistryImpl/AetherREIServerPlugin of AetherREIServerPlugin [aether]/"
[04:54:36] [main/TRACE] [REI] [REIPlugin START] Reloading Section: "reloadable-plugin/EntrySettingsAdapterRegistryImpl/AetherREIServerPlugin of AetherREIServerPlugin [aether]/" done in 219.5 μs
[04:54:36] [main/TRACE] [REI] [REIPlugin START] Reloading Section: "reloadable-plugin/EntrySettingsAdapterRegistryImpl/" done in 2.548 ms
[04:54:36] [main/TRACE] [REI] [REIPlugin START] Reloading Section: "reloadable-plugin/RecipeManagerContextImpl/"
[04:54:36] [main/TRACE] [REI] [REIPlugin START] Reloading Section: "reloadable-plugin/RecipeManagerContextImpl/DefaultPlugin of DefaultPlugin [roughlyenoughitems]/"
[04:54:36] [main/TRACE] [REI] [REIPlugin START] Reloading Section: "reloadable-plugin/RecipeManagerContextImpl/DefaultPlugin of DefaultPlugin [roughlyenoughitems]/" done in 55.28 μs
[04:54:36] [main/TRACE] [REI] [REIPlugin START] Reloading Section: "reloadable-plugin/RecipeManagerContextImpl/FabricFluidAPISupportPlugin/"
[04:54:36] [main/TRACE] [REI] [REIPlugin START] Reloading Section: "reloadable-plugin/RecipeManagerContextImpl/FabricFluidAPISupportPlugin/" done in 43.45 μs
[04:54:36] [main/TRACE] [REI] [REIPlugin START] Reloading Section: "reloadable-plugin/RecipeManagerContextImpl/DefaultRuntimePlugin of DefaultRuntimePlugin [roughlyenoughitems]/"
[04:54:36] [main/TRACE] [REI] [REIPlugin START] Reloading Section: "reloadable-plugin/RecipeManagerContextImpl/DefaultRuntimePlugin of DefaultRuntimePlugin [roughlyenoughitems]/" done in 43.38 μs
[04:54:36] [main/TRACE] [REI] [REIPlugin START] Reloading Section: "reloadable-plugin/RecipeManagerContextImpl/AetherREIServerPlugin of AetherREIServerPlugin [aether]/"
[04:54:36] [main/TRACE] [REI] [REIPlugin START] Reloading Section: "reloadable-plugin/RecipeManagerContextImpl/AetherREIServerPlugin of AetherREIServerPlugin [aether]/" done in 63.34 μs
[04:54:36] [main/TRACE] [REI] [REIPlugin START] Reloading Section: "reloadable-plugin/RecipeManagerContextImpl/" done in 635.4 μs
[04:54:36] [main/TRACE] [REI] [REIPlugin START] Reloading Section: "reloadable-plugin/ItemComparatorRegistryImpl/"
[04:54:36] [main/TRACE] [REI] [REIPlugin START] Reloading Section: "reloadable-plugin/ItemComparatorRegistryImpl/DefaultPlugin of DefaultPlugin [roughlyenoughitems]/"
[04:54:36] [main/TRACE] [REI] [REIPlugin START] Reloading Section: "reloadable-plugin/ItemComparatorRegistryImpl/DefaultPlugin of DefaultPlugin [roughlyenoughitems]/" done in 960.4 μs
[04:54:36] [main/TRACE] [REI] [REIPlugin START] Reloading Section: "reloadable-plugin/ItemComparatorRegistryImpl/FabricFluidAPISupportPlugin/"
[04:54:36] [main/TRACE] [REI] [REIPlugin START] Reloading Section: "reloadable-plugin/ItemComparatorRegistryImpl/FabricFluidAPISupportPlugin/" done in 50.58 μs
[04:54:36] [main/TRACE] [REI] [REIPlugin START] Reloading Section: "reloadable-plugin/ItemComparatorRegistryImpl/DefaultRuntimePlugin of DefaultRuntimePlugin [roughlyenoughitems]/"
[04:54:36] [main/TRACE] [REI] [REIPlugin START] Reloading Section: "reloadable-plugin/ItemComparatorRegistryImpl/DefaultRuntimePlugin of DefaultRuntimePlugin [roughlyenoughitems]/" done in 51.58 μs
[04:54:36] [main/TRACE] [REI] [REIPlugin START] Reloading Section: "reloadable-plugin/ItemComparatorRegistryImpl/AetherREIServerPlugin of AetherREIServerPlugin [aether]/"
[04:54:36] [main/TRACE] [REI] [REIPlugin START] Reloading Section: "reloadable-plugin/ItemComparatorRegistryImpl/AetherREIServerPlugin of AetherREIServerPlugin [aether]/" done in 43.26 μs
[04:54:36] [main/TRACE] [REI] [REIPlugin START] Reloading Section: "reloadable-plugin/ItemComparatorRegistryImpl/" done in 1.449 ms
[04:54:36] [main/TRACE] [REI] [REIPlugin START] Reloading Section: "reloadable-plugin/FluidComparatorRegistryImpl/"
[04:54:36] [main/TRACE] [REI] [REIPlugin START] Reloading Section: "reloadable-plugin/FluidComparatorRegistryImpl/DefaultPlugin of DefaultPlugin [roughlyenoughitems]/"
[04:54:36] [main/TRACE] [REI] [REIPlugin START] Reloading Section: "reloadable-plugin/FluidComparatorRegistryImpl/DefaultPlugin of DefaultPlugin [roughlyenoughitems]/" done in 49.38 μs
[04:54:36] [main/TRACE] [REI] [REIPlugin START] Reloading Section: "reloadable-plugin/FluidComparatorRegistryImpl/FabricFluidAPISupportPlugin/"
[04:54:36] [main/TRACE] [REI] [REIPlugin START] Reloading Section: "reloadable-plugin/FluidComparatorRegistryImpl/FabricFluidAPISupportPlugin/" done in 45.94 μs
[04:54:36] [main/TRACE] [REI] [REIPlugin START] Reloading Section: "reloadable-plugin/FluidComparatorRegistryImpl/DefaultRuntimePlugin of DefaultRuntimePlugin [roughlyenoughitems]/"
[04:54:36] [main/TRACE] [REI] [REIPlugin START] Reloading Section: "reloadable-plugin/FluidComparatorRegistryImpl/DefaultRuntimePlugin of DefaultRuntimePlugin [roughlyenoughitems]/" done in 46.85 μs
[04:54:36] [main/TRACE] [REI] [REIPlugin START] Reloading Section: "reloadable-plugin/FluidComparatorRegistryImpl/AetherREIServerPlugin of AetherREIServerPlugin [aether]/"
[04:54:36] [main/TRACE] [REI] [REIPlugin START] Reloading Section: "reloadable-plugin/FluidComparatorRegistryImpl/AetherREIServerPlugin of AetherREIServerPlugin [aether]/" done in 106.2 μs
[04:54:36] [main/TRACE] [REI] [REIPlugin START] Reloading Section: "reloadable-plugin/FluidComparatorRegistryImpl/" done in 868.9 μs
[04:54:36] [main/TRACE] [REI] [REIPlugin START] Reloading Section: "reloadable-plugin/DisplaySerializerRegistryImpl/"
[04:54:36] [main/TRACE] [REI] [REIPlugin START] Reloading Section: "reloadable-plugin/DisplaySerializerRegistryImpl/DefaultPlugin of DefaultPlugin [roughlyenoughitems]/"
[04:54:36] [main/TRACE] [REI] [REIPlugin START] Reloading Section: "reloadable-plugin/DisplaySerializerRegistryImpl/DefaultPlugin of DefaultPlugin [roughlyenoughitems]/" done in 31.95 μs
[04:54:36] [main/TRACE] [REI] [REIPlugin START] Reloading Section: "reloadable-plugin/DisplaySerializerRegistryImpl/FabricFluidAPISupportPlugin/"
[04:54:36] [main/TRACE] [REI] [REIPlugin START] Reloading Section: "reloadable-plugin/DisplaySerializerRegistryImpl/FabricFluidAPISupportPlugin/" done in 33.62 μs
[04:54:36] [main/TRACE] [REI] [REIPlugin START] Reloading Section: "reloadable-plugin/DisplaySerializerRegistryImpl/DefaultRuntimePlugin of DefaultRuntimePlugin [roughlyenoughitems]/"
[04:54:36] [main/TRACE] [REI] [REIPlugin START] Reloading Section: "reloadable-plugin/DisplaySerializerRegistryImpl/DefaultRuntimePlugin of DefaultRuntimePlugin [roughlyenoughitems]/" done in 43.04 μs
[04:54:36] [main/TRACE] [REI] [REIPlugin START] Reloading Section: "reloadable-plugin/DisplaySerializerRegistryImpl/AetherREIServerPlugin of AetherREIServerPlugin [aether]/"
[04:54:36] [main/TRACE] [REI] [REIPlugin START] Reloading Section: "reloadable-plugin/DisplaySerializerRegistryImpl/AetherREIServerPlugin of AetherREIServerPlugin [aether]/" done in 54.11 μs
[04:54:36] [main/TRACE] [REI] [REIPlugin START] Reloading Section: "reloadable-plugin/DisplaySerializerRegistryImpl/" done in 469.2 μs
[04:54:36] [main/TRACE] [REI] [REIPlugin START] Reloading Section: "reloadable-plugin/FluidSupportProviderImpl/"
[04:54:36] [main/TRACE] [REI] [REIPlugin START] Reloading Section: "reloadable-plugin/FluidSupportProviderImpl/DefaultPlugin of DefaultPlugin [roughlyenoughitems]/"
[04:54:36] [main/TRACE] [REI] [REIPlugin START] Reloading Section: "reloadable-plugin/FluidSupportProviderImpl/DefaultPlugin of DefaultPlugin [roughlyenoughitems]/" done in 505.0 μs
[04:54:36] [main/TRACE] [REI] [REIPlugin START] Reloading Section: "reloadable-plugin/FluidSupportProviderImpl/FabricFluidAPISupportPlugin/"
[04:54:36] [main/TRACE] [REI] [REIPlugin START] Reloading Section: "reloadable-plugin/FluidSupportProviderImpl/FabricFluidAPISupportPlugin/" done in 210.2 μs
[04:54:36] [main/TRACE] [REI] [REIPlugin START] Reloading Section: "reloadable-plugin/FluidSupportProviderImpl/DefaultRuntimePlugin of DefaultRuntimePlugin [roughlyenoughitems]/"
[04:54:36] [main/TRACE] [REI] [REIPlugin START] Reloading Section: "reloadable-plugin/FluidSupportProviderImpl/DefaultRuntimePlugin of DefaultRuntimePlugin [roughlyenoughitems]/" done in 150.4 μs
[04:54:36] [main/TRACE] [REI] [REIPlugin START] Reloading Section: "reloadable-plugin/FluidSupportProviderImpl/AetherREIServerPlugin of AetherREIServerPlugin [aether]/"
[04:54:36] [main/TRACE] [REI] [REIPlugin START] Reloading Section: "reloadable-plugin/FluidSupportProviderImpl/AetherREIServerPlugin of AetherREIServerPlugin [aether]/" done in 120.0 μs
[04:54:36] [main/TRACE] [REI] [REIPlugin START] Reloading Section: "reloadable-plugin/FluidSupportProviderImpl/" done in 1.617 ms
[04:54:36] [main/DEBUG] [REI] ========================================
[04:54:36] [main/DEBUG] [REI] REIPlugin ending main-reload for START.
[04:54:36] [main/DEBUG] [REI] ========================================
[04:54:36] [main/TRACE] [REI] [REIPlugin START] Reloading Section: "end-reload/"
[04:54:36] [main/TRACE] [REI] [REIPlugin START] Reloading Section: "end-reload/EntryTypeRegistryImpl/"
[04:54:36] [main/TRACE] [REI] [REIPlugin START] Reloading Section: "end-reload/EntryTypeRegistryImpl/" done in 52.44 μs
[04:54:36] [main/TRACE] [REI] [REIPlugin START] Reloading Section: "end-reload/EntrySettingsAdapterRegistryImpl/"
[04:54:36] [main/TRACE] [REI] [REIPlugin START] Reloading Section: "end-reload/EntrySettingsAdapterRegistryImpl/" done in 39.69 μs
[04:54:36] [main/TRACE] [REI] [REIPlugin START] Reloading Section: "end-reload/RecipeManagerContextImpl/"
[04:54:36] [main/TRACE] [REI] [REIPlugin START] Reloading Section: "end-reload/RecipeManagerContextImpl/" done in 149.1 μs
[04:54:36] [main/TRACE] [REI] [REIPlugin START] Reloading Section: "end-reload/ItemComparatorRegistryImpl/"
[04:54:36] [main/TRACE] [REI] [REIPlugin START] Reloading Section: "end-reload/ItemComparatorRegistryImpl/" done in 36.68 μs
[04:54:36] [main/TRACE] [REI] [REIPlugin START] Reloading Section: "end-reload/FluidComparatorRegistryImpl/"
[04:54:36] [main/TRACE] [REI] [REIPlugin START] Reloading Section: "end-reload/FluidComparatorRegistryImpl/" done in 51.81 μs
[04:54:36] [main/TRACE] [REI] [REIPlugin START] Reloading Section: "end-reload/DisplaySerializerRegistryImpl/"
[04:54:36] [main/TRACE] [REI] [REIPlugin START] Reloading Section: "end-reload/DisplaySerializerRegistryImpl/" done in 36.03 μs
[04:54:36] [main/TRACE] [REI] [REIPlugin START] Reloading Section: "end-reload/FluidSupportProviderImpl/"
[04:54:36] [main/TRACE] [REI] [REIPlugin START] Reloading Section: "end-reload/FluidSupportProviderImpl/" done in 34.97 μs
[04:54:36] [main/TRACE] [REI] [REIPlugin START] Reloading Section: "end-reload/" done in 1.070 ms
[04:54:36] [main/DEBUG] [REI] ========================================
[04:54:36] [main/DEBUG] [REI] REIPlugin ended main-reload for START in 25.86 ms.
[04:54:36] [main/DEBUG] [REI] ========================================
[04:54:36] [main/INFO] [REI] OOOOOOOOOOOOOOOOOOOOOOOOOOOOOOOOOOOOOOOO
[04:54:36] [main/INFO] [REI] REIServerPlugin starting main-reload for START.
[04:54:36] [main/DEBUG] [REI] Reloadables (2):
[04:54:36] [main/DEBUG] [REI]  - MenuInfoRegistryImpl
[04:54:36] [main/DEBUG] [REI]  - SlotAccessorRegistryImpl
[04:54:36] [main/INFO] [REI] Plugins (4):
[04:54:36] [main/INFO] [REI]  - (-100.00) DefaultPlugin of DefaultPlugin [roughlyenoughitems]
[04:54:36] [main/INFO] [REI]  - (0.00) FabricFluidAPISupportPlugin
[04:54:36] [main/INFO] [REI]  - (0.00) DefaultRuntimePlugin of DefaultRuntimePlugin [roughlyenoughitems]
[04:54:36] [main/INFO] [REI]  - (0.00) AetherREIServerPlugin of AetherREIServerPlugin [aether]
[04:54:36] [main/INFO] [REI] OOOOOOOOOOOOOOOOOOOOOOOOOOOOOOOOOOOOOOOO
[04:54:36] [main/TRACE] [REI] [REIServerPlugin START] Reloading Section: "start-reload/"
[04:54:36] [main/TRACE] [REI] [REIServerPlugin START] Reloading Section: "start-reload/MenuInfoRegistryImpl/"
[04:54:36] [main/TRACE] [REI] [REIServerPlugin START] Reloading Section: "start-reload/MenuInfoRegistryImpl/" done in 27.88 μs
[04:54:36] [main/TRACE] [REI] [REIServerPlugin START] Reloading Section: "start-reload/SlotAccessorRegistryImpl/"
[04:54:36] [main/TRACE] [REI] [REIServerPlugin START] Reloading Section: "start-reload/SlotAccessorRegistryImpl/" done in 23.11 μs
[04:54:36] [main/TRACE] [REI] [REIServerPlugin START] Reloading Section: "start-reload/" done in 200.7 μs
[04:54:36] [main/DEBUG] [REI] ========================================
[04:54:36] [main/DEBUG] [REI] REIServerPlugin started main-reload for START.
[04:54:36] [main/DEBUG] [REI] ========================================
[04:54:36] [main/TRACE] [REI] [REIServerPlugin START] Reloading Section: "reloadable-plugin/MenuInfoRegistryImpl/"
[04:54:36] [main/TRACE] [REI] [REIServerPlugin START] Reloading Section: "reloadable-plugin/MenuInfoRegistryImpl/DefaultPlugin of DefaultPlugin [roughlyenoughitems]/"
[04:54:36] [main/TRACE] [REI] [REIServerPlugin START] Reloading Section: "reloadable-plugin/MenuInfoRegistryImpl/DefaultPlugin of DefaultPlugin [roughlyenoughitems]/" done in 24.88 μs
[04:54:36] [main/TRACE] [REI] [REIServerPlugin START] Reloading Section: "reloadable-plugin/MenuInfoRegistryImpl/FabricFluidAPISupportPlugin/"
[04:54:36] [main/TRACE] [REI] [REIServerPlugin START] Reloading Section: "reloadable-plugin/MenuInfoRegistryImpl/FabricFluidAPISupportPlugin/" done in 31.57 μs
[04:54:36] [main/TRACE] [REI] [REIServerPlugin START] Reloading Section: "reloadable-plugin/MenuInfoRegistryImpl/DefaultRuntimePlugin of DefaultRuntimePlugin [roughlyenoughitems]/"
[04:54:36] [main/TRACE] [REI] [REIServerPlugin START] Reloading Section: "reloadable-plugin/MenuInfoRegistryImpl/DefaultRuntimePlugin of DefaultRuntimePlugin [roughlyenoughitems]/" done in 27.97 μs
[04:54:36] [main/TRACE] [REI] [REIServerPlugin START] Reloading Section: "reloadable-plugin/MenuInfoRegistryImpl/AetherREIServerPlugin of AetherREIServerPlugin [aether]/"
[04:54:36] [main/TRACE] [REI] [REIServerPlugin START] Reloading Section: "reloadable-plugin/MenuInfoRegistryImpl/AetherREIServerPlugin of AetherREIServerPlugin [aether]/" done in 30.30 μs
[04:54:36] [main/TRACE] [REI] [REIServerPlugin START] Reloading Section: "reloadable-plugin/MenuInfoRegistryImpl/" done in 343.9 μs
[04:54:36] [main/TRACE] [REI] [REIServerPlugin START] Reloading Section: "reloadable-plugin/SlotAccessorRegistryImpl/"
[04:54:36] [main/TRACE] [REI] [REIServerPlugin START] Reloading Section: "reloadable-plugin/SlotAccessorRegistryImpl/DefaultPlugin of DefaultPlugin [roughlyenoughitems]/"
[04:54:36] [main/TRACE] [REI] [REIServerPlugin START] Reloading Section: "reloadable-plugin/SlotAccessorRegistryImpl/DefaultPlugin of DefaultPlugin [roughlyenoughitems]/" done in 23.78 μs
[04:54:36] [main/TRACE] [REI] [REIServerPlugin START] Reloading Section: "reloadable-plugin/SlotAccessorRegistryImpl/FabricFluidAPISupportPlugin/"
[04:54:36] [main/TRACE] [REI] [REIServerPlugin START] Reloading Section: "reloadable-plugin/SlotAccessorRegistryImpl/FabricFluidAPISupportPlugin/" done in 23.20 μs
[04:54:36] [main/TRACE] [REI] [REIServerPlugin START] Reloading Section: "reloadable-plugin/SlotAccessorRegistryImpl/DefaultRuntimePlugin of DefaultRuntimePlugin [roughlyenoughitems]/"
[04:54:36] [main/TRACE] [REI] [REIServerPlugin START] Reloading Section: "reloadable-plugin/SlotAccessorRegistryImpl/DefaultRuntimePlugin of DefaultRuntimePlugin [roughlyenoughitems]/" done in 85.43 μs
[04:54:36] [main/TRACE] [REI] [REIServerPlugin START] Reloading Section: "reloadable-plugin/SlotAccessorRegistryImpl/AetherREIServerPlugin of AetherREIServerPlugin [aether]/"
[04:54:36] [main/TRACE] [REI] [REIServerPlugin START] Reloading Section: "reloadable-plugin/SlotAccessorRegistryImpl/AetherREIServerPlugin of AetherREIServerPlugin [aether]/" done in 37.49 μs
[04:54:36] [main/TRACE] [REI] [REIServerPlugin START] Reloading Section: "reloadable-plugin/SlotAccessorRegistryImpl/" done in 426.4 μs
[04:54:36] [main/DEBUG] [REI] ========================================
[04:54:36] [main/DEBUG] [REI] REIServerPlugin ending main-reload for START.
[04:54:36] [main/DEBUG] [REI] ========================================
[04:54:36] [main/TRACE] [REI] [REIServerPlugin START] Reloading Section: "end-reload/"
[04:54:36] [main/TRACE] [REI] [REIServerPlugin START] Reloading Section: "end-reload/MenuInfoRegistryImpl/"
[04:54:36] [main/TRACE] [REI] [REIServerPlugin START] Reloading Section: "end-reload/MenuInfoRegistryImpl/" done in 30.31 μs
[04:54:36] [main/TRACE] [REI] [REIServerPlugin START] Reloading Section: "end-reload/SlotAccessorRegistryImpl/"
[04:54:36] [main/TRACE] [REI] [REIServerPlugin START] Reloading Section: "end-reload/SlotAccessorRegistryImpl/" done in 31.00 μs
[04:54:36] [main/TRACE] [REI] [REIServerPlugin START] Reloading Section: "end-reload/" done in 195.2 μs
[04:54:36] [main/DEBUG] [REI] ========================================
[04:54:36] [main/DEBUG] [REI] REIServerPlugin ended main-reload for START in 2.571 ms.
[04:54:36] [main/DEBUG] [REI] ========================================
[04:54:36] [main/DEBUG] [REI] ========================================
[04:54:36] [main/DEBUG] [REI] REIPlugin starting post-reload for START.
[04:54:36] [main/DEBUG] [REI] Reloadables (7):
[04:54:36] [main/DEBUG] [REI]  - EntryTypeRegistryImpl
[04:54:36] [main/DEBUG] [REI]  - EntrySettingsAdapterRegistryImpl
[04:54:36] [main/DEBUG] [REI]  - RecipeManagerContextImpl
[04:54:36] [main/DEBUG] [REI]  - ItemComparatorRegistryImpl
[04:54:36] [main/DEBUG] [REI]  - FluidComparatorRegistryImpl
[04:54:36] [main/DEBUG] [REI]  - DisplaySerializerRegistryImpl
[04:54:36] [main/DEBUG] [REI]  - FluidSupportProviderImpl
[04:54:36] [main/DEBUG] [REI] Plugins (4):
[04:54:36] [main/DEBUG] [REI]  - (-100.00) DefaultPlugin of DefaultPlugin [roughlyenoughitems]
[04:54:36] [main/DEBUG] [REI]  - (0.00) FabricFluidAPISupportPlugin
[04:54:36] [main/DEBUG] [REI]  - (0.00) DefaultRuntimePlugin of DefaultRuntimePlugin [roughlyenoughitems]
[04:54:36] [main/DEBUG] [REI]  - (0.00) AetherREIServerPlugin of AetherREIServerPlugin [aether]
[04:54:36] [main/DEBUG] [REI] ========================================
[04:54:36] [main/TRACE] [REI] [REIPlugin START] Reloading Section: "post-register/"
[04:54:36] [main/TRACE] [REI] [REIPlugin START] Reloading Section: "post-register/DefaultPlugin of DefaultPlugin [roughlyenoughitems]/"
[04:54:36] [main/TRACE] [REI] [REIPlugin START] Reloading Section: "post-register/DefaultPlugin of DefaultPlugin [roughlyenoughitems]/" done in 194.9 μs
[04:54:36] [main/TRACE] [REI] [REIPlugin START] Reloading Section: "post-register/FabricFluidAPISupportPlugin/"
[04:54:36] [main/TRACE] [REI] [REIPlugin START] Reloading Section: "post-register/FabricFluidAPISupportPlugin/" done in 44.09 μs
[04:54:36] [main/TRACE] [REI] [REIPlugin START] Reloading Section: "post-register/DefaultRuntimePlugin of DefaultRuntimePlugin [roughlyenoughitems]/"
[04:54:36] [main/TRACE] [REI] [REIPlugin START] Reloading Section: "post-register/DefaultRuntimePlugin of DefaultRuntimePlugin [roughlyenoughitems]/" done in 37.88 μs
[04:54:36] [main/TRACE] [REI] [REIPlugin START] Reloading Section: "post-register/AetherREIServerPlugin of AetherREIServerPlugin [aether]/"
[04:54:36] [main/TRACE] [REI] [REIPlugin START] Reloading Section: "post-register/AetherREIServerPlugin of AetherREIServerPlugin [aether]/" done in 37.74 μs
[04:54:36] [main/TRACE] [REI] [REIPlugin START] Reloading Section: "post-register/" done in 796.9 μs
[04:54:36] [main/TRACE] [REI] [REIPlugin START] Reloading Section: "post-stage/"
[04:54:36] [main/TRACE] [REI] [REIPlugin START] Reloading Section: "post-stage/EntryTypeRegistryImpl/"
[04:54:36] [main/TRACE] [REI] [REIPlugin START] Reloading Section: "post-stage/EntryTypeRegistryImpl/" done in 50.02 μs
[04:54:36] [main/TRACE] [REI] [REIPlugin START] Reloading Section: "post-stage/EntrySettingsAdapterRegistryImpl/"
[04:54:36] [main/TRACE] [REI] [REIPlugin START] Reloading Section: "post-stage/EntrySettingsAdapterRegistryImpl/" done in 40.11 μs
[04:54:36] [main/TRACE] [REI] [REIPlugin START] Reloading Section: "post-stage/RecipeManagerContextImpl/"
[04:54:36] [main/TRACE] [REI] [REIPlugin START] Reloading Section: "post-stage/RecipeManagerContextImpl/" done in 35.89 μs
[04:54:36] [main/TRACE] [REI] [REIPlugin START] Reloading Section: "post-stage/ItemComparatorRegistryImpl/"
[04:54:36] [main/TRACE] [REI] [REIPlugin START] Reloading Section: "post-stage/ItemComparatorRegistryImpl/" done in 41.56 μs
[04:54:36] [main/TRACE] [REI] [REIPlugin START] Reloading Section: "post-stage/FluidComparatorRegistryImpl/"
[04:54:36] [main/TRACE] [REI] [REIPlugin START] Reloading Section: "post-stage/FluidComparatorRegistryImpl/" done in 34.05 μs
[04:54:36] [main/TRACE] [REI] [REIPlugin START] Reloading Section: "post-stage/DisplaySerializerRegistryImpl/"
[04:54:36] [main/TRACE] [REI] [REIPlugin START] Reloading Section: "post-stage/DisplaySerializerRegistryImpl/" done in 24.66 μs
[04:54:36] [main/TRACE] [REI] [REIPlugin START] Reloading Section: "post-stage/FluidSupportProviderImpl/"
[04:54:36] [main/TRACE] [REI] [REIPlugin START] Reloading Section: "post-stage/FluidSupportProviderImpl/" done in 19.04 μs
[04:54:36] [main/TRACE] [REI] [REIPlugin START] Reloading Section: "post-stage/" done in 676.7 μs
[04:54:36] [main/DEBUG] [REI] ========================================
[04:54:36] [main/INFO] [REI] REIPlugin finished post-reload for START in 1.589 ms, totaling 44.94 ms.
[04:54:36] [main/DEBUG] [REI] ========================================
[04:54:36] [main/DEBUG] [REI] ========================================
[04:54:36] [main/DEBUG] [REI] REIServerPlugin starting post-reload for START.
[04:54:36] [main/DEBUG] [REI] Reloadables (2):
[04:54:36] [main/DEBUG] [REI]  - MenuInfoRegistryImpl
[04:54:36] [main/DEBUG] [REI]  - SlotAccessorRegistryImpl
[04:54:36] [main/DEBUG] [REI] Plugins (4):
[04:54:36] [main/DEBUG] [REI]  - (-100.00) DefaultPlugin of DefaultPlugin [roughlyenoughitems]
[04:54:36] [main/DEBUG] [REI]  - (0.00) FabricFluidAPISupportPlugin
[04:54:36] [main/DEBUG] [REI]  - (0.00) DefaultRuntimePlugin of DefaultRuntimePlugin [roughlyenoughitems]
[04:54:36] [main/DEBUG] [REI]  - (0.00) AetherREIServerPlugin of AetherREIServerPlugin [aether]
[04:54:36] [main/DEBUG] [REI] ========================================
[04:54:36] [main/TRACE] [REI] [REIServerPlugin START] Reloading Section: "post-register/"
[04:54:36] [main/TRACE] [REI] [REIServerPlugin START] Reloading Section: "post-register/DefaultPlugin of DefaultPlugin [roughlyenoughitems]/"
[04:54:36] [main/TRACE] [REI] [REIServerPlugin START] Reloading Section: "post-register/DefaultPlugin of DefaultPlugin [roughlyenoughitems]/" done in 26.34 μs
[04:54:36] [main/TRACE] [REI] [REIServerPlugin START] Reloading Section: "post-register/FabricFluidAPISupportPlugin/"
[04:54:36] [main/TRACE] [REI] [REIServerPlugin START] Reloading Section: "post-register/FabricFluidAPISupportPlugin/" done in 30.42 μs
[04:54:36] [main/TRACE] [REI] [REIServerPlugin START] Reloading Section: "post-register/DefaultRuntimePlugin of DefaultRuntimePlugin [roughlyenoughitems]/"
[04:54:36] [main/TRACE] [REI] [REIServerPlugin START] Reloading Section: "post-register/DefaultRuntimePlugin of DefaultRuntimePlugin [roughlyenoughitems]/" done in 27.49 μs
[04:54:36] [main/TRACE] [REI] [REIServerPlugin START] Reloading Section: "post-register/AetherREIServerPlugin of AetherREIServerPlugin [aether]/"
[04:54:36] [main/TRACE] [REI] [REIServerPlugin START] Reloading Section: "post-register/AetherREIServerPlugin of AetherREIServerPlugin [aether]/" done in 37.06 μs
[04:54:36] [main/TRACE] [REI] [REIServerPlugin START] Reloading Section: "post-register/" done in 456.9 μs
[04:54:36] [main/TRACE] [REI] [REIServerPlugin START] Reloading Section: "post-stage/"
[04:54:36] [main/TRACE] [REI] [REIServerPlugin START] Reloading Section: "post-stage/MenuInfoRegistryImpl/"
[04:54:36] [main/TRACE] [REI] [REIServerPlugin START] Reloading Section: "post-stage/MenuInfoRegistryImpl/" done in 78.19 μs
[04:54:36] [main/TRACE] [REI] [REIServerPlugin START] Reloading Section: "post-stage/SlotAccessorRegistryImpl/"
[04:54:36] [main/TRACE] [REI] [REIServerPlugin START] Reloading Section: "post-stage/SlotAccessorRegistryImpl/" done in 40.46 μs
[04:54:36] [main/TRACE] [REI] [REIServerPlugin START] Reloading Section: "post-stage/" done in 348.1 μs
[04:54:36] [main/DEBUG] [REI] ========================================
[04:54:36] [main/INFO] [REI] REIServerPlugin finished post-reload for START in 1.028 ms, totaling 7.091 ms.
[04:54:36] [main/DEBUG] [REI] ========================================
[04:54:36] [main/DEBUG] [REI] ========================================
[04:54:36] [main/DEBUG] [REI] REIPlugin starting pre-reload for END.
[04:54:36] [main/DEBUG] [REI] Reloadables (7):
[04:54:36] [main/DEBUG] [REI]  - EntryTypeRegistryImpl
[04:54:36] [main/DEBUG] [REI]  - EntrySettingsAdapterRegistryImpl
[04:54:36] [main/DEBUG] [REI]  - RecipeManagerContextImpl
[04:54:36] [main/DEBUG] [REI]  - ItemComparatorRegistryImpl
[04:54:36] [main/DEBUG] [REI]  - FluidComparatorRegistryImpl
[04:54:36] [main/DEBUG] [REI]  - DisplaySerializerRegistryImpl
[04:54:36] [main/DEBUG] [REI]  - FluidSupportProviderImpl
[04:54:36] [main/DEBUG] [REI] Plugins (4):
[04:54:36] [main/DEBUG] [REI]  - (-100.00) DefaultPlugin of DefaultPlugin [roughlyenoughitems]
[04:54:36] [main/DEBUG] [REI]  - (0.00) FabricFluidAPISupportPlugin
[04:54:36] [main/DEBUG] [REI]  - (0.00) DefaultRuntimePlugin of DefaultRuntimePlugin [roughlyenoughitems]
[04:54:36] [main/DEBUG] [REI]  - (0.00) AetherREIServerPlugin of AetherREIServerPlugin [aether]
[04:54:36] [main/DEBUG] [REI] ========================================
[04:54:36] [main/TRACE] [REI] [REIPlugin END] Reloading Section: "pre-register/"
[04:54:36] [main/TRACE] [REI] [REIPlugin END] Reloading Section: "pre-register/DefaultPlugin of DefaultPlugin [roughlyenoughitems]/"
[04:54:36] [main/TRACE] [REI] [REIPlugin END] Reloading Section: "pre-register/DefaultPlugin of DefaultPlugin [roughlyenoughitems]/" done in 89.00 μs
[04:54:36] [main/TRACE] [REI] [REIPlugin END] Reloading Section: "pre-register/FabricFluidAPISupportPlugin/"
[04:54:36] [main/TRACE] [REI] [REIPlugin END] Reloading Section: "pre-register/FabricFluidAPISupportPlugin/" done in 48.27 μs
[04:54:36] [main/TRACE] [REI] [REIPlugin END] Reloading Section: "pre-register/DefaultRuntimePlugin of DefaultRuntimePlugin [roughlyenoughitems]/"
[04:54:36] [main/TRACE] [REI] [REIPlugin END] Reloading Section: "pre-register/DefaultRuntimePlugin of DefaultRuntimePlugin [roughlyenoughitems]/" done in 40.76 μs
[04:54:36] [main/TRACE] [REI] [REIPlugin END] Reloading Section: "pre-register/AetherREIServerPlugin of AetherREIServerPlugin [aether]/"
[04:54:36] [main/TRACE] [REI] [REIPlugin END] Reloading Section: "pre-register/AetherREIServerPlugin of AetherREIServerPlugin [aether]/" done in 41.23 μs
[04:54:36] [main/TRACE] [REI] [REIPlugin END] Reloading Section: "pre-register/" done in 643.6 μs
[04:54:36] [main/TRACE] [REI] [REIPlugin END] Reloading Section: "pre-stage/"
[04:54:36] [main/TRACE] [REI] [REIPlugin END] Reloading Section: "pre-stage/EntryTypeRegistryImpl/"
[04:54:36] [main/TRACE] [REI] [REIPlugin END] Reloading Section: "pre-stage/EntryTypeRegistryImpl/" done in 32.91 μs
[04:54:36] [main/TRACE] [REI] [REIPlugin END] Reloading Section: "pre-stage/EntrySettingsAdapterRegistryImpl/"
[04:54:36] [main/TRACE] [REI] [REIPlugin END] Reloading Section: "pre-stage/EntrySettingsAdapterRegistryImpl/" done in 33.75 μs
[04:54:36] [main/TRACE] [REI] [REIPlugin END] Reloading Section: "pre-stage/RecipeManagerContextImpl/"
[04:54:36] [main/TRACE] [REI] [REIPlugin END] Reloading Section: "pre-stage/RecipeManagerContextImpl/" done in 33.47 μs
[04:54:36] [main/TRACE] [REI] [REIPlugin END] Reloading Section: "pre-stage/ItemComparatorRegistryImpl/"
[04:54:36] [main/TRACE] [REI] [REIPlugin END] Reloading Section: "pre-stage/ItemComparatorRegistryImpl/" done in 31.36 μs
[04:54:36] [main/TRACE] [REI] [REIPlugin END] Reloading Section: "pre-stage/FluidComparatorRegistryImpl/"
[04:54:36] [main/TRACE] [REI] [REIPlugin END] Reloading Section: "pre-stage/FluidComparatorRegistryImpl/" done in 32.39 μs
[04:54:36] [main/TRACE] [REI] [REIPlugin END] Reloading Section: "pre-stage/DisplaySerializerRegistryImpl/"
[04:54:36] [main/TRACE] [REI] [REIPlugin END] Reloading Section: "pre-stage/DisplaySerializerRegistryImpl/" done in 30.65 μs
[04:54:36] [main/TRACE] [REI] [REIPlugin END] Reloading Section: "pre-stage/FluidSupportProviderImpl/"
[04:54:36] [main/TRACE] [REI] [REIPlugin END] Reloading Section: "pre-stage/FluidSupportProviderImpl/" done in 31.56 μs
[04:54:36] [main/TRACE] [REI] [REIPlugin END] Reloading Section: "pre-stage/" done in 635.8 μs
[04:54:36] [main/DEBUG] [REI] ========================================
[04:54:36] [main/DEBUG] [REI] REIPlugin finished pre-reload for END in 1.492 ms.
[04:54:36] [main/DEBUG] [REI] ========================================
[04:54:36] [main/DEBUG] [REI] ========================================
[04:54:36] [main/DEBUG] [REI] REIServerPlugin starting pre-reload for END.
[04:54:36] [main/DEBUG] [REI] Reloadables (2):
[04:54:36] [main/DEBUG] [REI]  - MenuInfoRegistryImpl
[04:54:36] [main/DEBUG] [REI]  - SlotAccessorRegistryImpl
[04:54:36] [main/DEBUG] [REI] Plugins (4):
[04:54:36] [main/DEBUG] [REI]  - (-100.00) DefaultPlugin of DefaultPlugin [roughlyenoughitems]
[04:54:36] [main/DEBUG] [REI]  - (0.00) FabricFluidAPISupportPlugin
[04:54:36] [main/DEBUG] [REI]  - (0.00) DefaultRuntimePlugin of DefaultRuntimePlugin [roughlyenoughitems]
[04:54:36] [main/DEBUG] [REI]  - (0.00) AetherREIServerPlugin of AetherREIServerPlugin [aether]
[04:54:36] [main/DEBUG] [REI] ========================================
[04:54:36] [main/TRACE] [REI] [REIServerPlugin END] Reloading Section: "pre-register/"
[04:54:36] [main/TRACE] [REI] [REIServerPlugin END] Reloading Section: "pre-register/DefaultPlugin of DefaultPlugin [roughlyenoughitems]/"
[04:54:36] [main/TRACE] [REI] [REIServerPlugin END] Reloading Section: "pre-register/DefaultPlugin of DefaultPlugin [roughlyenoughitems]/" done in 34.98 μs
[04:54:36] [main/TRACE] [REI] [REIServerPlugin END] Reloading Section: "pre-register/FabricFluidAPISupportPlugin/"
[04:54:36] [main/TRACE] [REI] [REIServerPlugin END] Reloading Section: "pre-register/FabricFluidAPISupportPlugin/" done in 36.78 μs
[04:54:36] [main/TRACE] [REI] [REIServerPlugin END] Reloading Section: "pre-register/DefaultRuntimePlugin of DefaultRuntimePlugin [roughlyenoughitems]/"
[04:54:36] [main/TRACE] [REI] [REIServerPlugin END] Reloading Section: "pre-register/DefaultRuntimePlugin of DefaultRuntimePlugin [roughlyenoughitems]/" done in 39.60 μs
[04:54:36] [main/TRACE] [REI] [REIServerPlugin END] Reloading Section: "pre-register/AetherREIServerPlugin of AetherREIServerPlugin [aether]/"
[04:54:36] [main/TRACE] [REI] [REIServerPlugin END] Reloading Section: "pre-register/AetherREIServerPlugin of AetherREIServerPlugin [aether]/" done in 35.15 μs
[04:54:36] [main/TRACE] [REI] [REIServerPlugin END] Reloading Section: "pre-register/" done in 424.5 μs
[04:54:36] [main/TRACE] [REI] [REIServerPlugin END] Reloading Section: "pre-stage/"
[04:54:36] [main/TRACE] [REI] [REIServerPlugin END] Reloading Section: "pre-stage/MenuInfoRegistryImpl/"
[04:54:36] [main/TRACE] [REI] [REIServerPlugin END] Reloading Section: "pre-stage/MenuInfoRegistryImpl/" done in 38.10 μs
[04:54:36] [main/TRACE] [REI] [REIServerPlugin END] Reloading Section: "pre-stage/SlotAccessorRegistryImpl/"
[04:54:36] [main/TRACE] [REI] [REIServerPlugin END] Reloading Section: "pre-stage/SlotAccessorRegistryImpl/" done in 79.95 μs
[04:54:36] [main/TRACE] [REI] [REIServerPlugin END] Reloading Section: "pre-stage/" done in 393.3 μs
[04:54:36] [main/DEBUG] [REI] ========================================
[04:54:36] [main/DEBUG] [REI] REIServerPlugin finished pre-reload for END in 946.7 μs.
[04:54:36] [main/DEBUG] [REI] ========================================
[04:54:36] [main/INFO] [REI] ****************************************
[04:54:36] [main/INFO] [REI] REIPlugin starting main-reload for END.
[04:54:36] [main/DEBUG] [REI] Reloadables (7):
[04:54:36] [main/DEBUG] [REI]  - EntryTypeRegistryImpl
[04:54:36] [main/DEBUG] [REI]  - EntrySettingsAdapterRegistryImpl
[04:54:36] [main/DEBUG] [REI]  - RecipeManagerContextImpl
[04:54:36] [main/DEBUG] [REI]  - ItemComparatorRegistryImpl
[04:54:36] [main/DEBUG] [REI]  - FluidComparatorRegistryImpl
[04:54:36] [main/DEBUG] [REI]  - DisplaySerializerRegistryImpl
[04:54:36] [main/DEBUG] [REI]  - FluidSupportProviderImpl
[04:54:36] [main/INFO] [REI] Plugins (4):
[04:54:36] [main/INFO] [REI]  - (-100.00) DefaultPlugin of DefaultPlugin [roughlyenoughitems]
[04:54:36] [main/INFO] [REI]  - (0.00) FabricFluidAPISupportPlugin
[04:54:36] [main/INFO] [REI]  - (0.00) DefaultRuntimePlugin of DefaultRuntimePlugin [roughlyenoughitems]
[04:54:36] [main/INFO] [REI]  - (0.00) AetherREIServerPlugin of AetherREIServerPlugin [aether]
[04:54:36] [main/INFO] [REI] ****************************************
[04:54:36] [main/TRACE] [REI] [REIPlugin END] Reloading Section: "start-reload/"
[04:54:36] [main/TRACE] [REI] [REIPlugin END] Reloading Section: "start-reload/EntryTypeRegistryImpl/"
[04:54:36] [main/TRACE] [REI] [REIPlugin END] Reloading Section: "start-reload/EntryTypeRegistryImpl/" done in 23.51 μs
[04:54:36] [main/TRACE] [REI] [REIPlugin END] Reloading Section: "start-reload/EntrySettingsAdapterRegistryImpl/"
[04:54:36] [main/TRACE] [REI] [REIPlugin END] Reloading Section: "start-reload/EntrySettingsAdapterRegistryImpl/" done in 28.73 μs
[04:54:36] [main/TRACE] [REI] [REIPlugin END] Reloading Section: "start-reload/RecipeManagerContextImpl/"
[04:54:36] [main/TRACE] [REI] [REIPlugin END] Reloading Section: "start-reload/RecipeManagerContextImpl/" done in 18.82 μs
[04:54:36] [main/TRACE] [REI] [REIPlugin END] Reloading Section: "start-reload/ItemComparatorRegistryImpl/"
[04:54:36] [main/TRACE] [REI] [REIPlugin END] Reloading Section: "start-reload/ItemComparatorRegistryImpl/" done in 18.18 μs
[04:54:36] [main/TRACE] [REI] [REIPlugin END] Reloading Section: "start-reload/FluidComparatorRegistryImpl/"
[04:54:36] [main/TRACE] [REI] [REIPlugin END] Reloading Section: "start-reload/FluidComparatorRegistryImpl/" done in 111.6 μs
[04:54:36] [main/TRACE] [REI] [REIPlugin END] Reloading Section: "start-reload/DisplaySerializerRegistryImpl/"
[04:54:36] [main/TRACE] [REI] [REIPlugin END] Reloading Section: "start-reload/DisplaySerializerRegistryImpl/" done in 34.38 μs
[04:54:36] [main/TRACE] [REI] [REIPlugin END] Reloading Section: "start-reload/FluidSupportProviderImpl/"
[04:54:36] [main/TRACE] [REI] [REIPlugin END] Reloading Section: "start-reload/FluidSupportProviderImpl/" done in 119.7 μs
[04:54:36] [main/TRACE] [REI] [REIPlugin END] Reloading Section: "start-reload/" done in 1.299 ms
[04:54:36] [main/DEBUG] [REI] ========================================
[04:54:36] [main/DEBUG] [REI] REIPlugin started main-reload for END.
[04:54:36] [main/DEBUG] [REI] ========================================
[04:54:36] [main/TRACE] [REI] [REIPlugin END] Reloading Section: "reloadable-plugin/EntryTypeRegistryImpl/"
[04:54:36] [main/TRACE] [REI] [REIPlugin END] Reloading Section: "reloadable-plugin/EntryTypeRegistryImpl/DefaultPlugin of DefaultPlugin [roughlyenoughitems]/"
[04:54:36] [main/TRACE] [REI] [REIPlugin END] Reloading Section: "reloadable-plugin/EntryTypeRegistryImpl/DefaultPlugin of DefaultPlugin [roughlyenoughitems]/" done in 26.24 μs
[04:54:36] [main/TRACE] [REI] [REIPlugin END] Reloading Section: "reloadable-plugin/EntryTypeRegistryImpl/FabricFluidAPISupportPlugin/"
[04:54:36] [main/TRACE] [REI] [REIPlugin END] Reloading Section: "reloadable-plugin/EntryTypeRegistryImpl/FabricFluidAPISupportPlugin/" done in 60.01 μs
[04:54:36] [main/TRACE] [REI] [REIPlugin END] Reloading Section: "reloadable-plugin/EntryTypeRegistryImpl/DefaultRuntimePlugin of DefaultRuntimePlugin [roughlyenoughitems]/"
[04:54:36] [main/TRACE] [REI] [REIPlugin END] Reloading Section: "reloadable-plugin/EntryTypeRegistryImpl/DefaultRuntimePlugin of DefaultRuntimePlugin [roughlyenoughitems]/" done in 37.15 μs
[04:54:36] [main/TRACE] [REI] [REIPlugin END] Reloading Section: "reloadable-plugin/EntryTypeRegistryImpl/AetherREIServerPlugin of AetherREIServerPlugin [aether]/"
[04:54:36] [main/TRACE] [REI] [REIPlugin END] Reloading Section: "reloadable-plugin/EntryTypeRegistryImpl/AetherREIServerPlugin of AetherREIServerPlugin [aether]/" done in 38.38 μs
[04:54:36] [main/TRACE] [REI] [REIPlugin END] Reloading Section: "reloadable-plugin/EntryTypeRegistryImpl/" done in 696.2 μs
[04:54:36] [main/TRACE] [REI] [REIPlugin END] Reloading Section: "reloadable-plugin/EntrySettingsAdapterRegistryImpl/"
[04:54:36] [main/TRACE] [REI] [REIPlugin END] Reloading Section: "reloadable-plugin/EntrySettingsAdapterRegistryImpl/DefaultPlugin of DefaultPlugin [roughlyenoughitems]/"
[04:54:36] [main/TRACE] [REI] [REIPlugin END] Reloading Section: "reloadable-plugin/EntrySettingsAdapterRegistryImpl/DefaultPlugin of DefaultPlugin [roughlyenoughitems]/" done in 45.79 μs
[04:54:36] [main/TRACE] [REI] [REIPlugin END] Reloading Section: "reloadable-plugin/EntrySettingsAdapterRegistryImpl/FabricFluidAPISupportPlugin/"
[04:54:36] [main/TRACE] [REI] [REIPlugin END] Reloading Section: "reloadable-plugin/EntrySettingsAdapterRegistryImpl/FabricFluidAPISupportPlugin/" done in 35.61 μs
[04:54:36] [main/TRACE] [REI] [REIPlugin END] Reloading Section: "reloadable-plugin/EntrySettingsAdapterRegistryImpl/DefaultRuntimePlugin of DefaultRuntimePlugin [roughlyenoughitems]/"
[04:54:36] [main/TRACE] [REI] [REIPlugin END] Reloading Section: "reloadable-plugin/EntrySettingsAdapterRegistryImpl/DefaultRuntimePlugin of DefaultRuntimePlugin [roughlyenoughitems]/" done in 125.6 μs
[04:54:36] [main/TRACE] [REI] [REIPlugin END] Reloading Section: "reloadable-plugin/EntrySettingsAdapterRegistryImpl/AetherREIServerPlugin of AetherREIServerPlugin [aether]/"
[04:54:36] [main/TRACE] [REI] [REIPlugin END] Reloading Section: "reloadable-plugin/EntrySettingsAdapterRegistryImpl/AetherREIServerPlugin of AetherREIServerPlugin [aether]/" done in 137.6 μs
[04:54:36] [main/TRACE] [REI] [REIPlugin END] Reloading Section: "reloadable-plugin/EntrySettingsAdapterRegistryImpl/" done in 1.096 ms
[04:54:36] [main/TRACE] [REI] [REIPlugin END] Reloading Section: "reloadable-plugin/RecipeManagerContextImpl/"
[04:54:36] [main/TRACE] [REI] [REIPlugin END] Reloading Section: "reloadable-plugin/RecipeManagerContextImpl/DefaultPlugin of DefaultPlugin [roughlyenoughitems]/"
[04:54:36] [main/TRACE] [REI] [REIPlugin END] Reloading Section: "reloadable-plugin/RecipeManagerContextImpl/DefaultPlugin of DefaultPlugin [roughlyenoughitems]/" done in 102.0 μs
[04:54:36] [main/TRACE] [REI] [REIPlugin END] Reloading Section: "reloadable-plugin/RecipeManagerContextImpl/FabricFluidAPISupportPlugin/"
[04:54:36] [main/TRACE] [REI] [REIPlugin END] Reloading Section: "reloadable-plugin/RecipeManagerContextImpl/FabricFluidAPISupportPlugin/" done in 68.91 μs
[04:54:36] [main/TRACE] [REI] [REIPlugin END] Reloading Section: "reloadable-plugin/RecipeManagerContextImpl/DefaultRuntimePlugin of DefaultRuntimePlugin [roughlyenoughitems]/"
[04:54:36] [main/TRACE] [REI] [REIPlugin END] Reloading Section: "reloadable-plugin/RecipeManagerContextImpl/DefaultRuntimePlugin of DefaultRuntimePlugin [roughlyenoughitems]/" done in 37.00 μs
[04:54:36] [main/TRACE] [REI] [REIPlugin END] Reloading Section: "reloadable-plugin/RecipeManagerContextImpl/AetherREIServerPlugin of AetherREIServerPlugin [aether]/"
[04:54:36] [main/TRACE] [REI] [REIPlugin END] Reloading Section: "reloadable-plugin/RecipeManagerContextImpl/AetherREIServerPlugin of AetherREIServerPlugin [aether]/" done in 37.09 μs
[04:54:36] [main/TRACE] [REI] [REIPlugin END] Reloading Section: "reloadable-plugin/RecipeManagerContextImpl/" done in 606.8 μs
[04:54:36] [main/TRACE] [REI] [REIPlugin END] Reloading Section: "reloadable-plugin/ItemComparatorRegistryImpl/"
[04:54:36] [main/TRACE] [REI] [REIPlugin END] Reloading Section: "reloadable-plugin/ItemComparatorRegistryImpl/DefaultPlugin of DefaultPlugin [roughlyenoughitems]/"
[04:54:36] [main/TRACE] [REI] [REIPlugin END] Reloading Section: "reloadable-plugin/ItemComparatorRegistryImpl/DefaultPlugin of DefaultPlugin [roughlyenoughitems]/" done in 33.53 μs
[04:54:36] [main/TRACE] [REI] [REIPlugin END] Reloading Section: "reloadable-plugin/ItemComparatorRegistryImpl/FabricFluidAPISupportPlugin/"
[04:54:36] [main/TRACE] [REI] [REIPlugin END] Reloading Section: "reloadable-plugin/ItemComparatorRegistryImpl/FabricFluidAPISupportPlugin/" done in 28.24 μs
[04:54:36] [main/TRACE] [REI] [REIPlugin END] Reloading Section: "reloadable-plugin/ItemComparatorRegistryImpl/DefaultRuntimePlugin of DefaultRuntimePlugin [roughlyenoughitems]/"
[04:54:36] [main/TRACE] [REI] [REIPlugin END] Reloading Section: "reloadable-plugin/ItemComparatorRegistryImpl/DefaultRuntimePlugin of DefaultRuntimePlugin [roughlyenoughitems]/" done in 21.28 μs
[04:54:36] [main/TRACE] [REI] [REIPlugin END] Reloading Section: "reloadable-plugin/ItemComparatorRegistryImpl/AetherREIServerPlugin of AetherREIServerPlugin [aether]/"
[04:54:36] [main/TRACE] [REI] [REIPlugin END] Reloading Section: "reloadable-plugin/ItemComparatorRegistryImpl/AetherREIServerPlugin of AetherREIServerPlugin [aether]/" done in 22.42 μs
[04:54:36] [main/TRACE] [REI] [REIPlugin END] Reloading Section: "reloadable-plugin/ItemComparatorRegistryImpl/" done in 307.4 μs
[04:54:36] [main/TRACE] [REI] [REIPlugin END] Reloading Section: "reloadable-plugin/FluidComparatorRegistryImpl/"
[04:54:36] [main/TRACE] [REI] [REIPlugin END] Reloading Section: "reloadable-plugin/FluidComparatorRegistryImpl/DefaultPlugin of DefaultPlugin [roughlyenoughitems]/"
[04:54:36] [main/TRACE] [REI] [REIPlugin END] Reloading Section: "reloadable-plugin/FluidComparatorRegistryImpl/DefaultPlugin of DefaultPlugin [roughlyenoughitems]/" done in 21.34 μs
[04:54:36] [main/TRACE] [REI] [REIPlugin END] Reloading Section: "reloadable-plugin/FluidComparatorRegistryImpl/FabricFluidAPISupportPlugin/"
[04:54:36] [main/TRACE] [REI] [REIPlugin END] Reloading Section: "reloadable-plugin/FluidComparatorRegistryImpl/FabricFluidAPISupportPlugin/" done in 21.60 μs
[04:54:36] [main/TRACE] [REI] [REIPlugin END] Reloading Section: "reloadable-plugin/FluidComparatorRegistryImpl/DefaultRuntimePlugin of DefaultRuntimePlugin [roughlyenoughitems]/"
[04:54:36] [main/TRACE] [REI] [REIPlugin END] Reloading Section: "reloadable-plugin/FluidComparatorRegistryImpl/DefaultRuntimePlugin of DefaultRuntimePlugin [roughlyenoughitems]/" done in 20.77 μs
[04:54:36] [main/TRACE] [REI] [REIPlugin END] Reloading Section: "reloadable-plugin/FluidComparatorRegistryImpl/AetherREIServerPlugin of AetherREIServerPlugin [aether]/"
[04:54:36] [main/TRACE] [REI] [REIPlugin END] Reloading Section: "reloadable-plugin/FluidComparatorRegistryImpl/AetherREIServerPlugin of AetherREIServerPlugin [aether]/" done in 37.23 μs
[04:54:36] [main/TRACE] [REI] [REIPlugin END] Reloading Section: "reloadable-plugin/FluidComparatorRegistryImpl/" done in 308.6 μs
[04:54:36] [main/TRACE] [REI] [REIPlugin END] Reloading Section: "reloadable-plugin/DisplaySerializerRegistryImpl/"
[04:54:36] [main/TRACE] [REI] [REIPlugin END] Reloading Section: "reloadable-plugin/DisplaySerializerRegistryImpl/DefaultPlugin of DefaultPlugin [roughlyenoughitems]/"
[04:54:36] [main/TRACE] [REI] [REIPlugin END] Reloading Section: "reloadable-plugin/DisplaySerializerRegistryImpl/DefaultPlugin of DefaultPlugin [roughlyenoughitems]/" done in 16.95 ms
[04:54:36] [main/TRACE] [REI] [REIPlugin END] Reloading Section: "reloadable-plugin/DisplaySerializerRegistryImpl/FabricFluidAPISupportPlugin/"
[04:54:36] [main/TRACE] [REI] [REIPlugin END] Reloading Section: "reloadable-plugin/DisplaySerializerRegistryImpl/FabricFluidAPISupportPlugin/" done in 141.8 μs
[04:54:36] [main/TRACE] [REI] [REIPlugin END] Reloading Section: "reloadable-plugin/DisplaySerializerRegistryImpl/DefaultRuntimePlugin of DefaultRuntimePlugin [roughlyenoughitems]/"
[04:54:36] [main/TRACE] [REI] [REIPlugin END] Reloading Section: "reloadable-plugin/DisplaySerializerRegistryImpl/DefaultRuntimePlugin of DefaultRuntimePlugin [roughlyenoughitems]/" done in 45.12 μs
[04:54:36] [main/TRACE] [REI] [REIPlugin END] Reloading Section: "reloadable-plugin/DisplaySerializerRegistryImpl/AetherREIServerPlugin of AetherREIServerPlugin [aether]/"
[04:54:36] [main/TRACE] [REI] [REIPlugin END] Reloading Section: "reloadable-plugin/DisplaySerializerRegistryImpl/AetherREIServerPlugin of AetherREIServerPlugin [aether]/" done in 665.0 μs
[04:54:36] [main/TRACE] [REI] [REIPlugin END] Reloading Section: "reloadable-plugin/DisplaySerializerRegistryImpl/" done in 18.44 ms
[04:54:36] [main/TRACE] [REI] [REIPlugin END] Reloading Section: "reloadable-plugin/FluidSupportProviderImpl/"
[04:54:36] [main/TRACE] [REI] [REIPlugin END] Reloading Section: "reloadable-plugin/FluidSupportProviderImpl/DefaultPlugin of DefaultPlugin [roughlyenoughitems]/"
[04:54:36] [main/TRACE] [REI] [REIPlugin END] Reloading Section: "reloadable-plugin/FluidSupportProviderImpl/DefaultPlugin of DefaultPlugin [roughlyenoughitems]/" done in 45.35 μs
[04:54:36] [main/TRACE] [REI] [REIPlugin END] Reloading Section: "reloadable-plugin/FluidSupportProviderImpl/FabricFluidAPISupportPlugin/"
[04:54:36] [main/TRACE] [REI] [REIPlugin END] Reloading Section: "reloadable-plugin/FluidSupportProviderImpl/FabricFluidAPISupportPlugin/" done in 53.35 μs
[04:54:36] [main/TRACE] [REI] [REIPlugin END] Reloading Section: "reloadable-plugin/FluidSupportProviderImpl/DefaultRuntimePlugin of DefaultRuntimePlugin [roughlyenoughitems]/"
[04:54:36] [main/TRACE] [REI] [REIPlugin END] Reloading Section: "reloadable-plugin/FluidSupportProviderImpl/DefaultRuntimePlugin of DefaultRuntimePlugin [roughlyenoughitems]/" done in 29.11 μs
[04:54:36] [main/TRACE] [REI] [REIPlugin END] Reloading Section: "reloadable-plugin/FluidSupportProviderImpl/AetherREIServerPlugin of AetherREIServerPlugin [aether]/"
[04:54:36] [main/TRACE] [REI] [REIPlugin END] Reloading Section: "reloadable-plugin/FluidSupportProviderImpl/AetherREIServerPlugin of AetherREIServerPlugin [aether]/" done in 26.16 μs
[04:54:36] [main/TRACE] [REI] [REIPlugin END] Reloading Section: "reloadable-plugin/FluidSupportProviderImpl/" done in 417.5 μs
[04:54:36] [main/DEBUG] [REI] ========================================
[04:54:36] [main/DEBUG] [REI] REIPlugin ending main-reload for END.
[04:54:36] [main/DEBUG] [REI] ========================================
[04:54:36] [main/TRACE] [REI] [REIPlugin END] Reloading Section: "end-reload/"
[04:54:36] [main/TRACE] [REI] [REIPlugin END] Reloading Section: "end-reload/EntryTypeRegistryImpl/"
[04:54:36] [main/TRACE] [REI] [REIPlugin END] Reloading Section: "end-reload/EntryTypeRegistryImpl/" done in 26.51 μs
[04:54:36] [main/TRACE] [REI] [REIPlugin END] Reloading Section: "end-reload/EntrySettingsAdapterRegistryImpl/"
[04:54:36] [main/TRACE] [REI] [REIPlugin END] Reloading Section: "end-reload/EntrySettingsAdapterRegistryImpl/" done in 40.90 μs
[04:54:36] [main/TRACE] [REI] [REIPlugin END] Reloading Section: "end-reload/RecipeManagerContextImpl/"
[04:54:36] [main/TRACE] [REI] [REIPlugin END] Reloading Section: "end-reload/RecipeManagerContextImpl/" done in 27.37 μs
[04:54:36] [main/TRACE] [REI] [REIPlugin END] Reloading Section: "end-reload/ItemComparatorRegistryImpl/"
[04:54:36] [main/TRACE] [REI] [REIPlugin END] Reloading Section: "end-reload/ItemComparatorRegistryImpl/" done in 26.60 μs
[04:54:36] [main/TRACE] [REI] [REIPlugin END] Reloading Section: "end-reload/FluidComparatorRegistryImpl/"
[04:54:36] [main/TRACE] [REI] [REIPlugin END] Reloading Section: "end-reload/FluidComparatorRegistryImpl/" done in 25.69 μs
[04:54:36] [main/TRACE] [REI] [REIPlugin END] Reloading Section: "end-reload/DisplaySerializerRegistryImpl/"
[04:54:36] [main/TRACE] [REI] [REIPlugin END] Reloading Section: "end-reload/DisplaySerializerRegistryImpl/" done in 26.90 μs
[04:54:36] [main/TRACE] [REI] [REIPlugin END] Reloading Section: "end-reload/FluidSupportProviderImpl/"
[04:54:36] [main/TRACE] [REI] [REIPlugin END] Reloading Section: "end-reload/FluidSupportProviderImpl/" done in 26.52 μs
[04:54:36] [main/TRACE] [REI] [REIPlugin END] Reloading Section: "end-reload/" done in 553.8 μs
[04:54:36] [main/DEBUG] [REI] ========================================
[04:54:36] [main/DEBUG] [REI] REIPlugin ended main-reload for END in 25.06 ms.
[04:54:36] [main/DEBUG] [REI] ========================================
[04:54:36] [main/INFO] [REI] %%%%%%%%%%%%%%%%%%%%%%%%%%%%%%%%%%%%%%%%
[04:54:36] [main/INFO] [REI] REIServerPlugin starting main-reload for END.
[04:54:36] [main/DEBUG] [REI] Reloadables (2):
[04:54:36] [main/DEBUG] [REI]  - MenuInfoRegistryImpl
[04:54:36] [main/DEBUG] [REI]  - SlotAccessorRegistryImpl
[04:54:36] [main/INFO] [REI] Plugins (4):
[04:54:36] [main/INFO] [REI]  - (-100.00) DefaultPlugin of DefaultPlugin [roughlyenoughitems]
[04:54:36] [main/INFO] [REI]  - (0.00) FabricFluidAPISupportPlugin
[04:54:36] [main/INFO] [REI]  - (0.00) DefaultRuntimePlugin of DefaultRuntimePlugin [roughlyenoughitems]
[04:54:36] [main/INFO] [REI]  - (0.00) AetherREIServerPlugin of AetherREIServerPlugin [aether]
[04:54:36] [main/INFO] [REI] %%%%%%%%%%%%%%%%%%%%%%%%%%%%%%%%%%%%%%%%
[04:54:36] [main/TRACE] [REI] [REIServerPlugin END] Reloading Section: "start-reload/"
[04:54:36] [main/TRACE] [REI] [REIServerPlugin END] Reloading Section: "start-reload/MenuInfoRegistryImpl/"
[04:54:36] [main/TRACE] [REI] [REIServerPlugin END] Reloading Section: "start-reload/MenuInfoRegistryImpl/" done in 30.12 μs
[04:54:36] [main/TRACE] [REI] [REIServerPlugin END] Reloading Section: "start-reload/SlotAccessorRegistryImpl/"
[04:54:36] [main/TRACE] [REI] [REIServerPlugin END] Reloading Section: "start-reload/SlotAccessorRegistryImpl/" done in 22.22 μs
[04:54:36] [main/TRACE] [REI] [REIServerPlugin END] Reloading Section: "start-reload/" done in 150.6 μs
[04:54:36] [main/DEBUG] [REI] ========================================
[04:54:36] [main/DEBUG] [REI] REIServerPlugin started main-reload for END.
[04:54:36] [main/DEBUG] [REI] ========================================
[04:54:36] [main/TRACE] [REI] [REIServerPlugin END] Reloading Section: "reloadable-plugin/MenuInfoRegistryImpl/"
[04:54:36] [main/TRACE] [REI] [REIServerPlugin END] Reloading Section: "reloadable-plugin/MenuInfoRegistryImpl/DefaultPlugin of DefaultPlugin [roughlyenoughitems]/"
[04:54:36] [main/TRACE] [REI] [REIServerPlugin END] Reloading Section: "reloadable-plugin/MenuInfoRegistryImpl/DefaultPlugin of DefaultPlugin [roughlyenoughitems]/" done in 30.29 μs
[04:54:36] [main/TRACE] [REI] [REIServerPlugin END] Reloading Section: "reloadable-plugin/MenuInfoRegistryImpl/FabricFluidAPISupportPlugin/"
[04:54:36] [main/TRACE] [REI] [REIServerPlugin END] Reloading Section: "reloadable-plugin/MenuInfoRegistryImpl/FabricFluidAPISupportPlugin/" done in 20.75 μs
[04:54:36] [main/TRACE] [REI] [REIServerPlugin END] Reloading Section: "reloadable-plugin/MenuInfoRegistryImpl/DefaultRuntimePlugin of DefaultRuntimePlugin [roughlyenoughitems]/"
[04:54:36] [main/TRACE] [REI] [REIServerPlugin END] Reloading Section: "reloadable-plugin/MenuInfoRegistryImpl/DefaultRuntimePlugin of DefaultRuntimePlugin [roughlyenoughitems]/" done in 28.53 μs
[04:54:36] [main/TRACE] [REI] [REIServerPlugin END] Reloading Section: "reloadable-plugin/MenuInfoRegistryImpl/AetherREIServerPlugin of AetherREIServerPlugin [aether]/"
[04:54:36] [main/TRACE] [REI] [REIServerPlugin END] Reloading Section: "reloadable-plugin/MenuInfoRegistryImpl/AetherREIServerPlugin of AetherREIServerPlugin [aether]/" done in 19.62 μs
[04:54:36] [main/TRACE] [REI] [REIServerPlugin END] Reloading Section: "reloadable-plugin/MenuInfoRegistryImpl/" done in 289.1 μs
[04:54:36] [main/TRACE] [REI] [REIServerPlugin END] Reloading Section: "reloadable-plugin/SlotAccessorRegistryImpl/"
[04:54:36] [main/TRACE] [REI] [REIServerPlugin END] Reloading Section: "reloadable-plugin/SlotAccessorRegistryImpl/DefaultPlugin of DefaultPlugin [roughlyenoughitems]/"
[04:54:36] [main/TRACE] [REI] [REIServerPlugin END] Reloading Section: "reloadable-plugin/SlotAccessorRegistryImpl/DefaultPlugin of DefaultPlugin [roughlyenoughitems]/" done in 44.54 μs
[04:54:36] [main/TRACE] [REI] [REIServerPlugin END] Reloading Section: "reloadable-plugin/SlotAccessorRegistryImpl/FabricFluidAPISupportPlugin/"
[04:54:36] [main/TRACE] [REI] [REIServerPlugin END] Reloading Section: "reloadable-plugin/SlotAccessorRegistryImpl/FabricFluidAPISupportPlugin/" done in 27.95 μs
[04:54:36] [main/TRACE] [REI] [REIServerPlugin END] Reloading Section: "reloadable-plugin/SlotAccessorRegistryImpl/DefaultRuntimePlugin of DefaultRuntimePlugin [roughlyenoughitems]/"
[04:54:36] [main/DEBUG] [REI] Added slot accessor serializer: me.shedaniel.rei.plugin.common.runtime.DefaultRuntimePlugin$1@175b0003 [roughlyenoughitems:vanilla]
[04:54:36] [main/DEBUG] [REI] Added slot accessor serializer: me.shedaniel.rei.plugin.common.runtime.DefaultRuntimePlugin$2@20b5647d [roughlyenoughitems:player]
[04:54:36] [main/TRACE] [REI] [REIServerPlugin END] Reloading Section: "reloadable-plugin/SlotAccessorRegistryImpl/DefaultRuntimePlugin of DefaultRuntimePlugin [roughlyenoughitems]/" done in 1.399 ms
[04:54:36] [main/TRACE] [REI] [REIServerPlugin END] Reloading Section: "reloadable-plugin/SlotAccessorRegistryImpl/AetherREIServerPlugin of AetherREIServerPlugin [aether]/"
[04:54:36] [main/TRACE] [REI] [REIServerPlugin END] Reloading Section: "reloadable-plugin/SlotAccessorRegistryImpl/AetherREIServerPlugin of AetherREIServerPlugin [aether]/" done in 37.43 μs
[04:54:36] [main/TRACE] [REI] [REIServerPlugin END] Reloading Section: "reloadable-plugin/SlotAccessorRegistryImpl/" done in 1.806 ms
[04:54:36] [main/DEBUG] [REI] ========================================
[04:54:36] [main/DEBUG] [REI] REIServerPlugin ending main-reload for END.
[04:54:36] [main/DEBUG] [REI] ========================================
[04:54:36] [main/TRACE] [REI] [REIServerPlugin END] Reloading Section: "end-reload/"
[04:54:36] [main/TRACE] [REI] [REIServerPlugin END] Reloading Section: "end-reload/MenuInfoRegistryImpl/"
[04:54:36] [main/DEBUG] [REI] Registered 0 menu infos
[04:54:36] [main/TRACE] [REI] [REIServerPlugin END] Reloading Section: "end-reload/MenuInfoRegistryImpl/" done in 79.57 μs
[04:54:36] [main/TRACE] [REI] [REIServerPlugin END] Reloading Section: "end-reload/SlotAccessorRegistryImpl/"
[04:54:36] [main/DEBUG] [REI] Registered 2 slot accessor serializers
[04:54:36] [main/TRACE] [REI] [REIServerPlugin END] Reloading Section: "end-reload/SlotAccessorRegistryImpl/" done in 62.24 μs
[04:54:36] [main/TRACE] [REI] [REIServerPlugin END] Reloading Section: "end-reload/" done in 272.3 μs
[04:54:36] [main/DEBUG] [REI] ========================================
[04:54:36] [main/DEBUG] [REI] REIServerPlugin ended main-reload for END in 4.120 ms.
[04:54:36] [main/DEBUG] [REI] ========================================
[04:54:36] [main/DEBUG] [REI] ========================================
[04:54:36] [main/DEBUG] [REI] REIPlugin starting post-reload for END.
[04:54:36] [main/DEBUG] [REI] Reloadables (7):
[04:54:36] [main/DEBUG] [REI]  - EntryTypeRegistryImpl
[04:54:36] [main/DEBUG] [REI]  - EntrySettingsAdapterRegistryImpl
[04:54:36] [main/DEBUG] [REI]  - RecipeManagerContextImpl
[04:54:36] [main/DEBUG] [REI]  - ItemComparatorRegistryImpl
[04:54:36] [main/DEBUG] [REI]  - FluidComparatorRegistryImpl
[04:54:36] [main/DEBUG] [REI]  - DisplaySerializerRegistryImpl
[04:54:36] [main/DEBUG] [REI]  - FluidSupportProviderImpl
[04:54:36] [main/DEBUG] [REI] Plugins (4):
[04:54:36] [main/DEBUG] [REI]  - (-100.00) DefaultPlugin of DefaultPlugin [roughlyenoughitems]
[04:54:36] [main/DEBUG] [REI]  - (0.00) FabricFluidAPISupportPlugin
[04:54:36] [main/DEBUG] [REI]  - (0.00) DefaultRuntimePlugin of DefaultRuntimePlugin [roughlyenoughitems]
[04:54:36] [main/DEBUG] [REI]  - (0.00) AetherREIServerPlugin of AetherREIServerPlugin [aether]
[04:54:36] [main/DEBUG] [REI] ========================================
[04:54:36] [main/TRACE] [REI] [REIPlugin END] Reloading Section: "post-register/"
[04:54:36] [main/TRACE] [REI] [REIPlugin END] Reloading Section: "post-register/DefaultPlugin of DefaultPlugin [roughlyenoughitems]/"
[04:54:36] [main/TRACE] [REI] [REIPlugin END] Reloading Section: "post-register/DefaultPlugin of DefaultPlugin [roughlyenoughitems]/" done in 31.44 μs
[04:54:36] [main/TRACE] [REI] [REIPlugin END] Reloading Section: "post-register/FabricFluidAPISupportPlugin/"
[04:54:36] [main/TRACE] [REI] [REIPlugin END] Reloading Section: "post-register/FabricFluidAPISupportPlugin/" done in 29.57 μs
[04:54:36] [main/TRACE] [REI] [REIPlugin END] Reloading Section: "post-register/DefaultRuntimePlugin of DefaultRuntimePlugin [roughlyenoughitems]/"
[04:54:36] [main/TRACE] [REI] [REIPlugin END] Reloading Section: "post-register/DefaultRuntimePlugin of DefaultRuntimePlugin [roughlyenoughitems]/" done in 28.46 μs
[04:54:36] [main/TRACE] [REI] [REIPlugin END] Reloading Section: "post-register/AetherREIServerPlugin of AetherREIServerPlugin [aether]/"
[04:54:36] [main/TRACE] [REI] [REIPlugin END] Reloading Section: "post-register/AetherREIServerPlugin of AetherREIServerPlugin [aether]/" done in 27.59 μs
[04:54:36] [main/TRACE] [REI] [REIPlugin END] Reloading Section: "post-register/" done in 354.6 μs
[04:54:36] [main/TRACE] [REI] [REIPlugin END] Reloading Section: "post-stage/"
[04:54:36] [main/TRACE] [REI] [REIPlugin END] Reloading Section: "post-stage/EntryTypeRegistryImpl/"
[04:54:36] [main/TRACE] [REI] [REIPlugin END] Reloading Section: "post-stage/EntryTypeRegistryImpl/" done in 26.10 μs
[04:54:36] [main/TRACE] [REI] [REIPlugin END] Reloading Section: "post-stage/EntrySettingsAdapterRegistryImpl/"
[04:54:36] [main/TRACE] [REI] [REIPlugin END] Reloading Section: "post-stage/EntrySettingsAdapterRegistryImpl/" done in 27.02 μs
[04:54:36] [main/TRACE] [REI] [REIPlugin END] Reloading Section: "post-stage/RecipeManagerContextImpl/"
[04:54:36] [main/TRACE] [REI] [REIPlugin END] Reloading Section: "post-stage/RecipeManagerContextImpl/" done in 27.51 μs
[04:54:36] [main/TRACE] [REI] [REIPlugin END] Reloading Section: "post-stage/ItemComparatorRegistryImpl/"
[04:54:36] [main/TRACE] [REI] [REIPlugin END] Reloading Section: "post-stage/ItemComparatorRegistryImpl/" done in 28.26 μs
[04:54:36] [main/TRACE] [REI] [REIPlugin END] Reloading Section: "post-stage/FluidComparatorRegistryImpl/"
[04:54:36] [main/TRACE] [REI] [REIPlugin END] Reloading Section: "post-stage/FluidComparatorRegistryImpl/" done in 34.82 μs
[04:54:36] [main/TRACE] [REI] [REIPlugin END] Reloading Section: "post-stage/DisplaySerializerRegistryImpl/"
[04:54:36] [main/TRACE] [REI] [REIPlugin END] Reloading Section: "post-stage/DisplaySerializerRegistryImpl/" done in 28.53 μs
[04:54:36] [main/TRACE] [REI] [REIPlugin END] Reloading Section: "post-stage/FluidSupportProviderImpl/"
[04:54:36] [main/TRACE] [REI] [REIPlugin END] Reloading Section: "post-stage/FluidSupportProviderImpl/" done in 26.49 μs
[04:54:36] [main/TRACE] [REI] [REIPlugin END] Reloading Section: "post-stage/" done in 584.9 μs
[04:54:36] [main/DEBUG] [REI] ========================================
[04:54:36] [main/INFO] [REI] REIPlugin finished post-reload for END in 1.019 ms, totaling 27.56 ms.
[04:54:36] [main/DEBUG] [REI] ========================================
[04:54:36] [main/DEBUG] [REI] ========================================
[04:54:36] [main/DEBUG] [REI] REIServerPlugin starting post-reload for END.
[04:54:36] [main/DEBUG] [REI] Reloadables (2):
[04:54:36] [main/DEBUG] [REI]  - MenuInfoRegistryImpl
[04:54:36] [main/DEBUG] [REI]  - SlotAccessorRegistryImpl
[04:54:36] [main/DEBUG] [REI] Plugins (4):
[04:54:36] [main/DEBUG] [REI]  - (-100.00) DefaultPlugin of DefaultPlugin [roughlyenoughitems]
[04:54:36] [main/DEBUG] [REI]  - (0.00) FabricFluidAPISupportPlugin
[04:54:36] [main/DEBUG] [REI]  - (0.00) DefaultRuntimePlugin of DefaultRuntimePlugin [roughlyenoughitems]
[04:54:36] [main/DEBUG] [REI]  - (0.00) AetherREIServerPlugin of AetherREIServerPlugin [aether]
[04:54:36] [main/DEBUG] [REI] ========================================
[04:54:36] [main/TRACE] [REI] [REIServerPlugin END] Reloading Section: "post-register/"
[04:54:36] [main/TRACE] [REI] [REIServerPlugin END] Reloading Section: "post-register/DefaultPlugin of DefaultPlugin [roughlyenoughitems]/"
[04:54:36] [main/TRACE] [REI] [REIServerPlugin END] Reloading Section: "post-register/DefaultPlugin of DefaultPlugin [roughlyenoughitems]/" done in 30.44 μs
[04:54:36] [main/TRACE] [REI] [REIServerPlugin END] Reloading Section: "post-register/FabricFluidAPISupportPlugin/"
[04:54:36] [main/TRACE] [REI] [REIServerPlugin END] Reloading Section: "post-register/FabricFluidAPISupportPlugin/" done in 28.41 μs
[04:54:36] [main/TRACE] [REI] [REIServerPlugin END] Reloading Section: "post-register/DefaultRuntimePlugin of DefaultRuntimePlugin [roughlyenoughitems]/"
[04:54:36] [main/TRACE] [REI] [REIServerPlugin END] Reloading Section: "post-register/DefaultRuntimePlugin of DefaultRuntimePlugin [roughlyenoughitems]/" done in 27.11 μs
[04:54:36] [main/TRACE] [REI] [REIServerPlugin END] Reloading Section: "post-register/AetherREIServerPlugin of AetherREIServerPlugin [aether]/"
[04:54:36] [main/TRACE] [REI] [REIServerPlugin END] Reloading Section: "post-register/AetherREIServerPlugin of AetherREIServerPlugin [aether]/" done in 30.59 μs
[04:54:36] [main/TRACE] [REI] [REIServerPlugin END] Reloading Section: "post-register/" done in 357.8 μs
[04:54:36] [main/TRACE] [REI] [REIServerPlugin END] Reloading Section: "post-stage/"
[04:54:36] [main/TRACE] [REI] [REIServerPlugin END] Reloading Section: "post-stage/MenuInfoRegistryImpl/"
[04:54:36] [main/TRACE] [REI] [REIServerPlugin END] Reloading Section: "post-stage/MenuInfoRegistryImpl/" done in 26.61 μs
[04:54:36] [main/TRACE] [REI] [REIServerPlugin END] Reloading Section: "post-stage/SlotAccessorRegistryImpl/"
[04:54:36] [main/TRACE] [REI] [REIServerPlugin END] Reloading Section: "post-stage/SlotAccessorRegistryImpl/" done in 25.75 μs
[04:54:36] [main/TRACE] [REI] [REIServerPlugin END] Reloading Section: "post-stage/" done in 161.7 μs
[04:54:36] [main/DEBUG] [REI] ========================================
[04:54:36] [main/INFO] [REI] REIServerPlugin finished post-reload for END in 617.5 μs, totaling 5.666 ms.
[04:54:36] [main/DEBUG] [REI] ========================================
